2019-05-29 14:47:02,832 INFO Car0 (0, 0)-1.60-0.00 SLEEP "Initialize car..."
2019-05-29 14:47:02,833 INFO Car0 (0, 0)-1.60-0.00 WAIT "Initialize successfully."
2019-05-29 14:47:02,833 INFO Car0 (0, 0)-1.60-0.00 MOVING "Move to plant[0, 0]."
2019-05-29 14:47:06,779 INFO Car0 (0, 0)-1.60-0.34 MOVING "Turn to plant[0, 0]."
2019-05-29 14:47:09,929 INFO Car0 (0, 0)-1.60-0.34 WORKING-IRRIGATE "Execute irrigation mission."
2019-05-29 14:47:22,067 INFO Car0 (0, 0)-1.60-0.34 MOVING "Turn back from plant[0, 0]."
2019-05-29 14:47:24,774 INFO Car0 (0, 0)-1.60-0.34 MOVING "Move to plant[0, 1]."
2019-05-29 14:47:32,131 INFO Car0 (0, 1)-1.59-1.04 MOVING "Turn to plant[0, 1]."
2019-05-29 14:47:34,895 INFO Car0 (0, 1)-1.59-1.04 WORKING-IRRIGATE "Execute irrigation mission."
2019-05-29 14:47:49,099 INFO Car0 (0, 1)-1.59-1.04 MOVING "Turn back from plant[0, 1]."
2019-05-29 14:47:51,616 INFO Car0 (0, 1)-1.59-1.04 MOVING "Move to plant[0, 2]."
2019-05-29 14:48:02,419 INFO Car0 (0, 2)-1.59-2.06 MOVING "Turn to plant[0, 2]."
2019-05-29 14:48:05,322 INFO Car0 (0, 2)-1.59-2.06 WORKING-IRRIGATE "Execute irrigation mission."
2019-05-29 14:48:15,388 INFO Car0 (0, 2)-1.59-2.06 MOVING "Turn back from plant[0, 2]."
2019-05-29 14:48:18,452 INFO Car0 (0, 2)-1.58-2.06 MOVING "Move to plant[0, 3]."
2019-05-29 14:48:32,459 INFO Car0 (0, 3)-1.58-3.36 MOVING "Turn to plant[0, 3]."
2019-05-29 14:48:35,580 INFO Car0 (0, 3)-1.58-3.36 WORKING-IRRIGATE "Execute irrigation mission."
2019-05-29 14:48:46,468 INFO Car0 (0, 3)-1.58-3.36 MOVING "Turn back from plant[0, 3]."
2019-05-29 14:48:48,931 INFO Car0 (0, 3)-1.58-3.36 MOVING "Move to plant[0, 4]."
2019-05-29 14:49:05,450 INFO Car0 (0, 4)-1.57-4.98 MOVING "Turn to plant[0, 4]."
2019-05-29 14:49:08,018 INFO Car0 (0, 4)-1.57-4.98 WORKING-IRRIGATE "Execute irrigation mission."
2019-05-29 14:49:17,998 INFO Car0 (0, 4)-1.57-4.98 MOVING "Turn back from plant[0, 4]."
2019-05-29 14:49:20,687 INFO Car0 (0, 4)-1.57-4.98 MOVING "Back to the entrance of ravine[0]."
2019-05-29 14:49:21,579 INFO Car0 (0, 0)-1.57-4.98 MOVING "Turn to the ravine channel."
2019-05-29 14:49:24,565 INFO Car0 (0, 0)-1.57-4.98 MOVING "Move to ravine[1]."
2019-05-29 14:49:32,689 INFO Car0 (1, 0)-1.56-5.71 MOVING "Turn into ravine[1]."
2019-05-29 14:49:35,724 INFO Car0 (1, 0)-1.56-5.71 MOVING "Move to plant[1, 0]."
2019-05-29 14:49:39,865 INFO Car0 (1, 0)-1.56-6.01 MOVING "Turn to plant[1, 0]."
2019-05-29 14:49:42,747 INFO Car0 (1, 0)-1.56-6.01 WORKING-IRRIGATE "Execute irrigation mission."
2019-05-29 14:49:50,033 INFO Car0 (1, 0)-1.56-6.01 MOVING "Turn back from plant[1, 0]."
2019-05-29 14:49:52,476 INFO Car0 (1, 0)-1.56-6.01 MOVING "Move to plant[1, 1]."
2019-05-29 14:50:00,096 INFO Car0 (1, 1)-1.55-6.69 MOVING "Turn to plant[1, 1]."
2019-05-29 14:50:02,329 INFO Car0 (1, 1)-1.55-6.69 WORKING-IRRIGATE "Execute irrigation mission."
2019-05-29 14:50:11,513 INFO Car0 (1, 1)-1.55-6.69 MOVING "Turn back from plant[1, 1]."
2019-05-29 14:50:14,323 INFO Car0 (1, 1)-1.55-6.69 MOVING "Move to plant[1, 2]."
2019-05-29 14:50:25,986 INFO Car0 (1, 2)-1.55-7.74 MOVING "Turn to plant[1, 2]."
2019-05-29 14:50:28,949 INFO Car0 (1, 2)-1.55-7.74 WORKING-IRRIGATE "Execute irrigation mission."
2019-05-29 14:50:39,732 INFO Car0 (1, 2)-1.55-7.74 MOVING "Turn back from plant[1, 2]."
2019-05-29 14:50:42,732 INFO Car0 (1, 2)-1.55-7.74 MOVING "Move to plant[1, 3]."
2019-05-29 14:50:56,463 INFO Car0 (1, 3)-1.54-9.06 MOVING "Turn to plant[1, 3]."
2019-05-29 14:50:59,389 INFO Car0 (1, 3)-1.54-9.06 WORKING-IRRIGATE "Execute irrigation mission."
2019-05-29 14:51:05,661 INFO Car0 (1, 3)-1.54-9.06 MOVING "Turn back from plant[1, 3]."
2019-05-29 14:51:08,844 INFO Car0 (1, 3)-1.54-9.06 MOVING "Move to plant[1, 4]."
2019-05-29 14:51:25,156 INFO Car0 (1, 4)-1.53-10.66 MOVING "Turn to plant[1, 4]."
2019-05-29 14:51:27,820 INFO Car0 (1, 4)-1.53-10.66 WORKING-IRRIGATE "Execute irrigation mission."
2019-05-29 14:51:36,764 INFO Car0 (1, 4)-1.53-10.66 MOVING "Turn back from plant[1, 4]."
2019-05-29 14:51:39,287 INFO Car0 (1, 4)-1.53-10.66 MOVING "Back to the entrance of ravine[1]."
2019-05-29 14:51:40,110 INFO Car0 (1, 0)-1.53-10.66 MOVING "Turn to the ravine channel."
2019-05-29 14:51:42,795 INFO Car0 (1, 0)-1.53-10.66 MOVING "Move to ravine[2]."
2019-05-29 14:51:57,042 INFO Car0 (2, 0)-1.52-12.01 MOVING "Turn into ravine[2]."
2019-05-29 14:51:59,993 INFO Car0 (2, 0)-1.52-12.01 MOVING "Move to plant[2, 0]."
2019-05-29 14:52:04,359 INFO Car0 (2, 0)-1.52-12.34 MOVING "Turn to plant[2, 0]."
2019-05-29 14:52:06,868 INFO Car0 (2, 0)-1.52-12.34 WORKING-IRRIGATE "Execute irrigation mission."
2019-05-29 14:52:14,142 INFO Car0 (2, 0)-1.52-12.34 MOVING "Turn back from plant[2, 0]."
2019-05-29 14:52:17,003 INFO Car0 (2, 0)-1.51-12.34 MOVING "Move to plant[2, 1]."
2019-05-29 14:52:24,916 INFO Car0 (2, 1)-1.51-13.02 MOVING "Turn to plant[2, 1]."
2019-05-29 14:52:28,012 INFO Car0 (2, 1)-1.51-13.02 WORKING-IRRIGATE "Execute irrigation mission."
2019-05-29 14:52:37,781 INFO Car0 (2, 1)-1.51-13.02 MOVING "Turn back from plant[2, 1]."
2019-05-29 14:52:40,827 INFO Car0 (2, 1)-1.51-13.02 MOVING "Move to plant[2, 2]."
2019-05-29 14:52:52,872 INFO Car0 (2, 2)-1.50-14.12 MOVING "Turn to plant[2, 2]."
2019-05-29 14:52:56,017 INFO Car0 (2, 2)-1.50-14.12 WORKING-IRRIGATE "Execute irrigation mission."
2019-05-29 14:53:06,928 INFO Car0 (2, 2)-1.50-14.12 MOVING "Turn back from plant[2, 2]."
2019-05-29 14:53:09,637 INFO Car0 (2, 2)-1.50-14.12 MOVING "Move to plant[2, 3]."
2019-05-29 14:53:23,421 INFO Car0 (2, 3)-1.50-15.39 MOVING "Turn to plant[2, 3]."
2019-05-29 14:53:26,549 INFO Car0 (2, 3)-1.50-15.39 WORKING-IRRIGATE "Execute irrigation mission."
2019-05-29 14:53:37,182 INFO Car0 (2, 3)-1.50-15.39 MOVING "Turn back from plant[2, 3]."
2019-05-29 14:53:40,017 INFO Car0 (2, 3)-1.49-15.39 MOVING "Move to plant[2, 4]."
2019-05-29 14:53:56,517 INFO Car0 (2, 4)-1.49-16.97 MOVING "Turn to plant[2, 4]."
2019-05-29 14:53:59,317 INFO Car0 (2, 4)-1.49-16.97 WORKING-IRRIGATE "Execute irrigation mission."
2019-05-29 14:54:06,597 INFO Car0 (2, 4)-1.49-16.97 MOVING "Turn back from plant[2, 4]."
2019-05-29 14:54:09,298 INFO Car0 (2, 4)-1.48-16.97 MOVING "Back to the entrance of ravine[2]."
2019-05-29 14:54:09,877 INFO Car0 (2, 0)-1.48-16.97 MOVING "Turn to the ravine channel."
2019-05-29 14:54:12,207 INFO Car0 (2, 0)-1.48-16.97 MOVING "Move to ravine[3]."
2019-05-29 14:54:32,588 INFO Car0 (3, 0)-1.47-18.89 MOVING "Turn into ravine[3]."
2019-05-29 14:54:35,727 WARNING Car0 (3, 0)-1.47-18.89 MOVING "Low battery! Need charging."
2019-05-29 14:54:35,727 INFO Car0 (3, 0)-1.47-18.89 MOVING "Move to plant[3, 0]."
2019-05-29 14:54:39,200 INFO Car0 (3, 0)-1.47-19.20 MOVING "Turn to plant[3, 0]."
2019-05-29 14:54:41,491 INFO Car0 (3, 0)-1.47-19.20 WORKING-IRRIGATE "Execute irrigation mission."
2019-05-29 14:54:48,475 INFO Car0 (3, 0)-1.47-19.20 MOVING "Turn back from plant[3, 0]."
2019-05-29 14:54:51,351 INFO Car0 (3, 0)-1.47-19.20 MOVING "Move to plant[3, 1]."
2019-05-29 14:54:59,341 INFO Car0 (3, 1)-1.47-19.92 MOVING "Turn to plant[3, 1]."
2019-05-29 14:55:01,971 INFO Car0 (3, 1)-1.47-19.92 WORKING-IRRIGATE "Execute irrigation mission."
2019-05-29 14:55:08,384 INFO Car0 (3, 1)-1.47-19.92 MOVING "Turn back from plant[3, 1]."
2019-05-29 14:55:10,656 INFO Car0 (3, 1)-1.46-19.92 MOVING "Move to plant[3, 2]."
2019-05-29 14:55:21,794 INFO Car0 (3, 2)-1.46-20.98 MOVING "Turn to plant[3, 2]."
2019-05-29 14:55:24,966 INFO Car0 (3, 2)-1.46-20.98 WORKING-IRRIGATE "Execute irrigation mission."
2019-05-29 14:55:37,713 INFO Car0 (3, 2)-1.46-20.98 MOVING "Turn back from plant[3, 2]."
2019-05-29 14:55:40,474 INFO Car0 (3, 2)-1.46-20.98 MOVING "Move to plant[3, 3]."
2019-05-29 14:55:53,446 INFO Car0 (3, 3)-1.45-22.24 MOVING "Turn to plant[3, 3]."
2019-05-29 14:55:55,708 INFO Car0 (3, 3)-1.45-22.24 WORKING-IRRIGATE "Execute irrigation mission."
2019-05-29 14:56:08,861 INFO Car0 (3, 3)-1.45-22.24 MOVING "Turn back from plant[3, 3]."
2019-05-29 14:56:11,852 INFO Car0 (3, 3)-1.45-22.24 MOVING "Move to plant[3, 4]."
2019-05-29 14:56:28,409 INFO Car0 (3, 4)-1.44-23.85 MOVING "Turn to plant[3, 4]."
2019-05-29 14:56:31,170 INFO Car0 (3, 4)-1.44-23.85 WORKING-IRRIGATE "Execute irrigation mission."
2019-05-29 14:56:40,383 INFO Car0 (3, 4)-1.44-23.85 MOVING "Turn back from plant[3, 4]."
2019-05-29 14:56:42,659 INFO Car0 (3, 4)-1.44-23.85 MOVING "Back to the entrance of ravine[3]."
2019-05-29 14:56:43,699 INFO Car0 (3, 0)-1.44-23.85 MOVING "Turn to the ravine channel."
2019-05-29 14:56:46,034 INFO Car0 (3, 0)-1.44-23.85 MOVING "Move to ravine[4]."
2019-05-29 14:57:11,686 INFO Car0 (4, 0)-1.43-26.32 MOVING "Turn into ravine[4]."
2019-05-29 14:57:13,968 WARNING Car0 (4, 0)-1.43-26.32 MOVING "Low battery! Need charging."
2019-05-29 14:57:13,968 INFO Car0 (4, 0)-1.43-26.32 MOVING "Move to plant[4, 0]."
2019-05-29 14:57:18,030 INFO Car0 (4, 0)-1.42-26.64 MOVING "Turn to plant[4, 0]."
2019-05-29 14:57:21,030 INFO Car0 (4, 0)-1.42-26.64 WORKING-IRRIGATE "Execute irrigation mission."
2019-05-29 14:57:33,214 INFO Car0 (4, 0)-1.42-26.64 MOVING "Turn back from plant[4, 0]."
2019-05-29 14:57:35,644 INFO Car0 (4, 0)-1.42-26.64 MOVING "Move to plant[4, 1]."
2019-05-29 14:57:43,321 INFO Car0 (4, 1)-1.42-27.33 MOVING "Turn to plant[4, 1]."
2019-05-29 14:57:45,862 INFO Car0 (4, 1)-1.42-27.33 WORKING-IRRIGATE "Execute irrigation mission."
2019-05-29 14:57:58,945 INFO Car0 (4, 1)-1.42-27.33 MOVING "Turn back from plant[4, 1]."
2019-05-29 14:58:02,097 INFO Car0 (4, 1)-1.42-27.33 MOVING "Move to plant[4, 2]."
2019-05-29 14:58:13,943 INFO Car0 (4, 2)-1.41-28.41 MOVING "Turn to plant[4, 2]."
2019-05-29 14:58:16,624 INFO Car0 (4, 2)-1.41-28.41 WORKING-IRRIGATE "Execute irrigation mission."
2019-05-29 14:58:24,283 INFO Car0 (4, 2)-1.41-28.41 MOVING "Turn back from plant[4, 2]."
2019-05-29 14:58:26,534 INFO Car0 (4, 2)-1.41-28.41 MOVING "Move to plant[4, 3]."
2019-05-29 14:58:40,068 INFO Car0 (4, 3)-1.40-29.70 MOVING "Turn to plant[4, 3]."
2019-05-29 14:58:42,806 INFO Car0 (4, 3)-1.40-29.70 WORKING-IRRIGATE "Execute irrigation mission."
2019-05-29 14:58:53,628 INFO Car0 (4, 3)-1.40-29.70 MOVING "Turn back from plant[4, 3]."
2019-05-29 14:58:56,336 INFO Car0 (4, 3)-1.40-29.70 MOVING "Move to plant[4, 4]."
2019-05-29 14:59:12,765 INFO Car0 (4, 4)-1.39-31.30 MOVING "Turn to plant[4, 4]."
2019-05-29 14:59:15,063 INFO Car0 (4, 4)-1.39-31.30 WORKING-IRRIGATE "Execute irrigation mission."
2019-05-29 14:59:22,912 INFO Car0 (4, 4)-1.39-31.30 MOVING "Turn back from plant[4, 4]."
2019-05-29 14:59:26,109 INFO Car0 (4, 4)-1.39-31.30 MOVING "Back to the entrance of ravine[4]."
2019-05-29 14:59:26,827 INFO Car0 (4, 0)-1.39-31.30 MOVING "Turn to the ravine channel."
2019-05-29 14:59:29,520 INFO Car0 (4, 0)-1.39-31.30 MOVING "Back to ravine[0]."
2019-05-29 14:59:31,936 INFO Car0 (0, 0)-1.39-31.45 MOVING "Turn into ravine[0]."
2019-05-29 14:59:34,438 WARNING Car0 (0, 0)-1.39-31.45 MOVING "Low battery! Need charging."
2019-05-29 14:59:34,438 INFO Car0 (0, 0)-1.39-31.45 MOVING "Move to plant[0, 0]."
2019-05-29 14:59:38,197 INFO Car0 (0, 0)-1.39-31.79 MOVING "Turn to plant[0, 0]."
2019-05-29 14:59:40,413 INFO Car0 (0, 0)-1.39-31.79 WORKING-IRRIGATE "Execute irrigation mission."
2019-05-29 14:59:54,344 INFO Car0 (0, 0)-1.39-31.79 MOVING "Turn back from plant[0, 0]."
2019-05-29 14:59:57,492 INFO Car0 (0, 0)-1.39-31.79 MOVING "Move to plant[0, 1]."
2019-05-29 15:00:05,257 INFO Car0 (0, 1)-1.38-32.49 MOVING "Turn to plant[0, 1]."
2019-05-29 15:00:08,271 INFO Car0 (0, 1)-1.38-32.49 WORKING-IRRIGATE "Execute irrigation mission."
2019-05-29 15:00:17,523 INFO Car0 (0, 1)-1.38-32.49 MOVING "Turn back from plant[0, 1]."
2019-05-29 15:00:20,709 INFO Car0 (0, 1)-1.38-32.49 MOVING "Move to plant[0, 2]."
2019-05-29 15:00:31,625 INFO Car0 (0, 2)-1.37-33.51 MOVING "Turn to plant[0, 2]."
2019-05-29 15:00:34,386 INFO Car0 (0, 2)-1.37-33.51 WORKING-IRRIGATE "Execute irrigation mission."
2019-05-29 15:00:40,377 INFO Car0 (0, 2)-1.37-33.51 MOVING "Turn back from plant[0, 2]."
2019-05-29 15:00:43,097 INFO Car0 (0, 2)-1.37-33.51 MOVING "Move to plant[0, 3]."
2019-05-29 15:00:57,130 INFO Car0 (0, 3)-1.37-34.81 MOVING "Turn to plant[0, 3]."
2019-05-29 15:01:00,158 INFO Car0 (0, 3)-1.37-34.81 WORKING-IRRIGATE "Execute irrigation mission."
2019-05-29 15:01:11,223 INFO Car0 (0, 3)-1.37-34.81 MOVING "Turn back from plant[0, 3]."
2019-05-29 15:01:14,367 INFO Car0 (0, 3)-1.36-34.81 MOVING "Move to plant[0, 4]."
2019-05-29 15:01:31,485 INFO Car0 (0, 4)-1.36-36.43 MOVING "Turn to plant[0, 4]."
2019-05-29 15:01:34,038 INFO Car0 (0, 4)-1.36-36.43 WORKING-IRRIGATE "Execute irrigation mission."
2019-05-29 15:01:45,241 INFO Car0 (0, 4)-1.36-36.43 MOVING "Turn back from plant[0, 4]."
2019-05-29 15:01:47,685 INFO Car0 (0, 4)-1.35-36.43 MOVING "Back to the entrance of ravine[0]."
2019-05-29 15:01:48,468 INFO Car0 (0, 0)-1.35-36.43 MOVING "Turn to the ravine channel."
2019-05-29 15:01:51,491 INFO Car0 (0, 0)-1.35-36.43 MOVING "Move to ravine[1]."
2019-05-29 15:01:59,467 INFO Car0 (1, 0)-1.35-37.16 MOVING "Turn into ravine[1]."
2019-05-29 15:02:02,359 WARNING Car0 (1, 0)-1.35-37.16 MOVING "Low battery! Need charging."
2019-05-29 15:02:02,360 INFO Car0 (1, 0)-1.35-37.16 MOVING "Move to plant[1, 0]."
2019-05-29 15:02:06,060 INFO Car0 (1, 0)-1.35-37.46 MOVING "Turn to plant[1, 0]."
2019-05-29 15:02:08,898 INFO Car0 (1, 0)-1.35-37.46 WORKING-IRRIGATE "Execute irrigation mission."
2019-05-29 15:02:16,371 INFO Car0 (1, 0)-1.35-37.46 MOVING "Turn back from plant[1, 0]."
2019-05-29 15:02:19,081 INFO Car0 (1, 0)-1.35-37.46 MOVING "Move to plant[1, 1]."
2019-05-29 15:02:26,347 INFO Car0 (1, 1)-1.34-38.14 MOVING "Turn to plant[1, 1]."
2019-05-29 15:02:29,173 INFO Car0 (1, 1)-1.34-38.14 WORKING-IRRIGATE "Execute irrigation mission."
2019-05-29 15:02:37,344 INFO Car0 (1, 1)-1.34-38.14 MOVING "Turn back from plant[1, 1]."
2019-05-29 15:02:40,265 INFO Car0 (1, 1)-1.34-38.14 MOVING "Move to plant[1, 2]."
2019-05-29 15:02:51,495 INFO Car0 (1, 2)-1.34-39.19 MOVING "Turn to plant[1, 2]."
2019-05-29 15:02:54,559 INFO Car0 (1, 2)-1.33-39.19 WORKING-IRRIGATE "Execute irrigation mission."
2019-05-29 15:03:04,377 INFO Car0 (1, 2)-1.33-39.19 MOVING "Turn back from plant[1, 2]."
2019-05-29 15:03:07,564 INFO Car0 (1, 2)-1.33-39.19 MOVING "Move to plant[1, 3]."
2019-05-29 15:03:21,509 INFO Car0 (1, 3)-1.33-40.51 MOVING "Turn to plant[1, 3]."
2019-05-29 15:03:24,404 INFO Car0 (1, 3)-1.33-40.51 WORKING-IRRIGATE "Execute irrigation mission."
2019-05-29 15:03:39,233 INFO Car0 (1, 3)-1.33-40.51 MOVING "Turn back from plant[1, 3]."
2019-05-29 15:03:41,465 INFO Car0 (1, 3)-1.33-40.51 MOVING "Move to plant[1, 4]."
2019-05-29 15:03:58,222 INFO Car0 (1, 4)-1.32-42.11 MOVING "Turn to plant[1, 4]."
2019-05-29 15:04:01,195 INFO Car0 (1, 4)-1.32-42.11 WORKING-IRRIGATE "Execute irrigation mission."
2019-05-29 15:04:08,766 INFO Car0 (1, 4)-1.32-42.11 MOVING "Turn back from plant[1, 4]."
2019-05-29 15:04:11,618 INFO Car0 (1, 4)-1.32-42.11 MOVING "Back to the entrance of ravine[1]."
2019-05-29 15:04:12,234 INFO Car0 (1, 0)-1.32-42.11 MOVING "Turn to the ravine channel."
2019-05-29 15:04:15,117 INFO Car0 (1, 0)-1.31-42.11 MOVING "Move to ravine[2]."
2019-05-29 15:04:29,149 INFO Car0 (2, 0)-1.31-43.46 MOVING "Turn into ravine[2]."
2019-05-29 15:04:32,198 WARNING Car0 (2, 0)-1.31-43.46 MOVING "Low battery! Need charging."
2019-05-29 15:04:32,199 INFO Car0 (2, 0)-1.31-43.46 MOVING "Move to plant[2, 0]."
2019-05-29 15:04:36,288 INFO Car0 (2, 0)-1.31-43.79 MOVING "Turn to plant[2, 0]."
2019-05-29 15:04:38,575 INFO Car0 (2, 0)-1.30-43.79 WORKING-IRRIGATE "Execute irrigation mission."
2019-05-29 15:04:46,827 INFO Car0 (2, 0)-1.30-43.79 MOVING "Turn back from plant[2, 0]."
2019-05-29 15:04:49,220 INFO Car0 (2, 0)-1.30-43.79 MOVING "Move to plant[2, 1]."
2019-05-29 15:04:56,575 INFO Car0 (2, 1)-1.30-44.47 MOVING "Turn to plant[2, 1]."
2019-05-29 15:04:59,062 INFO Car0 (2, 1)-1.30-44.47 WORKING-IRRIGATE "Execute irrigation mission."
2019-05-29 15:05:12,837 INFO Car0 (2, 1)-1.30-44.47 MOVING "Turn back from plant[2, 1]."
2019-05-29 15:05:15,619 INFO Car0 (2, 1)-1.30-44.47 MOVING "Move to plant[2, 2]."
2019-05-29 15:05:27,227 INFO Car0 (2, 2)-1.29-45.57 MOVING "Turn to plant[2, 2]."
2019-05-29 15:05:29,806 INFO Car0 (2, 2)-1.29-45.57 WORKING-IRRIGATE "Execute irrigation mission."
2019-05-29 15:05:43,005 INFO Car0 (2, 2)-1.29-45.57 MOVING "Turn back from plant[2, 2]."
2019-05-29 15:05:45,565 INFO Car0 (2, 2)-1.29-45.57 MOVING "Move to plant[2, 3]."
2019-05-29 15:05:58,544 INFO Car0 (2, 3)-1.28-46.84 MOVING "Turn to plant[2, 3]."
2019-05-29 15:06:01,533 INFO Car0 (2, 3)-1.28-46.84 WORKING-IRRIGATE "Execute irrigation mission."
2019-05-29 15:06:10,720 INFO Car0 (2, 3)-1.28-46.84 MOVING "Turn back from plant[2, 3]."
2019-05-29 15:06:13,516 INFO Car0 (2, 3)-1.28-46.84 MOVING "Move to plant[2, 4]."
2019-05-29 15:06:30,428 INFO Car0 (2, 4)-1.28-48.42 MOVING "Turn to plant[2, 4]."
2019-05-29 15:06:33,039 INFO Car0 (2, 4)-1.27-48.42 WORKING-IRRIGATE "Execute irrigation mission."
2019-05-29 15:06:40,407 INFO Car0 (2, 4)-1.27-48.42 MOVING "Turn back from plant[2, 4]."
2019-05-29 15:06:43,107 INFO Car0 (2, 4)-1.27-48.42 MOVING "Back to the entrance of ravine[2]."
2019-05-29 15:06:43,489 INFO Car0 (2, 0)-1.27-48.42 MOVING "Turn to the ravine channel."
2019-05-29 15:06:45,965 INFO Car0 (2, 0)-1.27-48.42 MOVING "Move to ravine[3]."
2019-05-29 15:07:06,251 INFO Car0 (3, 0)-1.26-50.34 MOVING "Turn into ravine[3]."
2019-05-29 15:07:08,855 WARNING Car0 (3, 0)-1.26-50.34 MOVING "Low battery! Need charging."
2019-05-29 15:07:08,856 INFO Car0 (3, 0)-1.26-50.34 MOVING "Move to plant[3, 0]."
2019-05-29 15:07:12,187 INFO Car0 (3, 0)-1.26-50.65 MOVING "Turn to plant[3, 0]."
2019-05-29 15:07:14,411 INFO Car0 (3, 0)-1.26-50.65 WORKING-IRRIGATE "Execute irrigation mission."
2019-05-29 15:07:23,440 INFO Car0 (3, 0)-1.26-50.65 MOVING "Turn back from plant[3, 0]."
2019-05-29 15:07:25,702 INFO Car0 (3, 0)-1.26-50.65 MOVING "Move to plant[3, 1]."
2019-05-29 15:07:33,485 INFO Car0 (3, 1)-1.25-51.37 MOVING "Turn to plant[3, 1]."
2019-05-29 15:07:35,773 INFO Car0 (3, 1)-1.25-51.37 WORKING-IRRIGATE "Execute irrigation mission."
2019-05-29 15:07:40,860 INFO Car0 (3, 1)-1.25-51.37 MOVING "Turn back from plant[3, 1]."
2019-05-29 15:07:44,042 INFO Car0 (3, 1)-1.25-51.37 MOVING "Move to plant[3, 2]."
2019-05-29 15:07:55,511 INFO Car0 (3, 2)-1.25-52.43 MOVING "Turn to plant[3, 2]."
2019-05-29 15:07:58,463 INFO Car0 (3, 2)-1.25-52.43 WORKING-IRRIGATE "Execute irrigation mission."
2019-05-29 15:08:06,681 INFO Car0 (3, 2)-1.25-52.43 MOVING "Turn back from plant[3, 2]."
2019-05-29 15:08:09,051 INFO Car0 (3, 2)-1.25-52.43 MOVING "Move to plant[3, 3]."
2019-05-29 15:08:22,138 INFO Car0 (3, 3)-1.24-53.69 MOVING "Turn to plant[3, 3]."
2019-05-29 15:08:25,217 INFO Car0 (3, 3)-1.24-53.69 WORKING-IRRIGATE "Execute irrigation mission."
2019-05-29 15:08:40,074 INFO Car0 (3, 3)-1.24-53.69 MOVING "Turn back from plant[3, 3]."
2019-05-29 15:08:43,057 INFO Car0 (3, 3)-1.24-53.69 MOVING "Move to plant[3, 4]."
2019-05-29 15:08:59,462 INFO Car0 (3, 4)-1.23-55.30 MOVING "Turn to plant[3, 4]."
2019-05-29 15:09:01,720 INFO Car0 (3, 4)-1.23-55.30 WORKING-IRRIGATE "Execute irrigation mission."
2019-05-29 15:09:15,576 INFO Car0 (3, 4)-1.23-55.30 MOVING "Turn back from plant[3, 4]."
2019-05-29 15:09:18,418 INFO Car0 (3, 4)-1.23-55.30 MOVING "Back to the entrance of ravine[3]."
2019-05-29 15:09:18,715 INFO Car0 (3, 0)-1.23-55.30 MOVING "Turn to the ravine channel."
2019-05-29 15:09:21,394 INFO Car0 (3, 0)-1.23-55.30 MOVING "Move to ravine[4]."
2019-05-29 15:09:46,318 INFO Car0 (4, 0)-1.21-57.77 MOVING "Turn into ravine[4]."
2019-05-29 15:09:49,487 WARNING Car0 (4, 0)-1.21-57.77 MOVING "Low battery! Need charging."
2019-05-29 15:09:49,488 INFO Car0 (4, 0)-1.21-57.77 MOVING "Move to plant[4, 0]."
2019-05-29 15:09:53,145 INFO Car0 (4, 0)-1.21-58.09 MOVING "Turn to plant[4, 0]."
2019-05-29 15:09:56,003 INFO Car0 (4, 0)-1.21-58.09 WORKING-IRRIGATE "Execute irrigation mission."
2019-05-29 15:10:05,927 INFO Car0 (4, 0)-1.21-58.09 MOVING "Turn back from plant[4, 0]."
2019-05-29 15:10:08,156 INFO Car0 (4, 0)-1.21-58.09 MOVING "Move to plant[4, 1]."
2019-05-29 15:10:16,154 INFO Car0 (4, 1)-1.21-58.78 MOVING "Turn to plant[4, 1]."
2019-05-29 15:10:18,425 INFO Car0 (4, 1)-1.21-58.78 WORKING-IRRIGATE "Execute irrigation mission."
2019-05-29 15:10:26,806 INFO Car0 (4, 1)-1.21-58.78 MOVING "Turn back from plant[4, 1]."
2019-05-29 15:10:29,204 INFO Car0 (4, 1)-1.21-58.78 MOVING "Move to plant[4, 2]."
2019-05-29 15:10:40,280 INFO Car0 (4, 2)-1.20-59.86 MOVING "Turn to plant[4, 2]."
2019-05-29 15:10:42,652 INFO Car0 (4, 2)-1.20-59.86 WORKING-IRRIGATE "Execute irrigation mission."
2019-05-29 15:10:55,778 INFO Car0 (4, 2)-1.20-59.86 MOVING "Turn back from plant[4, 2]."
2019-05-29 15:10:58,782 INFO Car0 (4, 2)-1.20-59.86 MOVING "Move to plant[4, 3]."
2019-05-29 15:11:12,441 INFO Car0 (4, 3)-1.19-61.15 MOVING "Turn to plant[4, 3]."
2019-05-29 15:11:15,094 INFO Car0 (4, 3)-1.19-61.15 WORKING-IRRIGATE "Execute irrigation mission."
2019-05-29 15:11:22,442 INFO Car0 (4, 3)-1.19-61.15 MOVING "Turn back from plant[4, 3]."
2019-05-29 15:11:25,176 INFO Car0 (4, 3)-1.19-61.15 MOVING "Move to plant[4, 4]."
2019-05-29 15:11:41,809 INFO Car0 (4, 4)-1.18-62.75 MOVING "Turn to plant[4, 4]."
2019-05-29 15:11:44,144 INFO Car0 (4, 4)-1.18-62.75 WORKING-IRRIGATE "Execute irrigation mission."
2019-05-29 15:11:54,309 INFO Car0 (4, 4)-1.18-62.75 MOVING "Turn back from plant[4, 4]."
2019-05-29 15:11:56,778 INFO Car0 (4, 4)-1.18-62.75 MOVING "Back to the entrance of ravine[4]."
2019-05-29 15:11:57,948 INFO Car0 (4, 0)-1.18-62.75 MOVING "Turn to the ravine channel."
2019-05-29 15:12:00,789 INFO Car0 (4, 0)-1.18-62.75 MOVING "Back to ravine[0]."
2019-05-29 15:12:02,645 INFO Car0 (0, 0)-1.18-62.90 MOVING "Turn into ravine[0]."
2019-05-29 15:12:05,621 WARNING Car0 (0, 0)-1.18-62.90 MOVING "Low battery! Need charging."
2019-05-29 15:12:05,622 INFO Car0 (0, 0)-1.18-62.90 MOVING "Move to plant[0, 0]."
2019-05-29 15:12:09,835 INFO Car0 (0, 0)-1.18-63.24 MOVING "Turn to plant[0, 0]."
2019-05-29 15:12:12,519 INFO Car0 (0, 0)-1.17-63.24 WORKING-IRRIGATE "Execute irrigation mission."
2019-05-29 15:12:17,661 INFO Car0 (0, 0)-1.17-63.24 MOVING "Turn back from plant[0, 0]."
2019-05-29 15:12:20,191 INFO Car0 (0, 0)-1.17-63.24 MOVING "Move to plant[0, 1]."
2019-05-29 15:12:28,289 INFO Car0 (0, 1)-1.17-63.94 MOVING "Turn to plant[0, 1]."
2019-05-29 15:12:31,409 INFO Car0 (0, 1)-1.17-63.94 WORKING-IRRIGATE "Execute irrigation mission."
2019-05-29 15:12:44,818 INFO Car0 (0, 1)-1.17-63.94 MOVING "Turn back from plant[0, 1]."
2019-05-29 15:12:47,833 INFO Car0 (0, 1)-1.17-63.94 MOVING "Move to plant[0, 2]."
2019-05-29 15:12:58,966 INFO Car0 (0, 2)-1.16-64.96 MOVING "Turn to plant[0, 2]."
2019-05-29 15:13:01,233 INFO Car0 (0, 2)-1.16-64.96 WORKING-IRRIGATE "Execute irrigation mission."
2019-05-29 15:13:12,617 INFO Car0 (0, 2)-1.16-64.96 MOVING "Turn back from plant[0, 2]."
2019-05-29 15:13:15,247 INFO Car0 (0, 2)-1.16-64.96 MOVING "Move to plant[0, 3]."
2019-05-29 15:13:29,332 INFO Car0 (0, 3)-1.16-66.26 MOVING "Turn to plant[0, 3]."
2019-05-29 15:13:32,527 INFO Car0 (0, 3)-1.15-66.26 WORKING-IRRIGATE "Execute irrigation mission."
2019-05-29 15:13:45,839 INFO Car0 (0, 3)-1.15-66.26 MOVING "Turn back from plant[0, 3]."
2019-05-29 15:13:48,640 INFO Car0 (0, 3)-1.15-66.26 MOVING "Move to plant[0, 4]."
2019-05-29 15:14:05,169 INFO Car0 (0, 4)-1.15-67.88 MOVING "Turn to plant[0, 4]."
2019-05-29 15:14:07,552 INFO Car0 (0, 4)-1.14-67.88 WORKING-IRRIGATE "Execute irrigation mission."
2019-05-29 15:14:19,455 INFO Car0 (0, 4)-1.14-67.88 MOVING "Turn back from plant[0, 4]."
2019-05-29 15:14:22,411 INFO Car0 (0, 4)-1.14-67.88 MOVING "Back to the entrance of ravine[0]."
2019-05-29 15:14:23,340 INFO Car0 (0, 0)-1.14-67.88 MOVING "Turn to the ravine channel."
2019-05-29 15:14:25,620 INFO Car0 (0, 0)-1.14-67.88 MOVING "Move to ravine[1]."
2019-05-29 15:14:34,008 INFO Car0 (1, 0)-1.14-68.61 MOVING "Turn into ravine[1]."
2019-05-29 15:14:36,542 WARNING Car0 (1, 0)-1.14-68.61 MOVING "Low battery! Need charging."
2019-05-29 15:14:36,545 INFO Car0 (1, 0)-1.14-68.61 MOVING "Move to plant[1, 0]."
2019-05-29 15:14:40,018 INFO Car0 (1, 0)-1.14-68.91 MOVING "Turn to plant[1, 0]."
2019-05-29 15:14:43,100 INFO Car0 (1, 0)-1.14-68.91 WORKING-IRRIGATE "Execute irrigation mission."
2019-05-29 15:14:53,510 INFO Car0 (1, 0)-1.14-68.91 MOVING "Turn back from plant[1, 0]."
2019-05-29 15:14:56,672 INFO Car0 (1, 0)-1.13-68.91 MOVING "Move to plant[1, 1]."
2019-05-29 15:15:04,379 INFO Car0 (1, 1)-1.13-69.59 MOVING "Turn to plant[1, 1]."
2019-05-29 15:15:07,478 INFO Car0 (1, 1)-1.13-69.59 WORKING-IRRIGATE "Execute irrigation mission."
2019-05-29 15:15:14,834 INFO Car0 (1, 1)-1.13-69.59 MOVING "Turn back from plant[1, 1]."
2019-05-29 15:15:17,710 INFO Car0 (1, 1)-1.13-69.59 MOVING "Move to plant[1, 2]."
2019-05-29 15:15:29,280 INFO Car0 (1, 2)-1.12-70.64 MOVING "Turn to plant[1, 2]."
2019-05-29 15:15:31,953 INFO Car0 (1, 2)-1.12-70.64 WORKING-IRRIGATE "Execute irrigation mission."
2019-05-29 15:15:46,732 INFO Car0 (1, 2)-1.12-70.64 MOVING "Turn back from plant[1, 2]."
2019-05-29 15:15:49,313 INFO Car0 (1, 2)-1.12-70.64 MOVING "Move to plant[1, 3]."
2019-05-29 15:16:02,748 INFO Car0 (1, 3)-1.12-71.96 MOVING "Turn to plant[1, 3]."
2019-05-29 15:16:05,396 INFO Car0 (1, 3)-1.12-71.96 WORKING-IRRIGATE "Execute irrigation mission."
2019-05-29 15:16:11,398 INFO Car0 (1, 3)-1.12-71.96 MOVING "Turn back from plant[1, 3]."
2019-05-29 15:16:13,801 INFO Car0 (1, 3)-1.11-71.96 MOVING "Move to plant[1, 4]."
2019-05-29 15:16:30,867 INFO Car0 (1, 4)-1.11-73.56 MOVING "Turn to plant[1, 4]."
2019-05-29 15:16:33,285 INFO Car0 (1, 4)-1.11-73.56 WORKING-IRRIGATE "Execute irrigation mission."
2019-05-29 15:16:43,687 INFO Car0 (1, 4)-1.11-73.56 MOVING "Turn back from plant[1, 4]."
2019-05-29 15:16:46,869 INFO Car0 (1, 4)-1.10-73.56 MOVING "Back to the entrance of ravine[1]."
2019-05-29 15:16:47,465 INFO Car0 (1, 0)-1.10-73.56 MOVING "Turn to the ravine channel."
2019-05-29 15:16:50,327 INFO Car0 (1, 0)-1.10-73.56 MOVING "Move to ravine[2]."
2019-05-29 15:17:04,997 INFO Car0 (2, 0)-1.10-74.91 MOVING "Turn into ravine[2]."
2019-05-29 15:17:07,849 WARNING Car0 (2, 0)-1.10-74.91 MOVING "Low battery! Need charging."
2019-05-29 15:17:07,849 INFO Car0 (2, 0)-1.10-74.91 MOVING "Move to plant[2, 0]."
2019-05-29 15:17:11,509 INFO Car0 (2, 0)-1.09-75.24 MOVING "Turn to plant[2, 0]."
2019-05-29 15:17:14,550 INFO Car0 (2, 0)-1.09-75.24 WORKING-IRRIGATE "Execute irrigation mission."
2019-05-29 15:17:21,894 INFO Car0 (2, 0)-1.09-75.24 MOVING "Turn back from plant[2, 0]."
2019-05-29 15:17:25,007 INFO Car0 (2, 0)-1.09-75.24 MOVING "Move to plant[2, 1]."
2019-05-29 15:17:32,610 INFO Car0 (2, 1)-1.09-75.92 MOVING "Turn to plant[2, 1]."
2019-05-29 15:17:35,049 INFO Car0 (2, 1)-1.09-75.92 WORKING-IRRIGATE "Execute irrigation mission."
2019-05-29 15:17:43,638 INFO Car0 (2, 1)-1.09-75.92 MOVING "Turn back from plant[2, 1]."
2019-05-29 15:17:46,407 INFO Car0 (2, 1)-1.09-75.92 MOVING "Move to plant[2, 2]."
2019-05-29 15:17:57,866 INFO Car0 (2, 2)-1.08-77.02 MOVING "Turn to plant[2, 2]."
2019-05-29 15:18:00,566 INFO Car0 (2, 2)-1.08-77.02 WORKING-IRRIGATE "Execute irrigation mission."
2019-05-29 15:18:09,649 INFO Car0 (2, 2)-1.08-77.02 MOVING "Turn back from plant[2, 2]."
2019-05-29 15:18:11,950 INFO Car0 (2, 2)-1.08-77.02 MOVING "Move to plant[2, 3]."
2019-05-29 15:18:25,172 INFO Car0 (2, 3)-1.07-78.29 MOVING "Turn to plant[2, 3]."
2019-05-29 15:18:28,139 INFO Car0 (2, 3)-1.07-78.29 WORKING-IRRIGATE "Execute irrigation mission."
2019-05-29 15:18:35,309 INFO Car0 (2, 3)-1.07-78.29 MOVING "Turn back from plant[2, 3]."
2019-05-29 15:18:37,839 INFO Car0 (2, 3)-1.07-78.29 MOVING "Move to plant[2, 4]."
2019-05-29 15:18:54,432 INFO Car0 (2, 4)-1.06-79.87 MOVING "Turn to plant[2, 4]."
2019-05-29 15:18:57,173 INFO Car0 (2, 4)-1.06-79.87 WORKING-IRRIGATE "Execute irrigation mission."
2019-05-29 15:19:10,375 INFO Car0 (2, 4)-1.06-79.87 MOVING "Turn back from plant[2, 4]."
2019-05-29 15:19:13,503 INFO Car0 (2, 4)-1.06-79.87 MOVING "Back to the entrance of ravine[2]."
2019-05-29 15:19:14,019 INFO Car0 (2, 0)-1.06-79.87 MOVING "Turn to the ravine channel."
2019-05-29 15:19:16,317 INFO Car0 (2, 0)-1.06-79.87 MOVING "Move to ravine[3]."
2019-05-29 15:19:36,418 INFO Car0 (3, 0)-1.05-81.79 MOVING "Turn into ravine[3]."
2019-05-29 15:19:39,365 WARNING Car0 (3, 0)-1.05-81.79 MOVING "Low battery! Need charging."
2019-05-29 15:19:39,365 INFO Car0 (3, 0)-1.05-81.79 MOVING "Move to plant[3, 0]."
2019-05-29 15:19:43,496 INFO Car0 (3, 0)-1.05-82.10 MOVING "Turn to plant[3, 0]."
2019-05-29 15:19:46,587 INFO Car0 (3, 0)-1.05-82.10 WORKING-IRRIGATE "Execute irrigation mission."
2019-05-29 15:20:00,532 INFO Car0 (3, 0)-1.05-82.10 MOVING "Turn back from plant[3, 0]."
2019-05-29 15:20:03,229 INFO Car0 (3, 0)-1.05-82.10 MOVING "Move to plant[3, 1]."
2019-05-29 15:20:11,099 INFO Car0 (3, 1)-1.04-82.82 MOVING "Turn to plant[3, 1]."
2019-05-29 15:20:14,016 INFO Car0 (3, 1)-1.04-82.82 WORKING-IRRIGATE "Execute irrigation mission."
2019-05-29 15:20:26,541 INFO Car0 (3, 1)-1.04-82.82 MOVING "Turn back from plant[3, 1]."
2019-05-29 15:20:29,612 INFO Car0 (3, 1)-1.04-82.82 MOVING "Move to plant[3, 2]."
2019-05-29 15:20:41,376 INFO Car0 (3, 2)-1.04-83.88 MOVING "Turn to plant[3, 2]."
2019-05-29 15:20:44,034 INFO Car0 (3, 2)-1.04-83.88 WORKING-IRRIGATE "Execute irrigation mission."
2019-05-29 15:20:55,619 INFO Car0 (3, 2)-1.04-83.88 MOVING "Turn back from plant[3, 2]."
2019-05-29 15:20:57,875 INFO Car0 (3, 2)-1.03-83.88 MOVING "Move to plant[3, 3]."
2019-05-29 15:21:11,551 INFO Car0 (3, 3)-1.03-85.14 MOVING "Turn to plant[3, 3]."
2019-05-29 15:21:13,774 INFO Car0 (3, 3)-1.03-85.14 WORKING-IRRIGATE "Execute irrigation mission."
2019-05-29 15:21:22,392 INFO Car0 (3, 3)-1.03-85.14 MOVING "Turn back from plant[3, 3]."
2019-05-29 15:21:24,730 INFO Car0 (3, 3)-1.03-85.14 MOVING "Move to plant[3, 4]."
2019-05-29 15:21:41,423 INFO Car0 (3, 4)-1.02-86.75 MOVING "Turn to plant[3, 4]."
2019-05-29 15:21:44,213 INFO Car0 (3, 4)-1.02-86.75 WORKING-IRRIGATE "Execute irrigation mission."
2019-05-29 15:21:50,355 INFO Car0 (3, 4)-1.02-86.75 MOVING "Turn back from plant[3, 4]."
2019-05-29 15:21:52,876 INFO Car0 (3, 4)-1.02-86.75 MOVING "Back to the entrance of ravine[3]."
2019-05-29 15:21:54,006 INFO Car0 (3, 0)-1.02-86.75 MOVING "Turn to the ravine channel."
2019-05-29 15:21:56,386 INFO Car0 (3, 0)-1.02-86.75 MOVING "Move to ravine[4]."
2019-05-29 15:22:21,554 INFO Car0 (4, 0)-1.00-89.22 MOVING "Turn into ravine[4]."
2019-05-29 15:22:24,389 WARNING Car0 (4, 0)-1.00-89.22 MOVING "Low battery! Need charging."
2019-05-29 15:22:24,390 INFO Car0 (4, 0)-1.00-89.22 MOVING "Move to plant[4, 0]."
2019-05-29 15:22:28,149 INFO Car0 (4, 0)-1.00-89.54 MOVING "Turn to plant[4, 0]."
2019-05-29 15:22:31,088 INFO Car0 (4, 0)-1.00-89.54 WORKING-IRRIGATE "Execute irrigation mission."
2019-05-29 15:22:37,303 INFO Car0 (4, 0)-1.00-89.54 MOVING "Turn back from plant[4, 0]."
2019-05-29 15:22:40,114 INFO Car0 (4, 0)-1.00-89.54 MOVING "Move to plant[4, 1]."
2019-05-29 15:22:47,309 INFO Car0 (4, 1)-1.00-90.23 MOVING "Turn to plant[4, 1]."
2019-05-29 15:22:50,423 INFO Car0 (4, 1)-0.99-90.23 WORKING-IRRIGATE "Execute irrigation mission."
2019-05-29 15:23:00,242 INFO Car0 (4, 1)-0.99-90.23 MOVING "Turn back from plant[4, 1]."
2019-05-29 15:23:03,089 INFO Car0 (4, 1)-0.99-90.23 MOVING "Move to plant[4, 2]."
2019-05-29 15:23:14,529 INFO Car0 (4, 2)-0.99-91.31 MOVING "Turn to plant[4, 2]."
2019-05-29 15:23:16,808 INFO Car0 (4, 2)-0.99-91.31 WORKING-IRRIGATE "Execute irrigation mission."
2019-05-29 15:23:25,195 INFO Car0 (4, 2)-0.99-91.31 MOVING "Turn back from plant[4, 2]."
2019-05-29 15:23:27,827 INFO Car0 (4, 2)-0.99-91.31 MOVING "Move to plant[4, 3]."
2019-05-29 15:23:41,829 INFO Car0 (4, 3)-0.98-92.60 MOVING "Turn to plant[4, 3]."
2019-05-29 15:23:44,757 INFO Car0 (4, 3)-0.98-92.60 WORKING-IRRIGATE "Execute irrigation mission."
2019-05-29 15:23:51,999 INFO Car0 (4, 3)-0.98-92.60 MOVING "Turn back from plant[4, 3]."
2019-05-29 15:23:54,853 INFO Car0 (4, 3)-0.98-92.60 MOVING "Move to plant[4, 4]."
2019-05-29 15:24:11,648 INFO Car0 (4, 4)-0.97-94.20 MOVING "Turn to plant[4, 4]."
2019-05-29 15:24:14,843 INFO Car0 (4, 4)-0.97-94.20 WORKING-IRRIGATE "Execute irrigation mission."
2019-05-29 15:24:27,168 INFO Car0 (4, 4)-0.97-94.20 MOVING "Turn back from plant[4, 4]."
2019-05-29 15:24:29,543 INFO Car0 (4, 4)-0.97-94.20 MOVING "Back to the entrance of ravine[4]."
2019-05-29 15:24:30,145 INFO Car0 (4, 0)-0.97-94.20 MOVING "Turn to the ravine channel."
2019-05-29 15:24:32,912 INFO Car0 (4, 0)-0.97-94.20 MOVING "Back to ravine[0]."
2019-05-29 15:24:35,320 INFO Car0 (0, 0)-0.97-94.35 MOVING "Turn into ravine[0]."
2019-05-29 15:24:37,914 WARNING Car0 (0, 0)-0.97-94.35 MOVING "Low battery! Need charging."
2019-05-29 15:24:38,089 ERROR Car0 (0, 0)-0.97-94.35 HANG_UP "Battery runs out."
