2019-06-29 15:15:44,765 INFO Car0 (0, 0)-7.80-0.00 SLEEP "Initialize car..."
2019-06-29 15:15:44,765 INFO Car0 (0, 0)-7.80-0.00 WAIT "Initialize successfully."
2019-06-29 15:15:44,765 INFO Car0 (0, 0)-7.80-0.00 MOVING "Move to plant[0, 0]."
2019-06-29 15:15:49,331 INFO Car0 (0, 0)-7.80-0.34 MOVING "Turn to plant[0, 0]."
2019-06-29 15:15:52,184 INFO Car0 (0, 0)-7.79-0.34 WORKING-IRRIGATE "Execute irrigation mission."
2019-06-29 15:16:03,592 INFO Car0 (0, 0)-7.79-0.34 MOVING "Turn back from plant[0, 0]."
2019-06-29 15:16:06,509 INFO Car0 (0, 0)-7.78-0.34 MOVING "Move to plant[0, 1]."
2019-06-29 15:16:14,697 INFO Car0 (0, 1)-7.77-1.04 MOVING "Turn to plant[0, 1]."
2019-06-29 15:16:17,837 INFO Car0 (0, 1)-7.76-1.04 WORKING-IRRIGATE "Execute irrigation mission."
2019-06-29 15:16:23,935 INFO Car0 (0, 1)-7.76-1.04 MOVING "Turn back from plant[0, 1]."
2019-06-29 15:16:26,689 INFO Car0 (0, 1)-7.75-1.04 MOVING "Move to plant[0, 2]."
2019-06-29 15:16:37,247 INFO Car0 (0, 2)-7.74-2.06 MOVING "Turn to plant[0, 2]."
2019-06-29 15:16:39,692 INFO Car0 (0, 2)-7.73-2.06 WORKING-IRRIGATE "Execute irrigation mission."
2019-06-29 15:16:45,453 INFO Car0 (0, 2)-7.73-2.06 MOVING "Turn back from plant[0, 2]."
2019-06-29 15:16:48,452 INFO Car0 (0, 2)-7.73-2.06 MOVING "Move to plant[0, 3]."
2019-06-29 15:17:02,477 INFO Car0 (0, 3)-7.71-3.36 MOVING "Turn to plant[0, 3]."
2019-06-29 15:17:05,453 INFO Car0 (0, 3)-7.70-3.36 WORKING-IRRIGATE "Execute irrigation mission."
2019-06-29 15:17:13,653 INFO Car0 (0, 3)-7.70-3.36 MOVING "Turn back from plant[0, 3]."
2019-06-29 15:17:16,588 INFO Car0 (0, 3)-7.69-3.36 MOVING "Move to plant[0, 4]."
2019-06-29 15:17:33,032 INFO Car0 (0, 4)-7.68-4.98 MOVING "Turn to plant[0, 4]."
2019-06-29 15:17:35,237 INFO Car0 (0, 4)-7.67-4.98 WORKING-IRRIGATE "Execute irrigation mission."
2019-06-29 15:17:48,801 INFO Car0 (0, 4)-7.67-4.98 MOVING "Turn back from plant[0, 4]."
2019-06-29 15:17:51,151 INFO Car0 (0, 4)-7.66-4.98 MOVING "Back to the entrance of ravine[0]."
2019-06-29 15:17:51,597 INFO Car0 (0, 0)-7.66-4.98 MOVING "Turn to the ravine channel."
2019-06-29 15:17:54,325 INFO Car0 (0, 0)-7.65-4.98 MOVING "Move to ravine[1]."
2019-06-29 15:18:02,184 INFO Car0 (1, 0)-7.64-5.71 MOVING "Turn into ravine[1]."
2019-06-29 15:18:05,217 INFO Car0 (1, 0)-7.63-5.71 MOVING "Move to plant[1, 0]."
2019-06-29 15:18:08,438 INFO Car0 (1, 0)-7.63-6.01 MOVING "Turn to plant[1, 0]."
2019-06-29 15:18:11,035 INFO Car0 (1, 0)-7.62-6.01 WORKING-IRRIGATE "Execute irrigation mission."
2019-06-29 15:18:18,188 INFO Car0 (1, 0)-7.62-6.01 MOVING "Turn back from plant[1, 0]."
2019-06-29 15:18:21,391 INFO Car0 (1, 0)-7.61-6.01 MOVING "Move to plant[1, 1]."
2019-06-29 15:18:29,061 INFO Car0 (1, 1)-7.61-6.69 MOVING "Turn to plant[1, 1]."
2019-06-29 15:18:32,053 INFO Car0 (1, 1)-7.60-6.69 WORKING-IRRIGATE "Execute irrigation mission."
2019-06-29 15:18:44,480 INFO Car0 (1, 1)-7.60-6.69 MOVING "Turn back from plant[1, 1]."
2019-06-29 15:18:47,309 INFO Car0 (1, 1)-7.59-6.69 MOVING "Move to plant[1, 2]."
2019-06-29 15:18:58,773 INFO Car0 (1, 2)-7.58-7.74 MOVING "Turn to plant[1, 2]."
2019-06-29 15:19:01,816 INFO Car0 (1, 2)-7.57-7.74 WORKING-IRRIGATE "Execute irrigation mission."
2019-06-29 15:19:09,338 INFO Car0 (1, 2)-7.57-7.74 MOVING "Turn back from plant[1, 2]."
2019-06-29 15:19:11,935 INFO Car0 (1, 2)-7.56-7.74 MOVING "Move to plant[1, 3]."
2019-06-29 15:19:26,181 INFO Car0 (1, 3)-7.55-9.06 MOVING "Turn to plant[1, 3]."
2019-06-29 15:19:29,024 INFO Car0 (1, 3)-7.54-9.06 WORKING-IRRIGATE "Execute irrigation mission."
2019-06-29 15:19:41,635 INFO Car0 (1, 3)-7.54-9.06 MOVING "Turn back from plant[1, 3]."
2019-06-29 15:19:44,679 INFO Car0 (1, 3)-7.53-9.06 MOVING "Move to plant[1, 4]."
2019-06-29 15:20:01,006 INFO Car0 (1, 4)-7.51-10.66 MOVING "Turn to plant[1, 4]."
2019-06-29 15:20:03,422 INFO Car0 (1, 4)-7.50-10.66 WORKING-IRRIGATE "Execute irrigation mission."
2019-06-29 15:20:12,647 INFO Car0 (1, 4)-7.50-10.66 MOVING "Turn back from plant[1, 4]."
2019-06-29 15:20:14,988 INFO Car0 (1, 4)-7.50-10.66 MOVING "Back to the entrance of ravine[1]."
2019-06-29 15:20:15,736 INFO Car0 (1, 0)-7.50-10.66 MOVING "Turn to the ravine channel."
2019-06-29 15:20:18,818 INFO Car0 (1, 0)-7.49-10.66 MOVING "Move to ravine[2]."
2019-06-29 15:20:32,596 INFO Car0 (2, 0)-7.47-12.01 MOVING "Turn into ravine[2]."
2019-06-29 15:20:35,179 INFO Car0 (2, 0)-7.46-12.01 MOVING "Move to plant[2, 0]."
2019-06-29 15:20:39,566 INFO Car0 (2, 0)-7.46-12.34 MOVING "Turn to plant[2, 0]."
2019-06-29 15:20:41,810 INFO Car0 (2, 0)-7.45-12.34 WORKING-IRRIGATE "Execute irrigation mission."
2019-06-29 15:20:49,921 INFO Car0 (2, 0)-7.45-12.34 MOVING "Turn back from plant[2, 0]."
2019-06-29 15:20:53,113 INFO Car0 (2, 0)-7.44-12.34 MOVING "Move to plant[2, 1]."
2019-06-29 15:21:00,171 INFO Car0 (2, 1)-7.44-13.02 MOVING "Turn to plant[2, 1]."
2019-06-29 15:21:03,170 INFO Car0 (2, 1)-7.43-13.02 WORKING-IRRIGATE "Execute irrigation mission."
2019-06-29 15:21:12,646 INFO Car0 (2, 1)-7.43-13.02 MOVING "Turn back from plant[2, 1]."
2019-06-29 15:21:15,033 INFO Car0 (2, 1)-7.42-13.02 MOVING "Move to plant[2, 2]."
2019-06-29 15:21:26,463 INFO Car0 (2, 2)-7.41-14.12 MOVING "Turn to plant[2, 2]."
2019-06-29 15:21:28,670 INFO Car0 (2, 2)-7.40-14.12 WORKING-IRRIGATE "Execute irrigation mission."
2019-06-29 15:21:34,236 INFO Car0 (2, 2)-7.40-14.12 MOVING "Turn back from plant[2, 2]."
2019-06-29 15:21:36,828 INFO Car0 (2, 2)-7.39-14.12 MOVING "Move to plant[2, 3]."
2019-06-29 15:21:50,256 INFO Car0 (2, 3)-7.38-15.39 MOVING "Turn to plant[2, 3]."
2019-06-29 15:21:52,766 INFO Car0 (2, 3)-7.37-15.39 WORKING-IRRIGATE "Execute irrigation mission."
2019-06-29 15:22:03,710 INFO Car0 (2, 3)-7.37-15.39 MOVING "Turn back from plant[2, 3]."
2019-06-29 15:22:06,057 INFO Car0 (2, 3)-7.36-15.39 MOVING "Move to plant[2, 4]."
2019-06-29 15:22:23,028 INFO Car0 (2, 4)-7.34-16.97 MOVING "Turn to plant[2, 4]."
2019-06-29 15:22:25,944 INFO Car0 (2, 4)-7.33-16.97 WORKING-IRRIGATE "Execute irrigation mission."
2019-06-29 15:22:32,425 INFO Car0 (2, 4)-7.33-16.97 MOVING "Turn back from plant[2, 4]."
2019-06-29 15:22:34,898 INFO Car0 (2, 4)-7.32-16.97 MOVING "Back to the entrance of ravine[2]."
2019-06-29 15:22:35,426 INFO Car0 (2, 0)-7.32-16.97 MOVING "Turn to the ravine channel."
2019-06-29 15:22:38,313 INFO Car0 (2, 0)-7.32-16.97 MOVING "Move to ravine[3]."
2019-06-29 15:22:57,730 INFO Car0 (3, 0)-7.30-18.89 MOVING "Turn into ravine[3]."
2019-06-29 15:23:00,566 INFO Car0 (3, 0)-7.29-18.89 MOVING "Move to plant[3, 0]."
2019-06-29 15:23:03,949 INFO Car0 (3, 0)-7.28-19.20 MOVING "Turn to plant[3, 0]."
2019-06-29 15:23:07,017 INFO Car0 (3, 0)-7.27-19.20 WORKING-IRRIGATE "Execute irrigation mission."
2019-06-29 15:23:13,771 INFO Car0 (3, 0)-7.27-19.20 MOVING "Turn back from plant[3, 0]."
2019-06-29 15:23:16,197 INFO Car0 (3, 0)-7.27-19.20 MOVING "Move to plant[3, 1]."
2019-06-29 15:23:24,487 INFO Car0 (3, 1)-7.26-19.92 MOVING "Turn to plant[3, 1]."
2019-06-29 15:23:27,015 INFO Car0 (3, 1)-7.25-19.92 WORKING-IRRIGATE "Execute irrigation mission."
2019-06-29 15:23:33,320 INFO Car0 (3, 1)-7.25-19.92 MOVING "Turn back from plant[3, 1]."
2019-06-29 15:23:36,022 INFO Car0 (3, 1)-7.24-19.92 MOVING "Move to plant[3, 2]."
2019-06-29 15:23:47,036 INFO Car0 (3, 2)-7.23-20.98 MOVING "Turn to plant[3, 2]."
2019-06-29 15:23:49,742 INFO Car0 (3, 2)-7.22-20.98 WORKING-IRRIGATE "Execute irrigation mission."
2019-06-29 15:23:56,320 INFO Car0 (3, 2)-7.22-20.98 MOVING "Turn back from plant[3, 2]."
2019-06-29 15:23:59,291 INFO Car0 (3, 2)-7.21-20.98 MOVING "Move to plant[3, 3]."
2019-06-29 15:24:12,218 INFO Car0 (3, 3)-7.20-22.24 MOVING "Turn to plant[3, 3]."
2019-06-29 15:24:15,393 INFO Car0 (3, 3)-7.19-22.24 WORKING-IRRIGATE "Execute irrigation mission."
2019-06-29 15:24:24,214 INFO Car0 (3, 3)-7.19-22.24 MOVING "Turn back from plant[3, 3]."
2019-06-29 15:24:26,533 INFO Car0 (3, 3)-7.18-22.24 MOVING "Move to plant[3, 4]."
2019-06-29 15:24:42,912 INFO Car0 (3, 4)-7.17-23.85 MOVING "Turn to plant[3, 4]."
2019-06-29 15:24:45,762 INFO Car0 (3, 4)-7.16-23.85 WORKING-IRRIGATE "Execute irrigation mission."
2019-06-29 15:24:58,804 INFO Car0 (3, 4)-7.16-23.85 MOVING "Turn back from plant[3, 4]."
2019-06-29 15:25:01,975 INFO Car0 (3, 4)-7.15-23.85 MOVING "Back to the entrance of ravine[3]."
2019-06-29 15:25:02,259 INFO Car0 (3, 0)-7.15-23.85 MOVING "Turn to the ravine channel."
2019-06-29 15:25:05,324 INFO Car0 (3, 0)-7.14-23.85 MOVING "Move to ravine[4]."
2019-06-29 15:25:30,269 INFO Car0 (4, 0)-7.11-26.32 MOVING "Turn into ravine[4]."
2019-06-29 15:25:33,434 INFO Car0 (4, 0)-7.10-26.32 MOVING "Move to plant[4, 0]."
2019-06-29 15:25:37,499 INFO Car0 (4, 0)-7.10-26.64 MOVING "Turn to plant[4, 0]."
2019-06-29 15:25:40,095 INFO Car0 (4, 0)-7.09-26.64 WORKING-IRRIGATE "Execute irrigation mission."
2019-06-29 15:25:52,944 INFO Car0 (4, 0)-7.09-26.64 MOVING "Turn back from plant[4, 0]."
2019-06-29 15:25:55,646 INFO Car0 (4, 0)-7.08-26.64 MOVING "Move to plant[4, 1]."
2019-06-29 15:26:03,599 INFO Car0 (4, 1)-7.08-27.33 MOVING "Turn to plant[4, 1]."
2019-06-29 15:26:06,173 INFO Car0 (4, 1)-7.07-27.33 WORKING-IRRIGATE "Execute irrigation mission."
2019-06-29 15:26:12,686 INFO Car0 (4, 1)-7.07-27.33 MOVING "Turn back from plant[4, 1]."
2019-06-29 15:26:15,723 INFO Car0 (4, 1)-7.06-27.33 MOVING "Move to plant[4, 2]."
2019-06-29 15:26:27,701 INFO Car0 (4, 2)-7.05-28.41 MOVING "Turn to plant[4, 2]."
2019-06-29 15:26:29,985 INFO Car0 (4, 2)-7.04-28.41 WORKING-IRRIGATE "Execute irrigation mission."
2019-06-29 15:26:38,165 INFO Car0 (4, 2)-7.04-28.41 MOVING "Turn back from plant[4, 2]."
2019-06-29 15:26:40,758 INFO Car0 (4, 2)-7.03-28.41 MOVING "Move to plant[4, 3]."
2019-06-29 15:26:53,979 INFO Car0 (4, 3)-7.02-29.70 MOVING "Turn to plant[4, 3]."
2019-06-29 15:26:56,973 INFO Car0 (4, 3)-7.01-29.70 WORKING-IRRIGATE "Execute irrigation mission."
2019-06-29 15:27:05,463 INFO Car0 (4, 3)-7.01-29.70 MOVING "Turn back from plant[4, 3]."
2019-06-29 15:27:08,549 INFO Car0 (4, 3)-7.00-29.70 MOVING "Move to plant[4, 4]."
2019-06-29 15:27:25,271 INFO Car0 (4, 4)-6.98-31.30 MOVING "Turn to plant[4, 4]."
2019-06-29 15:27:28,066 INFO Car0 (4, 4)-6.97-31.30 WORKING-IRRIGATE "Execute irrigation mission."
2019-06-29 15:27:36,486 INFO Car0 (4, 4)-6.97-31.30 MOVING "Turn back from plant[4, 4]."
2019-06-29 15:27:39,244 INFO Car0 (4, 4)-6.96-31.30 MOVING "Back to the entrance of ravine[4]."
2019-06-29 15:27:39,928 INFO Car0 (4, 0)-6.96-31.30 MOVING "Turn to the ravine channel."
2019-06-29 15:27:42,955 INFO Car0 (4, 0)-6.96-31.30 MOVING "Back to ravine[0]."
2019-06-29 15:27:45,241 INFO Car0 (0, 0)-6.95-31.45 MOVING "Turn into ravine[0]."
2019-06-29 15:27:48,244 INFO Car0 (0, 0)-6.95-31.45 MOVING "Move to plant[0, 0]."
2019-06-29 15:27:52,711 INFO Car0 (0, 0)-6.94-31.79 MOVING "Turn to plant[0, 0]."
2019-06-29 15:27:54,980 INFO Car0 (0, 0)-6.93-31.79 WORKING-IRRIGATE "Execute irrigation mission."
2019-06-29 15:28:04,113 INFO Car0 (0, 0)-6.93-31.79 MOVING "Turn back from plant[0, 0]."
2019-06-29 15:28:06,867 INFO Car0 (0, 0)-6.92-31.79 MOVING "Move to plant[0, 1]."
2019-06-29 15:28:14,914 INFO Car0 (0, 1)-6.92-32.49 MOVING "Turn to plant[0, 1]."
2019-06-29 15:28:18,031 INFO Car0 (0, 1)-6.91-32.49 WORKING-IRRIGATE "Execute irrigation mission."
2019-06-29 15:28:30,978 INFO Car0 (0, 1)-6.91-32.49 MOVING "Turn back from plant[0, 1]."
2019-06-29 15:28:33,352 INFO Car0 (0, 1)-6.90-32.49 MOVING "Move to plant[0, 2]."
2019-06-29 15:28:44,529 INFO Car0 (0, 2)-6.89-33.51 MOVING "Turn to plant[0, 2]."
2019-06-29 15:28:47,585 INFO Car0 (0, 2)-6.88-33.51 WORKING-IRRIGATE "Execute irrigation mission."
2019-06-29 15:29:01,998 INFO Car0 (0, 2)-6.88-33.51 MOVING "Turn back from plant[0, 2]."
2019-06-29 15:29:04,837 INFO Car0 (0, 2)-6.87-33.51 MOVING "Move to plant[0, 3]."
2019-06-29 15:29:18,585 INFO Car0 (0, 3)-6.86-34.81 MOVING "Turn to plant[0, 3]."
2019-06-29 15:29:21,750 INFO Car0 (0, 3)-6.85-34.81 WORKING-IRRIGATE "Execute irrigation mission."
2019-06-29 15:29:35,239 INFO Car0 (0, 3)-6.85-34.81 MOVING "Turn back from plant[0, 3]."
2019-06-29 15:29:37,558 INFO Car0 (0, 3)-6.84-34.81 MOVING "Move to plant[0, 4]."
2019-06-29 15:29:54,002 INFO Car0 (0, 4)-6.82-36.43 MOVING "Turn to plant[0, 4]."
2019-06-29 15:29:56,543 INFO Car0 (0, 4)-6.81-36.43 WORKING-IRRIGATE "Execute irrigation mission."
2019-06-29 15:30:04,703 INFO Car0 (0, 4)-6.81-36.43 MOVING "Turn back from plant[0, 4]."
2019-06-29 15:30:06,982 INFO Car0 (0, 4)-6.81-36.43 MOVING "Back to the entrance of ravine[0]."
2019-06-29 15:30:07,525 INFO Car0 (0, 0)-6.81-36.43 MOVING "Turn to the ravine channel."
2019-06-29 15:30:10,356 INFO Car0 (0, 0)-6.80-36.43 MOVING "Move to ravine[1]."
2019-06-29 15:30:18,456 INFO Car0 (1, 0)-6.79-37.16 MOVING "Turn into ravine[1]."
2019-06-29 15:30:21,231 INFO Car0 (1, 0)-6.78-37.16 MOVING "Move to plant[1, 0]."
2019-06-29 15:30:25,040 INFO Car0 (1, 0)-6.78-37.46 MOVING "Turn to plant[1, 0]."
2019-06-29 15:30:28,034 INFO Car0 (1, 0)-6.77-37.46 WORKING-IRRIGATE "Execute irrigation mission."
2019-06-29 15:30:40,703 INFO Car0 (1, 0)-6.77-37.46 MOVING "Turn back from plant[1, 0]."
2019-06-29 15:30:43,137 INFO Car0 (1, 0)-6.76-37.46 MOVING "Move to plant[1, 1]."
2019-06-29 15:30:50,730 INFO Car0 (1, 1)-6.75-38.14 MOVING "Turn to plant[1, 1]."
2019-06-29 15:30:53,510 INFO Car0 (1, 1)-6.74-38.14 WORKING-IRRIGATE "Execute irrigation mission."
2019-06-29 15:31:08,395 INFO Car0 (1, 1)-6.74-38.14 MOVING "Turn back from plant[1, 1]."
2019-06-29 15:31:11,456 INFO Car0 (1, 1)-6.73-38.14 MOVING "Move to plant[1, 2]."
2019-06-29 15:31:22,308 INFO Car0 (1, 2)-6.72-39.19 MOVING "Turn to plant[1, 2]."
2019-06-29 15:31:24,929 INFO Car0 (1, 2)-6.72-39.19 WORKING-IRRIGATE "Execute irrigation mission."
2019-06-29 15:31:37,147 INFO Car0 (1, 2)-6.72-39.19 MOVING "Turn back from plant[1, 2]."
2019-06-29 15:31:40,097 INFO Car0 (1, 2)-6.71-39.19 MOVING "Move to plant[1, 3]."
2019-06-29 15:31:54,375 INFO Car0 (1, 3)-6.69-40.51 MOVING "Turn to plant[1, 3]."
2019-06-29 15:31:57,180 INFO Car0 (1, 3)-6.68-40.51 WORKING-IRRIGATE "Execute irrigation mission."
2019-06-29 15:32:11,891 INFO Car0 (1, 3)-6.68-40.51 MOVING "Turn back from plant[1, 3]."
2019-06-29 15:32:14,212 INFO Car0 (1, 3)-6.67-40.51 MOVING "Move to plant[1, 4]."
2019-06-29 15:32:31,335 INFO Car0 (1, 4)-6.66-42.11 MOVING "Turn to plant[1, 4]."
2019-06-29 15:32:34,013 INFO Car0 (1, 4)-6.65-42.11 WORKING-IRRIGATE "Execute irrigation mission."
2019-06-29 15:32:48,198 INFO Car0 (1, 4)-6.65-42.11 MOVING "Turn back from plant[1, 4]."
2019-06-29 15:32:50,528 INFO Car0 (1, 4)-6.64-42.11 MOVING "Back to the entrance of ravine[1]."
2019-06-29 15:32:50,923 INFO Car0 (1, 0)-6.64-42.11 MOVING "Turn to the ravine channel."
2019-06-29 15:32:53,800 INFO Car0 (1, 0)-6.63-42.11 MOVING "Move to ravine[2]."
2019-06-29 15:33:07,577 INFO Car0 (2, 0)-6.62-43.46 MOVING "Turn into ravine[2]."
2019-06-29 15:33:10,417 INFO Car0 (2, 0)-6.61-43.46 MOVING "Move to plant[2, 0]."
2019-06-29 15:33:14,692 INFO Car0 (2, 0)-6.61-43.79 MOVING "Turn to plant[2, 0]."
2019-06-29 15:33:17,736 INFO Car0 (2, 0)-6.60-43.79 WORKING-IRRIGATE "Execute irrigation mission."
2019-06-29 15:33:26,666 INFO Car0 (2, 0)-6.60-43.79 MOVING "Turn back from plant[2, 0]."
2019-06-29 15:33:29,092 INFO Car0 (2, 0)-6.59-43.79 MOVING "Move to plant[2, 1]."
2019-06-29 15:33:36,324 INFO Car0 (2, 1)-6.58-44.47 MOVING "Turn to plant[2, 1]."
2019-06-29 15:33:39,128 INFO Car0 (2, 1)-6.57-44.47 WORKING-IRRIGATE "Execute irrigation mission."
2019-06-29 15:33:51,619 INFO Car0 (2, 1)-6.57-44.47 MOVING "Turn back from plant[2, 1]."
2019-06-29 15:33:54,341 INFO Car0 (2, 1)-6.56-44.47 MOVING "Move to plant[2, 2]."
2019-06-29 15:34:06,094 INFO Car0 (2, 2)-6.55-45.57 MOVING "Turn to plant[2, 2]."
2019-06-29 15:34:08,906 INFO Car0 (2, 2)-6.54-45.57 WORKING-IRRIGATE "Execute irrigation mission."
2019-06-29 15:34:13,989 INFO Car0 (2, 2)-6.54-45.57 MOVING "Turn back from plant[2, 2]."
2019-06-29 15:34:16,370 INFO Car0 (2, 2)-6.53-45.57 MOVING "Move to plant[2, 3]."
2019-06-29 15:34:29,965 INFO Car0 (2, 3)-6.52-46.84 MOVING "Turn to plant[2, 3]."
2019-06-29 15:34:32,898 INFO Car0 (2, 3)-6.51-46.84 WORKING-IRRIGATE "Execute irrigation mission."
2019-06-29 15:34:47,411 INFO Car0 (2, 3)-6.51-46.84 MOVING "Turn back from plant[2, 3]."
2019-06-29 15:34:50,579 INFO Car0 (2, 3)-6.50-46.84 MOVING "Move to plant[2, 4]."
2019-06-29 15:35:06,785 INFO Car0 (2, 4)-6.49-48.42 MOVING "Turn to plant[2, 4]."
2019-06-29 15:35:09,500 INFO Car0 (2, 4)-6.48-48.42 WORKING-IRRIGATE "Execute irrigation mission."
2019-06-29 15:35:18,513 INFO Car0 (2, 4)-6.48-48.42 MOVING "Turn back from plant[2, 4]."
2019-06-29 15:35:21,706 INFO Car0 (2, 4)-6.47-48.42 MOVING "Back to the entrance of ravine[2]."
2019-06-29 15:35:21,953 INFO Car0 (2, 0)-6.47-48.42 MOVING "Turn to the ravine channel."
2019-06-29 15:35:24,320 INFO Car0 (2, 0)-6.46-48.42 MOVING "Move to ravine[3]."
2019-06-29 15:35:43,859 INFO Car0 (3, 0)-6.44-50.34 MOVING "Turn into ravine[3]."
2019-06-29 15:35:46,237 INFO Car0 (3, 0)-6.43-50.34 MOVING "Move to plant[3, 0]."
2019-06-29 15:35:49,688 INFO Car0 (3, 0)-6.43-50.65 MOVING "Turn to plant[3, 0]."
2019-06-29 15:35:51,924 INFO Car0 (3, 0)-6.42-50.65 WORKING-IRRIGATE "Execute irrigation mission."
2019-06-29 15:35:57,014 INFO Car0 (3, 0)-6.42-50.65 MOVING "Turn back from plant[3, 0]."
2019-06-29 15:35:59,870 INFO Car0 (3, 0)-6.41-50.65 MOVING "Move to plant[3, 1]."
2019-06-29 15:36:08,184 INFO Car0 (3, 1)-6.40-51.37 MOVING "Turn to plant[3, 1]."
2019-06-29 15:36:10,982 INFO Car0 (3, 1)-6.40-51.37 WORKING-IRRIGATE "Execute irrigation mission."
2019-06-29 15:36:24,672 INFO Car0 (3, 1)-6.40-51.37 MOVING "Turn back from plant[3, 1]."
2019-06-29 15:36:27,820 INFO Car0 (3, 1)-6.39-51.37 MOVING "Move to plant[3, 2]."
2019-06-29 15:36:39,274 INFO Car0 (3, 2)-6.38-52.43 MOVING "Turn to plant[3, 2]."
2019-06-29 15:36:41,931 INFO Car0 (3, 2)-6.37-52.43 WORKING-IRRIGATE "Execute irrigation mission."
2019-06-29 15:36:53,617 INFO Car0 (3, 2)-6.37-52.43 MOVING "Turn back from plant[3, 2]."
2019-06-29 15:36:56,631 INFO Car0 (3, 2)-6.36-52.43 MOVING "Move to plant[3, 3]."
2019-06-29 15:37:09,521 INFO Car0 (3, 3)-6.35-53.69 MOVING "Turn to plant[3, 3]."
2019-06-29 15:37:12,217 INFO Car0 (3, 3)-6.34-53.69 WORKING-IRRIGATE "Execute irrigation mission."
2019-06-29 15:37:21,827 INFO Car0 (3, 3)-6.34-53.69 MOVING "Turn back from plant[3, 3]."
2019-06-29 15:37:24,782 INFO Car0 (3, 3)-6.33-53.69 MOVING "Move to plant[3, 4]."
2019-06-29 15:37:42,033 INFO Car0 (3, 4)-6.31-55.30 MOVING "Turn to plant[3, 4]."
2019-06-29 15:37:44,575 INFO Car0 (3, 4)-6.30-55.30 WORKING-IRRIGATE "Execute irrigation mission."
2019-06-29 15:37:59,174 INFO Car0 (3, 4)-6.30-55.30 MOVING "Turn back from plant[3, 4]."
2019-06-29 15:38:01,898 INFO Car0 (3, 4)-6.29-55.30 MOVING "Back to the entrance of ravine[3]."
2019-06-29 15:38:02,771 INFO Car0 (3, 0)-6.29-55.30 MOVING "Turn to the ravine channel."
2019-06-29 15:38:05,680 INFO Car0 (3, 0)-6.28-55.30 MOVING "Move to ravine[4]."
2019-06-29 15:38:31,515 INFO Car0 (4, 0)-6.26-57.77 MOVING "Turn into ravine[4]."
2019-06-29 15:38:34,267 INFO Car0 (4, 0)-6.25-57.77 MOVING "Move to plant[4, 0]."
2019-06-29 15:38:38,179 INFO Car0 (4, 0)-6.25-58.09 MOVING "Turn to plant[4, 0]."
2019-06-29 15:38:40,435 INFO Car0 (4, 0)-6.24-58.09 WORKING-IRRIGATE "Execute irrigation mission."
2019-06-29 15:38:54,896 INFO Car0 (4, 0)-6.24-58.09 MOVING "Turn back from plant[4, 0]."
2019-06-29 15:38:57,364 INFO Car0 (4, 0)-6.23-58.09 MOVING "Move to plant[4, 1]."
2019-06-29 15:39:04,956 INFO Car0 (4, 1)-6.22-58.78 MOVING "Turn to plant[4, 1]."
2019-06-29 15:39:07,435 INFO Car0 (4, 1)-6.21-58.78 WORKING-IRRIGATE "Execute irrigation mission."
2019-06-29 15:39:14,958 INFO Car0 (4, 1)-6.21-58.78 MOVING "Turn back from plant[4, 1]."
2019-06-29 15:39:17,328 INFO Car0 (4, 1)-6.20-58.78 MOVING "Move to plant[4, 2]."
2019-06-29 15:39:29,003 INFO Car0 (4, 2)-6.19-59.86 MOVING "Turn to plant[4, 2]."
2019-06-29 15:39:31,240 INFO Car0 (4, 2)-6.18-59.86 WORKING-IRRIGATE "Execute irrigation mission."
2019-06-29 15:39:37,545 INFO Car0 (4, 2)-6.18-59.86 MOVING "Turn back from plant[4, 2]."
2019-06-29 15:39:40,731 INFO Car0 (4, 2)-6.18-59.86 MOVING "Move to plant[4, 3]."
2019-06-29 15:39:53,887 INFO Car0 (4, 3)-6.16-61.15 MOVING "Turn to plant[4, 3]."
2019-06-29 15:39:56,823 INFO Car0 (4, 3)-6.15-61.15 WORKING-IRRIGATE "Execute irrigation mission."
2019-06-29 15:40:09,360 INFO Car0 (4, 3)-6.15-61.15 MOVING "Turn back from plant[4, 3]."
2019-06-29 15:40:11,709 INFO Car0 (4, 3)-6.14-61.15 MOVING "Move to plant[4, 4]."
2019-06-29 15:40:28,096 INFO Car0 (4, 4)-6.13-62.75 MOVING "Turn to plant[4, 4]."
2019-06-29 15:40:30,488 INFO Car0 (4, 4)-6.12-62.75 WORKING-IRRIGATE "Execute irrigation mission."
2019-06-29 15:40:41,420 INFO Car0 (4, 4)-6.12-62.75 MOVING "Turn back from plant[4, 4]."
2019-06-29 15:40:43,968 INFO Car0 (4, 4)-6.11-62.75 MOVING "Back to the entrance of ravine[4]."
2019-06-29 15:40:45,082 INFO Car0 (4, 0)-6.11-62.75 MOVING "Turn to the ravine channel."
2019-06-29 15:40:47,914 INFO Car0 (4, 0)-6.10-62.75 MOVING "Back to ravine[0]."
2019-06-29 15:40:50,107 INFO Car0 (0, 0)-6.10-62.90 MOVING "Turn into ravine[0]."
2019-06-29 15:40:53,026 INFO Car0 (0, 0)-6.09-62.90 MOVING "Move to plant[0, 0]."
2019-06-29 15:40:57,053 INFO Car0 (0, 0)-6.09-63.24 MOVING "Turn to plant[0, 0]."
2019-06-29 15:41:00,167 INFO Car0 (0, 0)-6.08-63.24 WORKING-IRRIGATE "Execute irrigation mission."
2019-06-29 15:41:14,223 INFO Car0 (0, 0)-6.08-63.24 MOVING "Turn back from plant[0, 0]."
2019-06-29 15:41:17,202 INFO Car0 (0, 0)-6.07-63.24 MOVING "Move to plant[0, 1]."
2019-06-29 15:41:25,027 INFO Car0 (0, 1)-6.06-63.94 MOVING "Turn to plant[0, 1]."
2019-06-29 15:41:27,452 INFO Car0 (0, 1)-6.05-63.94 WORKING-IRRIGATE "Execute irrigation mission."
2019-06-29 15:41:34,001 INFO Car0 (0, 1)-6.05-63.94 MOVING "Turn back from plant[0, 1]."
2019-06-29 15:41:36,980 INFO Car0 (0, 1)-6.04-63.94 MOVING "Move to plant[0, 2]."
2019-06-29 15:41:48,052 INFO Car0 (0, 2)-6.03-64.96 MOVING "Turn to plant[0, 2]."
2019-06-29 15:41:50,330 INFO Car0 (0, 2)-6.03-64.96 WORKING-IRRIGATE "Execute irrigation mission."
2019-06-29 15:42:03,584 INFO Car0 (0, 2)-6.03-64.96 MOVING "Turn back from plant[0, 2]."
2019-06-29 15:42:06,558 INFO Car0 (0, 2)-6.02-64.96 MOVING "Move to plant[0, 3]."
2019-06-29 15:42:20,070 INFO Car0 (0, 3)-6.00-66.26 MOVING "Turn to plant[0, 3]."
2019-06-29 15:42:23,045 INFO Car0 (0, 3)-5.99-66.26 WORKING-IRRIGATE "Execute irrigation mission."
2019-06-29 15:42:33,275 INFO Car0 (0, 3)-5.99-66.26 MOVING "Turn back from plant[0, 3]."
2019-06-29 15:42:36,105 INFO Car0 (0, 3)-5.99-66.26 MOVING "Move to plant[0, 4]."
2019-06-29 15:42:53,297 INFO Car0 (0, 4)-5.97-67.88 MOVING "Turn to plant[0, 4]."
2019-06-29 15:42:56,495 INFO Car0 (0, 4)-5.96-67.88 WORKING-IRRIGATE "Execute irrigation mission."
2019-06-29 15:43:08,136 INFO Car0 (0, 4)-5.96-67.88 MOVING "Turn back from plant[0, 4]."
2019-06-29 15:43:11,277 INFO Car0 (0, 4)-5.95-67.88 MOVING "Back to the entrance of ravine[0]."
2019-06-29 15:43:11,851 INFO Car0 (0, 0)-5.95-67.88 MOVING "Turn to the ravine channel."
2019-06-29 15:43:14,813 INFO Car0 (0, 0)-5.94-67.88 MOVING "Move to ravine[1]."
2019-06-29 15:43:22,829 INFO Car0 (1, 0)-5.93-68.61 MOVING "Turn into ravine[1]."
2019-06-29 15:43:25,881 INFO Car0 (1, 0)-5.93-68.61 MOVING "Move to plant[1, 0]."
2019-06-29 15:43:29,123 INFO Car0 (1, 0)-5.92-68.91 MOVING "Turn to plant[1, 0]."
2019-06-29 15:43:31,674 INFO Car0 (1, 0)-5.91-68.91 WORKING-WEED "Execute weeding mission."
2019-06-29 15:43:38,597 INFO Car0 (1, 0)-5.91-68.91 MOVING "Turn back from plant[1, 0]."
2019-06-29 15:43:41,175 INFO Car0 (1, 0)-5.90-68.91 MOVING "Move to plant[1, 1]."
2019-06-29 15:43:48,346 INFO Car0 (1, 1)-5.90-69.59 MOVING "Turn to plant[1, 1]."
2019-06-29 15:43:51,461 INFO Car0 (1, 1)-5.89-69.59 WORKING-IRRIGATE "Execute irrigation mission."
2019-06-29 15:43:57,234 INFO Car0 (1, 1)-5.89-69.59 MOVING "Turn back from plant[1, 1]."
2019-06-29 15:43:59,733 INFO Car0 (1, 1)-5.88-69.59 MOVING "Move to plant[1, 2]."
2019-06-29 15:44:10,999 INFO Car0 (1, 2)-5.87-70.64 MOVING "Turn to plant[1, 2]."
2019-06-29 15:44:14,200 INFO Car0 (1, 2)-5.86-70.64 WORKING-IRRIGATE "Execute irrigation mission."
2019-06-29 15:44:20,250 INFO Car0 (1, 2)-5.86-70.64 MOVING "Turn back from plant[1, 2]."
2019-06-29 15:44:23,076 INFO Car0 (1, 2)-5.85-70.64 MOVING "Move to plant[1, 3]."
2019-06-29 15:44:37,160 INFO Car0 (1, 3)-5.84-71.96 MOVING "Turn to plant[1, 3]."
2019-06-29 15:44:39,895 INFO Car0 (1, 3)-5.83-71.96 WORKING-IRRIGATE "Execute irrigation mission."
2019-06-29 15:44:54,215 INFO Car0 (1, 3)-5.83-71.96 MOVING "Turn back from plant[1, 3]."
2019-06-29 15:44:56,835 INFO Car0 (1, 3)-5.82-71.96 MOVING "Move to plant[1, 4]."
2019-06-29 15:45:13,935 INFO Car0 (1, 4)-5.80-73.56 MOVING "Turn to plant[1, 4]."
2019-06-29 15:45:16,612 INFO Car0 (1, 4)-5.80-73.56 WORKING-IRRIGATE "Execute irrigation mission."
2019-06-29 15:45:22,052 INFO Car0 (1, 4)-5.80-73.56 MOVING "Turn back from plant[1, 4]."
2019-06-29 15:45:24,810 INFO Car0 (1, 4)-5.79-73.56 MOVING "Back to the entrance of ravine[1]."
2019-06-29 15:45:25,199 INFO Car0 (1, 0)-5.79-73.56 MOVING "Turn to the ravine channel."
2019-06-29 15:45:28,300 INFO Car0 (1, 0)-5.78-73.56 MOVING "Move to ravine[2]."
2019-06-29 15:45:42,283 INFO Car0 (2, 0)-5.76-74.91 MOVING "Turn into ravine[2]."
2019-06-29 15:45:45,339 INFO Car0 (2, 0)-5.75-74.91 MOVING "Move to plant[2, 0]."
2019-06-29 15:45:49,401 INFO Car0 (2, 0)-5.75-75.24 MOVING "Turn to plant[2, 0]."
2019-06-29 15:45:52,571 INFO Car0 (2, 0)-5.74-75.24 WORKING-IRRIGATE "Execute irrigation mission."
2019-06-29 15:46:04,710 INFO Car0 (2, 0)-5.74-75.24 MOVING "Turn back from plant[2, 0]."
2019-06-29 15:46:07,738 INFO Car0 (2, 0)-5.73-75.24 MOVING "Move to plant[2, 1]."
2019-06-29 15:46:14,766 INFO Car0 (2, 1)-5.73-75.92 MOVING "Turn to plant[2, 1]."
2019-06-29 15:46:17,821 INFO Car0 (2, 1)-5.72-75.92 WORKING-IRRIGATE "Execute irrigation mission."
2019-06-29 15:46:32,116 INFO Car0 (2, 1)-5.72-75.92 MOVING "Turn back from plant[2, 1]."
2019-06-29 15:46:34,504 INFO Car0 (2, 1)-5.71-75.92 MOVING "Move to plant[2, 2]."
2019-06-29 15:46:46,076 INFO Car0 (2, 2)-5.70-77.02 MOVING "Turn to plant[2, 2]."
2019-06-29 15:46:48,898 INFO Car0 (2, 2)-5.69-77.02 WORKING-IRRIGATE "Execute irrigation mission."
2019-06-29 15:47:01,153 INFO Car0 (2, 2)-5.69-77.02 MOVING "Turn back from plant[2, 2]."
2019-06-29 15:47:04,152 INFO Car0 (2, 2)-5.68-77.02 MOVING "Move to plant[2, 3]."
2019-06-29 15:47:17,502 INFO Car0 (2, 3)-5.67-78.29 MOVING "Turn to plant[2, 3]."
2019-06-29 15:47:19,978 INFO Car0 (2, 3)-5.66-78.29 WORKING-WEED "Execute weeding mission."
2019-06-29 15:47:29,756 INFO Car0 (2, 3)-5.66-78.29 MOVING "Turn back from plant[2, 3]."
2019-06-29 15:47:32,012 INFO Car0 (2, 3)-5.65-78.29 MOVING "Move to plant[2, 4]."
2019-06-29 15:47:48,835 INFO Car0 (2, 4)-5.63-79.87 MOVING "Turn to plant[2, 4]."
2019-06-29 15:47:51,440 INFO Car0 (2, 4)-5.62-79.87 WORKING-WEED "Execute weeding mission."
2019-06-29 15:48:04,382 INFO Car0 (2, 4)-5.62-79.87 MOVING "Turn back from plant[2, 4]."
2019-06-29 15:48:06,805 INFO Car0 (2, 4)-5.62-79.87 MOVING "Back to the entrance of ravine[2]."
2019-06-29 15:48:07,213 INFO Car0 (2, 0)-5.62-79.87 MOVING "Turn to the ravine channel."
2019-06-29 15:48:09,744 INFO Car0 (2, 0)-5.61-79.87 MOVING "Move to ravine[3]."
2019-06-29 15:48:29,839 INFO Car0 (3, 0)-5.59-81.79 MOVING "Turn into ravine[3]."
2019-06-29 15:48:32,626 INFO Car0 (3, 0)-5.58-81.79 MOVING "Move to plant[3, 0]."
2019-06-29 15:48:36,225 INFO Car0 (3, 0)-5.57-82.10 MOVING "Turn to plant[3, 0]."
2019-06-29 15:48:38,498 INFO Car0 (3, 0)-5.57-82.10 WORKING-IRRIGATE "Execute irrigation mission."
2019-06-29 15:48:48,481 INFO Car0 (3, 0)-5.57-82.10 MOVING "Turn back from plant[3, 0]."
2019-06-29 15:48:51,087 INFO Car0 (3, 0)-5.56-82.10 MOVING "Move to plant[3, 1]."
2019-06-29 15:48:58,866 INFO Car0 (3, 1)-5.55-82.82 MOVING "Turn to plant[3, 1]."
2019-06-29 15:49:01,194 INFO Car0 (3, 1)-5.54-82.82 WORKING-IRRIGATE "Execute irrigation mission."
2019-06-29 15:49:15,562 INFO Car0 (3, 1)-5.54-82.82 MOVING "Turn back from plant[3, 1]."
2019-06-29 15:49:17,796 INFO Car0 (3, 1)-5.53-82.82 MOVING "Move to plant[3, 2]."
2019-06-29 15:49:29,436 INFO Car0 (3, 2)-5.52-83.88 MOVING "Turn to plant[3, 2]."
2019-06-29 15:49:32,364 INFO Car0 (3, 2)-5.51-83.88 WORKING-IRRIGATE "Execute irrigation mission."
2019-06-29 15:49:42,747 INFO Car0 (3, 2)-5.51-83.88 MOVING "Turn back from plant[3, 2]."
2019-06-29 15:49:45,770 INFO Car0 (3, 2)-5.50-83.88 MOVING "Move to plant[3, 3]."
2019-06-29 15:49:59,045 INFO Car0 (3, 3)-5.49-85.14 MOVING "Turn to plant[3, 3]."
2019-06-29 15:50:02,085 INFO Car0 (3, 3)-5.48-85.14 WORKING-IRRIGATE "Execute irrigation mission."
2019-06-29 15:50:16,246 INFO Car0 (3, 3)-5.48-85.14 MOVING "Turn back from plant[3, 3]."
2019-06-29 15:50:18,747 INFO Car0 (3, 3)-5.47-85.14 MOVING "Move to plant[3, 4]."
2019-06-29 15:50:35,187 INFO Car0 (3, 4)-5.46-86.75 MOVING "Turn to plant[3, 4]."
2019-06-29 15:50:38,281 INFO Car0 (3, 4)-5.45-86.75 WORKING-IRRIGATE "Execute irrigation mission."
2019-06-29 15:50:53,018 INFO Car0 (3, 4)-5.45-86.75 MOVING "Turn back from plant[3, 4]."
2019-06-29 15:50:55,786 INFO Car0 (3, 4)-5.44-86.75 MOVING "Back to the entrance of ravine[3]."
2019-06-29 15:50:56,697 INFO Car0 (3, 0)-5.44-86.75 MOVING "Turn to the ravine channel."
2019-06-29 15:50:59,894 INFO Car0 (3, 0)-5.43-86.75 MOVING "Move to ravine[4]."
2019-06-29 15:51:24,984 INFO Car0 (4, 0)-5.40-89.22 MOVING "Turn into ravine[4]."
2019-06-29 15:51:27,577 INFO Car0 (4, 0)-5.40-89.22 MOVING "Move to plant[4, 0]."
2019-06-29 15:51:31,470 INFO Car0 (4, 0)-5.39-89.54 MOVING "Turn to plant[4, 0]."
2019-06-29 15:51:34,043 INFO Car0 (4, 0)-5.38-89.54 WORKING-IRRIGATE "Execute irrigation mission."
2019-06-29 15:51:47,160 INFO Car0 (4, 0)-5.38-89.54 MOVING "Turn back from plant[4, 0]."
2019-06-29 15:51:49,549 INFO Car0 (4, 0)-5.37-89.54 MOVING "Move to plant[4, 1]."
2019-06-29 15:51:57,186 INFO Car0 (4, 1)-5.37-90.23 MOVING "Turn to plant[4, 1]."
2019-06-29 15:52:00,289 INFO Car0 (4, 1)-5.36-90.23 WORKING-IRRIGATE "Execute irrigation mission."
2019-06-29 15:52:13,335 INFO Car0 (4, 1)-5.36-90.23 MOVING "Turn back from plant[4, 1]."
2019-06-29 15:52:15,844 INFO Car0 (4, 1)-5.35-90.23 MOVING "Move to plant[4, 2]."
2019-06-29 15:52:27,123 INFO Car0 (4, 2)-5.34-91.31 MOVING "Turn to plant[4, 2]."
2019-06-29 15:52:30,278 INFO Car0 (4, 2)-5.33-91.31 WORKING-WEED "Execute weeding mission."
2019-06-29 15:52:40,158 INFO Car0 (4, 2)-5.33-91.31 MOVING "Turn back from plant[4, 2]."
2019-06-29 15:52:43,320 INFO Car0 (4, 2)-5.32-91.31 MOVING "Move to plant[4, 3]."
2019-06-29 15:52:57,169 INFO Car0 (4, 3)-5.31-92.60 MOVING "Turn to plant[4, 3]."
2019-06-29 15:53:00,172 INFO Car0 (4, 3)-5.30-92.60 WORKING-IRRIGATE "Execute irrigation mission."
2019-06-29 15:53:05,877 INFO Car0 (4, 3)-5.30-92.60 MOVING "Turn back from plant[4, 3]."
2019-06-29 15:53:09,020 INFO Car0 (4, 3)-5.29-92.60 MOVING "Move to plant[4, 4]."
2019-06-29 15:53:25,261 INFO Car0 (4, 4)-5.27-94.20 MOVING "Turn to plant[4, 4]."
2019-06-29 15:53:27,591 INFO Car0 (4, 4)-5.26-94.20 WORKING-WEED "Execute weeding mission."
2019-06-29 15:53:32,904 INFO Car0 (4, 4)-5.26-94.20 MOVING "Turn back from plant[4, 4]."
2019-06-29 15:53:36,004 INFO Car0 (4, 4)-5.26-94.20 MOVING "Back to the entrance of ravine[4]."
2019-06-29 15:53:37,202 INFO Car0 (4, 0)-5.26-94.20 MOVING "Turn to the ravine channel."
2019-06-29 15:53:39,950 INFO Car0 (4, 0)-5.25-94.20 MOVING "Back to ravine[0]."
2019-06-29 15:53:41,722 INFO Car0 (0, 0)-5.25-94.35 MOVING "Turn into ravine[0]."
2019-06-29 15:53:44,551 INFO Car0 (0, 0)-5.24-94.35 MOVING "Move to plant[0, 0]."
2019-06-29 15:53:48,380 INFO Car0 (0, 0)-5.23-94.69 MOVING "Turn to plant[0, 0]."
2019-06-29 15:53:51,267 INFO Car0 (0, 0)-5.22-94.69 WORKING-IRRIGATE "Execute irrigation mission."
2019-06-29 15:54:00,541 INFO Car0 (0, 0)-5.22-94.69 MOVING "Turn back from plant[0, 0]."
2019-06-29 15:54:03,153 INFO Car0 (0, 0)-5.22-94.69 MOVING "Move to plant[0, 1]."
2019-06-29 15:54:10,664 INFO Car0 (0, 1)-5.21-95.39 MOVING "Turn to plant[0, 1]."
2019-06-29 15:54:13,197 INFO Car0 (0, 1)-5.20-95.39 WORKING-IRRIGATE "Execute irrigation mission."
2019-06-29 15:54:27,912 INFO Car0 (0, 1)-5.20-95.39 MOVING "Turn back from plant[0, 1]."
2019-06-29 15:54:30,771 INFO Car0 (0, 1)-5.19-95.39 MOVING "Move to plant[0, 2]."
2019-06-29 15:54:41,758 INFO Car0 (0, 2)-5.18-96.41 MOVING "Turn to plant[0, 2]."
2019-06-29 15:54:44,870 INFO Car0 (0, 2)-5.17-96.41 WORKING-IRRIGATE "Execute irrigation mission."
2019-06-29 15:54:56,539 INFO Car0 (0, 2)-5.17-96.41 MOVING "Turn back from plant[0, 2]."
2019-06-29 15:54:59,182 INFO Car0 (0, 2)-5.16-96.41 MOVING "Move to plant[0, 3]."
2019-06-29 15:55:13,321 INFO Car0 (0, 3)-5.15-97.71 MOVING "Turn to plant[0, 3]."
2019-06-29 15:55:16,457 INFO Car0 (0, 3)-5.14-97.71 WORKING-IRRIGATE "Execute irrigation mission."
2019-06-29 15:55:24,338 INFO Car0 (0, 3)-5.14-97.71 MOVING "Turn back from plant[0, 3]."
2019-06-29 15:55:26,800 INFO Car0 (0, 3)-5.13-97.71 MOVING "Move to plant[0, 4]."
2019-06-29 15:55:43,614 INFO Car0 (0, 4)-5.11-99.33 MOVING "Turn to plant[0, 4]."
2019-06-29 15:55:46,128 INFO Car0 (0, 4)-5.11-99.33 WORKING-WEED "Execute weeding mission."
2019-06-29 15:55:52,708 INFO Car0 (0, 4)-5.11-99.33 MOVING "Turn back from plant[0, 4]."
2019-06-29 15:55:55,212 INFO Car0 (0, 4)-5.10-99.33 MOVING "Back to the entrance of ravine[0]."
2019-06-29 15:55:56,287 INFO Car0 (0, 0)-5.10-99.33 MOVING "Turn to the ravine channel."
2019-06-29 15:55:58,918 INFO Car0 (0, 0)-5.09-99.33 MOVING "Move to ravine[1]."
2019-06-29 15:56:07,123 INFO Car0 (1, 0)-5.08-100.06 MOVING "Turn into ravine[1]."
2019-06-29 15:56:09,370 INFO Car0 (1, 0)-5.07-100.06 MOVING "Move to plant[1, 0]."
2019-06-29 15:56:13,520 INFO Car0 (1, 0)-5.07-100.36 MOVING "Turn to plant[1, 0]."
2019-06-29 15:56:15,975 INFO Car0 (1, 0)-5.06-100.36 WORKING-IRRIGATE "Execute irrigation mission."
2019-06-29 15:56:21,858 INFO Car0 (1, 0)-5.06-100.36 MOVING "Turn back from plant[1, 0]."
2019-06-29 15:56:24,486 INFO Car0 (1, 0)-5.05-100.36 MOVING "Move to plant[1, 1]."
2019-06-29 15:56:32,058 INFO Car0 (1, 1)-5.04-101.04 MOVING "Turn to plant[1, 1]."
2019-06-29 15:56:34,270 INFO Car0 (1, 1)-5.03-101.04 WORKING-IRRIGATE "Execute irrigation mission."
2019-06-29 15:56:44,528 INFO Car0 (1, 1)-5.03-101.04 MOVING "Turn back from plant[1, 1]."
2019-06-29 15:56:47,352 INFO Car0 (1, 1)-5.03-101.04 MOVING "Move to plant[1, 2]."
2019-06-29 15:56:58,749 INFO Car0 (1, 2)-5.02-102.09 MOVING "Turn to plant[1, 2]."
2019-06-29 15:57:01,348 INFO Car0 (1, 2)-5.01-102.09 WORKING-IRRIGATE "Execute irrigation mission."
2019-06-29 15:57:15,483 INFO Car0 (1, 2)-5.01-102.09 MOVING "Turn back from plant[1, 2]."
2019-06-29 15:57:17,937 INFO Car0 (1, 2)-5.00-102.09 MOVING "Move to plant[1, 3]."
2019-06-29 15:57:32,119 INFO Car0 (1, 3)-4.98-103.41 MOVING "Turn to plant[1, 3]."
2019-06-29 15:57:34,580 INFO Car0 (1, 3)-4.97-103.41 WORKING-IRRIGATE "Execute irrigation mission."
2019-06-29 15:57:46,775 INFO Car0 (1, 3)-4.97-103.41 MOVING "Turn back from plant[1, 3]."
2019-06-29 15:57:49,947 INFO Car0 (1, 3)-4.97-103.41 MOVING "Move to plant[1, 4]."
2019-06-29 15:58:06,356 INFO Car0 (1, 4)-4.95-105.01 MOVING "Turn to plant[1, 4]."
2019-06-29 15:58:09,015 INFO Car0 (1, 4)-4.94-105.01 WORKING-IRRIGATE "Execute irrigation mission."
2019-06-29 15:58:17,219 INFO Car0 (1, 4)-4.94-105.01 MOVING "Turn back from plant[1, 4]."
2019-06-29 15:58:20,128 INFO Car0 (1, 4)-4.93-105.01 MOVING "Back to the entrance of ravine[1]."
2019-06-29 15:58:21,317 INFO Car0 (1, 0)-4.93-105.01 MOVING "Turn to the ravine channel."
2019-06-29 15:58:23,744 INFO Car0 (1, 0)-4.92-105.01 MOVING "Move to ravine[2]."
2019-06-29 15:58:38,079 INFO Car0 (2, 0)-4.91-106.36 MOVING "Turn into ravine[2]."
2019-06-29 15:58:40,368 INFO Car0 (2, 0)-4.90-106.36 MOVING "Move to plant[2, 0]."
2019-06-29 15:58:43,924 INFO Car0 (2, 0)-4.90-106.69 MOVING "Turn to plant[2, 0]."
2019-06-29 15:58:46,303 INFO Car0 (2, 0)-4.89-106.69 WORKING-IRRIGATE "Execute irrigation mission."
2019-06-29 15:58:52,625 INFO Car0 (2, 0)-4.89-106.69 MOVING "Turn back from plant[2, 0]."
2019-06-29 15:58:55,296 INFO Car0 (2, 0)-4.88-106.69 MOVING "Move to plant[2, 1]."
2019-06-29 15:59:02,523 INFO Car0 (2, 1)-4.87-107.37 MOVING "Turn to plant[2, 1]."
2019-06-29 15:59:05,170 INFO Car0 (2, 1)-4.86-107.37 WORKING-IRRIGATE "Execute irrigation mission."
2019-06-29 15:59:17,567 INFO Car0 (2, 1)-4.86-107.37 MOVING "Turn back from plant[2, 1]."
2019-06-29 15:59:20,114 INFO Car0 (2, 1)-4.85-107.37 MOVING "Move to plant[2, 2]."
2019-06-29 15:59:31,488 INFO Car0 (2, 2)-4.84-108.47 MOVING "Turn to plant[2, 2]."
2019-06-29 15:59:34,169 INFO Car0 (2, 2)-4.83-108.47 WORKING-IRRIGATE "Execute irrigation mission."
2019-06-29 15:59:43,140 INFO Car0 (2, 2)-4.83-108.47 MOVING "Turn back from plant[2, 2]."
2019-06-29 15:59:46,196 INFO Car0 (2, 2)-4.83-108.47 MOVING "Move to plant[2, 3]."
2019-06-29 15:59:59,556 INFO Car0 (2, 3)-4.81-109.74 MOVING "Turn to plant[2, 3]."
2019-06-29 16:00:02,266 INFO Car0 (2, 3)-4.80-109.74 WORKING-IRRIGATE "Execute irrigation mission."
2019-06-29 16:00:11,354 INFO Car0 (2, 3)-4.80-109.74 MOVING "Turn back from plant[2, 3]."
2019-06-29 16:00:13,690 INFO Car0 (2, 3)-4.79-109.74 MOVING "Move to plant[2, 4]."
2019-06-29 16:00:30,073 INFO Car0 (2, 4)-4.78-111.32 MOVING "Turn to plant[2, 4]."
2019-06-29 16:00:33,114 INFO Car0 (2, 4)-4.77-111.32 WORKING-IRRIGATE "Execute irrigation mission."
2019-06-29 16:00:45,129 INFO Car0 (2, 4)-4.77-111.32 MOVING "Turn back from plant[2, 4]."
2019-06-29 16:00:48,245 INFO Car0 (2, 4)-4.76-111.32 MOVING "Back to the entrance of ravine[2]."
2019-06-29 16:00:48,830 INFO Car0 (2, 0)-4.76-111.32 MOVING "Turn to the ravine channel."
2019-06-29 16:00:51,407 INFO Car0 (2, 0)-4.75-111.32 MOVING "Move to ravine[3]."
2019-06-29 16:01:11,642 INFO Car0 (3, 0)-4.73-113.24 MOVING "Turn into ravine[3]."
2019-06-29 16:01:14,095 INFO Car0 (3, 0)-4.72-113.24 MOVING "Move to plant[3, 0]."
2019-06-29 16:01:18,048 INFO Car0 (3, 0)-4.72-113.55 MOVING "Turn to plant[3, 0]."
2019-06-29 16:01:20,602 INFO Car0 (3, 0)-4.71-113.55 WORKING-IRRIGATE "Execute irrigation mission."
2019-06-29 16:01:35,577 INFO Car0 (3, 0)-4.71-113.55 MOVING "Turn back from plant[3, 0]."
2019-06-29 16:01:38,086 INFO Car0 (3, 0)-4.70-113.55 MOVING "Move to plant[3, 1]."
2019-06-29 16:01:46,190 INFO Car0 (3, 1)-4.70-114.27 MOVING "Turn to plant[3, 1]."
2019-06-29 16:01:48,965 INFO Car0 (3, 1)-4.69-114.27 WORKING-IRRIGATE "Execute irrigation mission."
2019-06-29 16:02:02,210 INFO Car0 (3, 1)-4.69-114.27 MOVING "Turn back from plant[3, 1]."
2019-06-29 16:02:04,765 INFO Car0 (3, 1)-4.68-114.27 MOVING "Move to plant[3, 2]."
2019-06-29 16:02:15,651 INFO Car0 (3, 2)-4.67-115.33 MOVING "Turn to plant[3, 2]."
2019-06-29 16:02:18,262 INFO Car0 (3, 2)-4.66-115.33 WORKING-IRRIGATE "Execute irrigation mission."
2019-06-29 16:02:27,808 INFO Car0 (3, 2)-4.66-115.33 MOVING "Turn back from plant[3, 2]."
2019-06-29 16:02:30,688 INFO Car0 (3, 2)-4.65-115.33 MOVING "Move to plant[3, 3]."
2019-06-29 16:02:43,578 INFO Car0 (3, 3)-4.64-116.59 MOVING "Turn to plant[3, 3]."
2019-06-29 16:02:46,663 INFO Car0 (3, 3)-4.63-116.59 WORKING-IRRIGATE "Execute irrigation mission."
2019-06-29 16:02:54,212 INFO Car0 (3, 3)-4.63-116.59 MOVING "Turn back from plant[3, 3]."
2019-06-29 16:02:56,729 INFO Car0 (3, 3)-4.62-116.59 MOVING "Move to plant[3, 4]."
2019-06-29 16:03:13,673 INFO Car0 (3, 4)-4.60-118.20 MOVING "Turn to plant[3, 4]."
2019-06-29 16:03:16,143 INFO Car0 (3, 4)-4.59-118.20 WORKING-IRRIGATE "Execute irrigation mission."
2019-06-29 16:03:21,666 INFO Car0 (3, 4)-4.59-118.20 MOVING "Turn back from plant[3, 4]."
2019-06-29 16:03:24,026 INFO Car0 (3, 4)-4.58-118.20 MOVING "Back to the entrance of ravine[3]."
2019-06-29 16:03:24,391 INFO Car0 (3, 0)-4.58-118.20 MOVING "Turn to the ravine channel."
2019-06-29 16:03:27,507 INFO Car0 (3, 0)-4.57-118.20 MOVING "Move to ravine[4]."
2019-06-29 16:03:53,260 INFO Car0 (4, 0)-4.55-120.67 MOVING "Turn into ravine[4]."
2019-06-29 16:03:55,676 INFO Car0 (4, 0)-4.54-120.67 MOVING "Move to plant[4, 0]."
2019-06-29 16:03:59,456 INFO Car0 (4, 0)-4.54-120.99 MOVING "Turn to plant[4, 0]."
2019-06-29 16:04:01,843 INFO Car0 (4, 0)-4.53-120.99 WORKING-IRRIGATE "Execute irrigation mission."
2019-06-29 16:04:09,913 INFO Car0 (4, 0)-4.53-120.99 MOVING "Turn back from plant[4, 0]."
2019-06-29 16:04:12,354 INFO Car0 (4, 0)-4.52-120.99 MOVING "Move to plant[4, 1]."
2019-06-29 16:04:19,635 INFO Car0 (4, 1)-4.51-121.68 MOVING "Turn to plant[4, 1]."
2019-06-29 16:04:22,430 INFO Car0 (4, 1)-4.50-121.68 WORKING-IRRIGATE "Execute irrigation mission."
2019-06-29 16:04:35,075 INFO Car0 (4, 1)-4.50-121.68 MOVING "Turn back from plant[4, 1]."
2019-06-29 16:04:38,024 INFO Car0 (4, 1)-4.50-121.68 MOVING "Move to plant[4, 2]."
2019-06-29 16:04:49,472 INFO Car0 (4, 2)-4.48-122.76 MOVING "Turn to plant[4, 2]."
2019-06-29 16:04:52,614 INFO Car0 (4, 2)-4.48-122.76 WORKING-IRRIGATE "Execute irrigation mission."
2019-06-29 16:04:59,782 INFO Car0 (4, 2)-4.48-122.76 MOVING "Turn back from plant[4, 2]."
2019-06-29 16:05:02,534 INFO Car0 (4, 2)-4.47-122.76 MOVING "Move to plant[4, 3]."
2019-06-29 16:05:16,507 INFO Car0 (4, 3)-4.45-124.05 MOVING "Turn to plant[4, 3]."
2019-06-29 16:05:19,631 INFO Car0 (4, 3)-4.44-124.05 WORKING-WEED "Execute weeding mission."
2019-06-29 16:05:26,454 INFO Car0 (4, 3)-4.44-124.05 MOVING "Turn back from plant[4, 3]."
2019-06-29 16:05:29,179 INFO Car0 (4, 3)-4.44-124.05 MOVING "Move to plant[4, 4]."
2019-06-29 16:05:46,370 INFO Car0 (4, 4)-4.42-125.65 MOVING "Turn to plant[4, 4]."
2019-06-29 16:05:49,078 INFO Car0 (4, 4)-4.41-125.65 WORKING-IRRIGATE "Execute irrigation mission."
2019-06-29 16:05:55,435 INFO Car0 (4, 4)-4.41-125.65 MOVING "Turn back from plant[4, 4]."
2019-06-29 16:05:57,889 INFO Car0 (4, 4)-4.40-125.65 MOVING "Back to the entrance of ravine[4]."
2019-06-29 16:05:58,171 INFO Car0 (4, 0)-4.40-125.65 MOVING "Turn to the ravine channel."
2019-06-29 16:06:00,853 INFO Car0 (4, 0)-4.39-125.65 MOVING "Back to ravine[0]."
2019-06-29 16:06:03,104 INFO Car0 (0, 0)-4.39-125.80 MOVING "Turn into ravine[0]."
2019-06-29 16:06:05,640 INFO Car0 (0, 0)-4.38-125.80 MOVING "Move to plant[0, 0]."
2019-06-29 16:06:10,048 INFO Car0 (0, 0)-4.38-126.14 MOVING "Turn to plant[0, 0]."
2019-06-29 16:06:12,608 INFO Car0 (0, 0)-4.37-126.14 WORKING-IRRIGATE "Execute irrigation mission."
2019-06-29 16:06:20,239 INFO Car0 (0, 0)-4.37-126.14 MOVING "Turn back from plant[0, 0]."
2019-06-29 16:06:22,827 INFO Car0 (0, 0)-4.36-126.14 MOVING "Move to plant[0, 1]."
2019-06-29 16:06:30,074 INFO Car0 (0, 1)-4.35-126.84 MOVING "Turn to plant[0, 1]."
2019-06-29 16:06:32,697 INFO Car0 (0, 1)-4.34-126.84 WORKING-IRRIGATE "Execute irrigation mission."
2019-06-29 16:06:43,909 INFO Car0 (0, 1)-4.34-126.84 MOVING "Turn back from plant[0, 1]."
2019-06-29 16:06:46,414 INFO Car0 (0, 1)-4.34-126.84 MOVING "Move to plant[0, 2]."
2019-06-29 16:06:56,869 INFO Car0 (0, 2)-4.33-127.86 MOVING "Turn to plant[0, 2]."
2019-06-29 16:06:59,355 INFO Car0 (0, 2)-4.32-127.86 WORKING-IRRIGATE "Execute irrigation mission."
2019-06-29 16:07:12,396 INFO Car0 (0, 2)-4.32-127.86 MOVING "Turn back from plant[0, 2]."
2019-06-29 16:07:15,099 INFO Car0 (0, 2)-4.31-127.86 MOVING "Move to plant[0, 3]."
2019-06-29 16:07:28,747 INFO Car0 (0, 3)-4.29-129.16 MOVING "Turn to plant[0, 3]."
2019-06-29 16:07:31,248 INFO Car0 (0, 3)-4.29-129.16 WORKING-IRRIGATE "Execute irrigation mission."
2019-06-29 16:07:43,685 INFO Car0 (0, 3)-4.29-129.16 MOVING "Turn back from plant[0, 3]."
2019-06-29 16:07:46,114 INFO Car0 (0, 3)-4.28-129.16 MOVING "Move to plant[0, 4]."
2019-06-29 16:08:02,632 INFO Car0 (0, 4)-4.26-130.78 MOVING "Turn to plant[0, 4]."
2019-06-29 16:08:05,038 INFO Car0 (0, 4)-4.25-130.78 WORKING-IRRIGATE "Execute irrigation mission."
2019-06-29 16:08:17,359 INFO Car0 (0, 4)-4.25-130.78 MOVING "Turn back from plant[0, 4]."
2019-06-29 16:08:19,871 INFO Car0 (0, 4)-4.24-130.78 MOVING "Back to the entrance of ravine[0]."
2019-06-29 16:08:20,241 INFO Car0 (0, 0)-4.24-130.78 MOVING "Turn to the ravine channel."
2019-06-29 16:08:23,367 INFO Car0 (0, 0)-4.23-130.78 MOVING "Move to ravine[1]."
2019-06-29 16:08:31,694 INFO Car0 (1, 0)-4.23-131.51 MOVING "Turn into ravine[1]."
2019-06-29 16:08:34,720 INFO Car0 (1, 0)-4.22-131.51 MOVING "Move to plant[1, 0]."
2019-06-29 16:08:38,020 INFO Car0 (1, 0)-4.21-131.81 MOVING "Turn to plant[1, 0]."
2019-06-29 16:08:40,945 INFO Car0 (1, 0)-4.20-131.81 WORKING-IRRIGATE "Execute irrigation mission."
2019-06-29 16:08:47,838 INFO Car0 (1, 0)-4.20-131.81 MOVING "Turn back from plant[1, 0]."
2019-06-29 16:08:51,037 INFO Car0 (1, 0)-4.20-131.81 MOVING "Move to plant[1, 1]."
2019-06-29 16:08:58,446 INFO Car0 (1, 1)-4.19-132.49 MOVING "Turn to plant[1, 1]."
2019-06-29 16:09:00,781 INFO Car0 (1, 1)-4.18-132.49 WORKING-IRRIGATE "Execute irrigation mission."
2019-06-29 16:09:14,198 INFO Car0 (1, 1)-4.18-132.49 MOVING "Turn back from plant[1, 1]."
2019-06-29 16:09:16,431 INFO Car0 (1, 1)-4.17-132.49 MOVING "Move to plant[1, 2]."
2019-06-29 16:09:27,373 INFO Car0 (1, 2)-4.16-133.54 MOVING "Turn to plant[1, 2]."
2019-06-29 16:09:30,189 INFO Car0 (1, 2)-4.15-133.54 WORKING-IRRIGATE "Execute irrigation mission."
2019-06-29 16:09:35,869 INFO Car0 (1, 2)-4.15-133.54 MOVING "Turn back from plant[1, 2]."
2019-06-29 16:09:38,634 INFO Car0 (1, 2)-4.14-133.54 MOVING "Move to plant[1, 3]."
2019-06-29 16:09:52,629 INFO Car0 (1, 3)-4.13-134.86 MOVING "Turn to plant[1, 3]."
2019-06-29 16:09:55,404 INFO Car0 (1, 3)-4.12-134.86 WORKING-WEED "Execute weeding mission."
2019-06-29 16:10:02,993 INFO Car0 (1, 3)-4.12-134.86 MOVING "Turn back from plant[1, 3]."
2019-06-29 16:10:05,571 INFO Car0 (1, 3)-4.11-134.86 MOVING "Move to plant[1, 4]."
2019-06-29 16:10:22,659 INFO Car0 (1, 4)-4.10-136.46 MOVING "Turn to plant[1, 4]."
2019-06-29 16:10:25,063 INFO Car0 (1, 4)-4.09-136.46 WORKING-IRRIGATE "Execute irrigation mission."
2019-06-29 16:10:31,672 INFO Car0 (1, 4)-4.09-136.46 MOVING "Turn back from plant[1, 4]."
2019-06-29 16:10:34,829 INFO Car0 (1, 4)-4.08-136.46 MOVING "Back to the entrance of ravine[1]."
2019-06-29 16:10:35,050 INFO Car0 (1, 0)-4.08-136.46 MOVING "Turn to the ravine channel."
2019-06-29 16:10:37,562 INFO Car0 (1, 0)-4.07-136.46 MOVING "Move to ravine[2]."
2019-06-29 16:10:51,567 INFO Car0 (2, 0)-4.05-137.81 MOVING "Turn into ravine[2]."
2019-06-29 16:10:54,586 INFO Car0 (2, 0)-4.05-137.81 MOVING "Move to plant[2, 0]."
2019-06-29 16:10:58,233 INFO Car0 (2, 0)-4.04-138.14 MOVING "Turn to plant[2, 0]."
2019-06-29 16:11:00,661 INFO Car0 (2, 0)-4.03-138.14 WORKING-IRRIGATE "Execute irrigation mission."
2019-06-29 16:11:06,174 INFO Car0 (2, 0)-4.03-138.14 MOVING "Turn back from plant[2, 0]."
2019-06-29 16:11:09,007 INFO Car0 (2, 0)-4.02-138.14 MOVING "Move to plant[2, 1]."
2019-06-29 16:11:16,380 INFO Car0 (2, 1)-4.02-138.82 MOVING "Turn to plant[2, 1]."
2019-06-29 16:11:18,858 INFO Car0 (2, 1)-4.01-138.82 WORKING-IRRIGATE "Execute irrigation mission."
2019-06-29 16:11:27,434 INFO Car0 (2, 1)-4.01-138.82 MOVING "Turn back from plant[2, 1]."
2019-06-29 16:11:30,592 INFO Car0 (2, 1)-4.00-138.82 MOVING "Move to plant[2, 2]."
2019-06-29 16:11:42,565 INFO Car0 (2, 2)-3.99-139.92 MOVING "Turn to plant[2, 2]."
2019-06-29 16:11:45,112 INFO Car0 (2, 2)-3.98-139.92 WORKING-IRRIGATE "Execute irrigation mission."
2019-06-29 16:11:54,830 INFO Car0 (2, 2)-3.98-139.92 MOVING "Turn back from plant[2, 2]."
2019-06-29 16:11:57,387 INFO Car0 (2, 2)-3.97-139.92 MOVING "Move to plant[2, 3]."
2019-06-29 16:12:10,909 INFO Car0 (2, 3)-3.96-141.19 MOVING "Turn to plant[2, 3]."
2019-06-29 16:12:13,639 INFO Car0 (2, 3)-3.95-141.19 WORKING-IRRIGATE "Execute irrigation mission."
2019-06-29 16:12:21,987 INFO Car0 (2, 3)-3.95-141.19 MOVING "Turn back from plant[2, 3]."
2019-06-29 16:12:24,486 INFO Car0 (2, 3)-3.94-141.19 MOVING "Move to plant[2, 4]."
2019-06-29 16:12:40,895 INFO Car0 (2, 4)-3.92-142.77 MOVING "Turn to plant[2, 4]."
2019-06-29 16:12:43,878 INFO Car0 (2, 4)-3.92-142.77 WORKING-IRRIGATE "Execute irrigation mission."
2019-06-29 16:12:51,190 INFO Car0 (2, 4)-3.92-142.77 MOVING "Turn back from plant[2, 4]."
2019-06-29 16:12:53,958 INFO Car0 (2, 4)-3.91-142.77 MOVING "Back to the entrance of ravine[2]."
2019-06-29 16:12:54,206 INFO Car0 (2, 0)-3.91-142.77 MOVING "Turn to the ravine channel."
2019-06-29 16:12:57,314 INFO Car0 (2, 0)-3.90-142.77 MOVING "Move to ravine[3]."
2019-06-29 16:13:16,735 INFO Car0 (3, 0)-3.88-144.69 MOVING "Turn into ravine[3]."
2019-06-29 16:13:19,571 INFO Car0 (3, 0)-3.87-144.69 MOVING "Move to plant[3, 0]."
2019-06-29 16:13:23,571 INFO Car0 (3, 0)-3.87-145.00 MOVING "Turn to plant[3, 0]."
2019-06-29 16:13:26,083 INFO Car0 (3, 0)-3.86-145.00 WORKING-IRRIGATE "Execute irrigation mission."
2019-06-29 16:13:36,505 INFO Car0 (3, 0)-3.86-145.00 MOVING "Turn back from plant[3, 0]."
2019-06-29 16:13:39,126 INFO Car0 (3, 0)-3.85-145.00 MOVING "Move to plant[3, 1]."
2019-06-29 16:13:47,230 INFO Car0 (3, 1)-3.84-145.72 MOVING "Turn to plant[3, 1]."
2019-06-29 16:13:49,682 INFO Car0 (3, 1)-3.83-145.72 WORKING-IRRIGATE "Execute irrigation mission."
2019-06-29 16:14:03,553 INFO Car0 (3, 1)-3.83-145.72 MOVING "Turn back from plant[3, 1]."
2019-06-29 16:14:06,700 INFO Car0 (3, 1)-3.82-145.72 MOVING "Move to plant[3, 2]."
2019-06-29 16:14:18,331 INFO Car0 (3, 2)-3.81-146.78 MOVING "Turn to plant[3, 2]."
2019-06-29 16:14:21,137 INFO Car0 (3, 2)-3.80-146.78 WORKING-IRRIGATE "Execute irrigation mission."
2019-06-29 16:14:27,194 INFO Car0 (3, 2)-3.80-146.78 MOVING "Turn back from plant[3, 2]."
2019-06-29 16:14:29,747 INFO Car0 (3, 2)-3.79-146.78 MOVING "Move to plant[3, 3]."
2019-06-29 16:14:42,670 INFO Car0 (3, 3)-3.78-148.04 MOVING "Turn to plant[3, 3]."
2019-06-29 16:14:45,286 INFO Car0 (3, 3)-3.77-148.04 WORKING-IRRIGATE "Execute irrigation mission."
2019-06-29 16:14:50,735 INFO Car0 (3, 3)-3.77-148.04 MOVING "Turn back from plant[3, 3]."
2019-06-29 16:14:53,790 INFO Car0 (3, 3)-3.76-148.04 MOVING "Move to plant[3, 4]."
2019-06-29 16:15:10,570 INFO Car0 (3, 4)-3.75-149.65 MOVING "Turn to plant[3, 4]."
2019-06-29 16:15:13,076 INFO Car0 (3, 4)-3.74-149.65 WORKING-WEED "Execute weeding mission."
2019-06-29 16:15:26,109 INFO Car0 (3, 4)-3.74-149.65 MOVING "Turn back from plant[3, 4]."
2019-06-29 16:15:29,212 INFO Car0 (3, 4)-3.73-149.65 MOVING "Back to the entrance of ravine[3]."
2019-06-29 16:15:29,426 INFO Car0 (3, 0)-3.73-149.65 MOVING "Turn to the ravine channel."
2019-06-29 16:15:32,243 INFO Car0 (3, 0)-3.72-149.65 MOVING "Move to ravine[4]."
2019-06-29 16:15:57,746 INFO Car0 (4, 0)-3.70-152.12 MOVING "Turn into ravine[4]."
2019-06-29 16:16:00,189 INFO Car0 (4, 0)-3.69-152.12 MOVING "Move to plant[4, 0]."
2019-06-29 16:16:04,156 INFO Car0 (4, 0)-3.68-152.44 MOVING "Turn to plant[4, 0]."
2019-06-29 16:16:07,036 INFO Car0 (4, 0)-3.67-152.44 WORKING-IRRIGATE "Execute irrigation mission."
2019-06-29 16:16:21,666 INFO Car0 (4, 0)-3.67-152.44 MOVING "Turn back from plant[4, 0]."
2019-06-29 16:16:24,191 INFO Car0 (4, 0)-3.67-152.44 MOVING "Move to plant[4, 1]."
2019-06-29 16:16:31,303 INFO Car0 (4, 1)-3.66-153.13 MOVING "Turn to plant[4, 1]."
2019-06-29 16:16:34,286 INFO Car0 (4, 1)-3.65-153.13 WORKING-IRRIGATE "Execute irrigation mission."
2019-06-29 16:16:41,647 INFO Car0 (4, 1)-3.65-153.13 MOVING "Turn back from plant[4, 1]."
2019-06-29 16:16:44,211 INFO Car0 (4, 1)-3.64-153.13 MOVING "Move to plant[4, 2]."
2019-06-29 16:16:56,166 INFO Car0 (4, 2)-3.63-154.21 MOVING "Turn to plant[4, 2]."
2019-06-29 16:16:58,606 INFO Car0 (4, 2)-3.62-154.21 WORKING-IRRIGATE "Execute irrigation mission."
2019-06-29 16:17:11,014 INFO Car0 (4, 2)-3.62-154.21 MOVING "Turn back from plant[4, 2]."
2019-06-29 16:17:13,565 INFO Car0 (4, 2)-3.61-154.21 MOVING "Move to plant[4, 3]."
2019-06-29 16:17:27,171 INFO Car0 (4, 3)-3.60-155.50 MOVING "Turn to plant[4, 3]."
2019-06-29 16:17:29,922 INFO Car0 (4, 3)-3.59-155.50 WORKING-IRRIGATE "Execute irrigation mission."
2019-06-29 16:17:38,199 INFO Car0 (4, 3)-3.59-155.50 MOVING "Turn back from plant[4, 3]."
2019-06-29 16:17:41,346 INFO Car0 (4, 3)-3.58-155.50 MOVING "Move to plant[4, 4]."
2019-06-29 16:17:58,220 INFO Car0 (4, 4)-3.56-157.10 MOVING "Turn to plant[4, 4]."
2019-06-29 16:18:00,951 INFO Car0 (4, 4)-3.56-157.10 WORKING-IRRIGATE "Execute irrigation mission."
2019-06-29 16:18:09,080 INFO Car0 (4, 4)-3.56-157.10 MOVING "Turn back from plant[4, 4]."
2019-06-29 16:18:12,135 INFO Car0 (4, 4)-3.55-157.10 MOVING "Back to the entrance of ravine[4]."
2019-06-29 16:18:12,343 INFO Car0 (4, 0)-3.55-157.10 MOVING "Turn to the ravine channel."
2019-06-29 16:18:14,665 INFO Car0 (4, 0)-3.54-157.10 MOVING "Back to ravine[0]."
2019-06-29 16:18:17,184 INFO Car0 (0, 0)-3.54-157.25 MOVING "Turn into ravine[0]."
2019-06-29 16:18:19,535 INFO Car0 (0, 0)-3.53-157.25 MOVING "Move to plant[0, 0]."
2019-06-29 16:18:23,592 INFO Car0 (0, 0)-3.52-157.59 MOVING "Turn to plant[0, 0]."
2019-06-29 16:18:26,416 INFO Car0 (0, 0)-3.52-157.59 WORKING-IRRIGATE "Execute irrigation mission."
2019-06-29 16:18:31,610 INFO Car0 (0, 0)-3.52-157.59 MOVING "Turn back from plant[0, 0]."
2019-06-29 16:18:34,459 INFO Car0 (0, 0)-3.51-157.59 MOVING "Move to plant[0, 1]."
2019-06-29 16:18:41,711 INFO Car0 (0, 1)-3.50-158.29 MOVING "Turn to plant[0, 1]."
2019-06-29 16:18:44,033 INFO Car0 (0, 1)-3.49-158.29 WORKING-IRRIGATE "Execute irrigation mission."
2019-06-29 16:18:53,510 INFO Car0 (0, 1)-3.49-158.29 MOVING "Turn back from plant[0, 1]."
2019-06-29 16:18:56,423 INFO Car0 (0, 1)-3.48-158.29 MOVING "Move to plant[0, 2]."
2019-06-29 16:19:07,012 INFO Car0 (0, 2)-3.47-159.31 MOVING "Turn to plant[0, 2]."
2019-06-29 16:19:10,035 INFO Car0 (0, 2)-3.46-159.31 WORKING-WEED "Execute weeding mission."
2019-06-29 16:19:19,697 INFO Car0 (0, 2)-3.46-159.31 MOVING "Turn back from plant[0, 2]."
2019-06-29 16:19:22,858 INFO Car0 (0, 2)-3.45-159.31 MOVING "Move to plant[0, 3]."
2019-06-29 16:19:37,038 INFO Car0 (0, 3)-3.44-160.61 MOVING "Turn to plant[0, 3]."
2019-06-29 16:19:39,745 INFO Car0 (0, 3)-3.43-160.61 WORKING-WEED "Execute weeding mission."
2019-06-29 16:19:53,943 INFO Car0 (0, 3)-3.43-160.61 MOVING "Turn back from plant[0, 3]."
2019-06-29 16:19:57,066 INFO Car0 (0, 3)-3.42-160.61 MOVING "Move to plant[0, 4]."
2019-06-29 16:20:13,932 INFO Car0 (0, 4)-3.41-162.23 MOVING "Turn to plant[0, 4]."
2019-06-29 16:20:16,553 INFO Car0 (0, 4)-3.40-162.23 WORKING-IRRIGATE "Execute irrigation mission."
2019-06-29 16:20:28,315 INFO Car0 (0, 4)-3.40-162.23 MOVING "Turn back from plant[0, 4]."
2019-06-29 16:20:30,862 INFO Car0 (0, 4)-3.39-162.23 MOVING "Back to the entrance of ravine[0]."
2019-06-29 16:20:31,950 INFO Car0 (0, 0)-3.39-162.23 MOVING "Turn to the ravine channel."
2019-06-29 16:20:34,922 INFO Car0 (0, 0)-3.38-162.23 MOVING "Move to ravine[1]."
2019-06-29 16:20:43,016 INFO Car0 (1, 0)-3.37-162.96 MOVING "Turn into ravine[1]."
2019-06-29 16:20:46,187 INFO Car0 (1, 0)-3.36-162.96 MOVING "Move to plant[1, 0]."
2019-06-29 16:20:50,174 INFO Car0 (1, 0)-3.36-163.26 MOVING "Turn to plant[1, 0]."
2019-06-29 16:20:53,249 INFO Car0 (1, 0)-3.35-163.26 WORKING-IRRIGATE "Execute irrigation mission."
2019-06-29 16:21:04,235 INFO Car0 (1, 0)-3.35-163.26 MOVING "Turn back from plant[1, 0]."
2019-06-29 16:21:07,122 INFO Car0 (1, 0)-3.34-163.26 MOVING "Move to plant[1, 1]."
2019-06-29 16:21:14,536 INFO Car0 (1, 1)-3.33-163.94 MOVING "Turn to plant[1, 1]."
2019-06-29 16:21:17,651 INFO Car0 (1, 1)-3.33-163.94 WORKING-IRRIGATE "Execute irrigation mission."
2019-06-29 16:21:24,363 INFO Car0 (1, 1)-3.33-163.94 MOVING "Turn back from plant[1, 1]."
2019-06-29 16:21:27,165 INFO Car0 (1, 1)-3.32-163.94 MOVING "Move to plant[1, 2]."
2019-06-29 16:21:38,289 INFO Car0 (1, 2)-3.31-164.99 MOVING "Turn to plant[1, 2]."
2019-06-29 16:21:41,157 INFO Car0 (1, 2)-3.30-164.99 WORKING-IRRIGATE "Execute irrigation mission."
2019-06-29 16:21:51,674 INFO Car0 (1, 2)-3.30-164.99 MOVING "Turn back from plant[1, 2]."
2019-06-29 16:21:54,414 INFO Car0 (1, 2)-3.29-164.99 MOVING "Move to plant[1, 3]."
2019-06-29 16:22:08,193 INFO Car0 (1, 3)-3.27-166.31 MOVING "Turn to plant[1, 3]."
2019-06-29 16:22:10,904 INFO Car0 (1, 3)-3.27-166.31 WORKING-IRRIGATE "Execute irrigation mission."
2019-06-29 16:22:25,187 INFO Car0 (1, 3)-3.27-166.31 MOVING "Turn back from plant[1, 3]."
2019-06-29 16:22:27,606 INFO Car0 (1, 3)-3.26-166.31 MOVING "Move to plant[1, 4]."
2019-06-29 16:22:44,048 INFO Car0 (1, 4)-3.24-167.91 MOVING "Turn to plant[1, 4]."
2019-06-29 16:22:46,570 INFO Car0 (1, 4)-3.23-167.91 WORKING-IRRIGATE "Execute irrigation mission."
2019-06-29 16:22:58,062 INFO Car0 (1, 4)-3.23-167.91 MOVING "Turn back from plant[1, 4]."
2019-06-29 16:23:00,272 INFO Car0 (1, 4)-3.22-167.91 MOVING "Back to the entrance of ravine[1]."
2019-06-29 16:23:00,517 INFO Car0 (1, 0)-3.22-167.91 MOVING "Turn to the ravine channel."
2019-06-29 16:23:02,834 INFO Car0 (1, 0)-3.21-167.91 MOVING "Move to ravine[2]."
2019-06-29 16:23:16,913 INFO Car0 (2, 0)-3.20-169.26 MOVING "Turn into ravine[2]."
2019-06-29 16:23:19,239 INFO Car0 (2, 0)-3.19-169.26 MOVING "Move to plant[2, 0]."
2019-06-29 16:23:22,779 INFO Car0 (2, 0)-3.19-169.59 MOVING "Turn to plant[2, 0]."
2019-06-29 16:23:25,504 INFO Car0 (2, 0)-3.18-169.59 WORKING-IRRIGATE "Execute irrigation mission."
2019-06-29 16:23:38,139 INFO Car0 (2, 0)-3.18-169.59 MOVING "Turn back from plant[2, 0]."
2019-06-29 16:23:40,653 INFO Car0 (2, 0)-3.17-169.59 MOVING "Move to plant[2, 1]."
2019-06-29 16:23:48,210 INFO Car0 (2, 1)-3.16-170.27 MOVING "Turn to plant[2, 1]."
2019-06-29 16:23:50,953 INFO Car0 (2, 1)-3.15-170.27 WORKING-IRRIGATE "Execute irrigation mission."
2019-06-29 16:23:59,432 INFO Car0 (2, 1)-3.15-170.27 MOVING "Turn back from plant[2, 1]."
2019-06-29 16:24:02,180 INFO Car0 (2, 1)-3.15-170.27 MOVING "Move to plant[2, 2]."
2019-06-29 16:24:13,564 INFO Car0 (2, 2)-3.13-171.37 MOVING "Turn to plant[2, 2]."
2019-06-29 16:24:16,664 INFO Car0 (2, 2)-3.13-171.37 WORKING-IRRIGATE "Execute irrigation mission."
2019-06-29 16:24:28,226 INFO Car0 (2, 2)-3.13-171.37 MOVING "Turn back from plant[2, 2]."
2019-06-29 16:24:30,858 INFO Car0 (2, 2)-3.12-171.37 MOVING "Move to plant[2, 3]."
2019-06-29 16:24:44,209 INFO Car0 (2, 3)-3.10-172.64 MOVING "Turn to plant[2, 3]."
2019-06-29 16:24:47,338 INFO Car0 (2, 3)-3.09-172.64 WORKING-IRRIGATE "Execute irrigation mission."
2019-06-29 16:24:55,388 INFO Car0 (2, 3)-3.09-172.64 MOVING "Turn back from plant[2, 3]."
2019-06-29 16:24:58,231 INFO Car0 (2, 3)-3.09-172.64 MOVING "Move to plant[2, 4]."
2019-06-29 16:25:14,725 INFO Car0 (2, 4)-3.07-174.22 MOVING "Turn to plant[2, 4]."
2019-06-29 16:25:17,337 INFO Car0 (2, 4)-3.06-174.22 WORKING-IRRIGATE "Execute irrigation mission."
2019-06-29 16:25:31,237 INFO Car0 (2, 4)-3.06-174.22 MOVING "Turn back from plant[2, 4]."
2019-06-29 16:25:34,433 INFO Car0 (2, 4)-3.05-174.22 MOVING "Back to the entrance of ravine[2]."
2019-06-29 16:25:35,598 INFO Car0 (2, 0)-3.05-174.22 MOVING "Turn to the ravine channel."
2019-06-29 16:25:38,165 INFO Car0 (2, 0)-3.04-174.22 MOVING "Move to ravine[3]."
2019-06-29 16:25:58,442 INFO Car0 (3, 0)-3.02-176.14 MOVING "Turn into ravine[3]."
2019-06-29 16:26:01,082 INFO Car0 (3, 0)-3.01-176.14 MOVING "Move to plant[3, 0]."
2019-06-29 16:26:05,092 INFO Car0 (3, 0)-3.01-176.45 MOVING "Turn to plant[3, 0]."
2019-06-29 16:26:07,416 INFO Car0 (3, 0)-3.00-176.45 WORKING-IRRIGATE "Execute irrigation mission."
2019-06-29 16:26:12,481 INFO Car0 (3, 0)-3.00-176.45 MOVING "Turn back from plant[3, 0]."
2019-06-29 16:26:14,708 INFO Car0 (3, 0)-2.99-176.45 MOVING "Move to plant[3, 1]."
2019-06-29 16:26:22,844 INFO Car0 (3, 1)-2.99-177.17 MOVING "Turn to plant[3, 1]."
2019-06-29 16:26:25,188 INFO Car0 (3, 1)-2.98-177.17 WORKING-IRRIGATE "Execute irrigation mission."
2019-06-29 16:26:35,117 INFO Car0 (3, 1)-2.98-177.17 MOVING "Turn back from plant[3, 1]."
2019-06-29 16:26:38,253 INFO Car0 (3, 1)-2.97-177.17 MOVING "Move to plant[3, 2]."
2019-06-29 16:26:49,668 INFO Car0 (3, 2)-2.96-178.23 MOVING "Turn to plant[3, 2]."
2019-06-29 16:26:51,977 INFO Car0 (3, 2)-2.95-178.23 WORKING-IRRIGATE "Execute irrigation mission."
2019-06-29 16:27:02,521 INFO Car0 (3, 2)-2.95-178.23 MOVING "Turn back from plant[3, 2]."
2019-06-29 16:27:05,394 INFO Car0 (3, 2)-2.94-178.23 MOVING "Move to plant[3, 3]."
2019-06-29 16:27:19,117 INFO Car0 (3, 3)-2.93-179.49 MOVING "Turn to plant[3, 3]."
2019-06-29 16:27:21,798 INFO Car0 (3, 3)-2.92-179.49 WORKING-WEED "Execute weeding mission."
2019-06-29 16:27:26,930 INFO Car0 (3, 3)-2.92-179.49 MOVING "Turn back from plant[3, 3]."
2019-06-29 16:27:29,818 INFO Car0 (3, 3)-2.91-179.49 MOVING "Move to plant[3, 4]."
2019-06-29 16:27:46,727 INFO Car0 (3, 4)-2.89-181.10 MOVING "Turn to plant[3, 4]."
2019-06-29 16:27:49,231 INFO Car0 (3, 4)-2.88-181.10 WORKING-IRRIGATE "Execute irrigation mission."
2019-06-29 16:27:58,807 INFO Car0 (3, 4)-2.88-181.10 MOVING "Turn back from plant[3, 4]."
2019-06-29 16:28:01,292 INFO Car0 (3, 4)-2.87-181.10 MOVING "Back to the entrance of ravine[3]."
2019-06-29 16:28:01,816 INFO Car0 (3, 0)-2.87-181.10 MOVING "Turn to the ravine channel."
2019-06-29 16:28:04,851 INFO Car0 (3, 0)-2.87-181.10 MOVING "Move to ravine[4]."
2019-06-29 16:28:30,080 INFO Car0 (4, 0)-2.84-183.57 MOVING "Turn into ravine[4]."
2019-06-29 16:28:33,216 INFO Car0 (4, 0)-2.83-183.57 MOVING "Move to plant[4, 0]."
2019-06-29 16:28:37,153 INFO Car0 (4, 0)-2.83-183.89 MOVING "Turn to plant[4, 0]."
2019-06-29 16:28:40,266 INFO Car0 (4, 0)-2.82-183.89 WORKING-IRRIGATE "Execute irrigation mission."
2019-06-29 16:28:50,426 INFO Car0 (4, 0)-2.82-183.89 MOVING "Turn back from plant[4, 0]."
2019-06-29 16:28:52,799 INFO Car0 (4, 0)-2.81-183.89 MOVING "Move to plant[4, 1]."
2019-06-29 16:29:00,770 INFO Car0 (4, 1)-2.80-184.58 MOVING "Turn to plant[4, 1]."
2019-06-29 16:29:03,588 INFO Car0 (4, 1)-2.80-184.58 WORKING-IRRIGATE "Execute irrigation mission."
2019-06-29 16:29:08,778 INFO Car0 (4, 1)-2.80-184.58 MOVING "Turn back from plant[4, 1]."
2019-06-29 16:29:11,418 INFO Car0 (4, 1)-2.79-184.58 MOVING "Move to plant[4, 2]."
2019-06-29 16:29:22,957 INFO Car0 (4, 2)-2.78-185.66 MOVING "Turn to plant[4, 2]."
2019-06-29 16:29:25,559 INFO Car0 (4, 2)-2.77-185.66 WORKING-IRRIGATE "Execute irrigation mission."
2019-06-29 16:29:32,208 INFO Car0 (4, 2)-2.77-185.66 MOVING "Turn back from plant[4, 2]."
2019-06-29 16:29:35,202 INFO Car0 (4, 2)-2.76-185.66 MOVING "Move to plant[4, 3]."
2019-06-29 16:29:48,448 INFO Car0 (4, 3)-2.74-186.95 MOVING "Turn to plant[4, 3]."
2019-06-29 16:29:51,040 INFO Car0 (4, 3)-2.74-186.95 WORKING-IRRIGATE "Execute irrigation mission."
2019-06-29 16:30:00,908 INFO Car0 (4, 3)-2.74-186.95 MOVING "Turn back from plant[4, 3]."
2019-06-29 16:30:03,938 INFO Car0 (4, 3)-2.73-186.95 MOVING "Move to plant[4, 4]."
2019-06-29 16:30:20,147 INFO Car0 (4, 4)-2.71-188.55 MOVING "Turn to plant[4, 4]."
2019-06-29 16:30:22,497 INFO Car0 (4, 4)-2.70-188.55 WORKING-IRRIGATE "Execute irrigation mission."
2019-06-29 16:30:36,362 INFO Car0 (4, 4)-2.70-188.55 MOVING "Turn back from plant[4, 4]."
2019-06-29 16:30:39,138 INFO Car0 (4, 4)-2.69-188.55 MOVING "Back to the entrance of ravine[4]."
2019-06-29 16:30:39,787 INFO Car0 (4, 0)-2.69-188.55 MOVING "Turn to the ravine channel."
2019-06-29 16:30:42,914 INFO Car0 (4, 0)-2.68-188.55 MOVING "Back to ravine[0]."
2019-06-29 16:30:45,272 INFO Car0 (0, 0)-2.68-188.70 MOVING "Turn into ravine[0]."
2019-06-29 16:30:48,106 INFO Car0 (0, 0)-2.67-188.70 MOVING "Move to plant[0, 0]."
2019-06-29 16:30:52,669 INFO Car0 (0, 0)-2.67-189.04 MOVING "Turn to plant[0, 0]."
2019-06-29 16:30:55,761 INFO Car0 (0, 0)-2.66-189.04 WORKING-IRRIGATE "Execute irrigation mission."
2019-06-29 16:31:09,017 INFO Car0 (0, 0)-2.66-189.04 MOVING "Turn back from plant[0, 0]."
2019-06-29 16:31:11,713 INFO Car0 (0, 0)-2.65-189.04 MOVING "Move to plant[0, 1]."
2019-06-29 16:31:19,007 INFO Car0 (0, 1)-2.64-189.74 MOVING "Turn to plant[0, 1]."
2019-06-29 16:31:21,518 INFO Car0 (0, 1)-2.64-189.74 WORKING-IRRIGATE "Execute irrigation mission."
2019-06-29 16:31:34,125 INFO Car0 (0, 1)-2.64-189.74 MOVING "Turn back from plant[0, 1]."
2019-06-29 16:31:36,468 INFO Car0 (0, 1)-2.63-189.74 MOVING "Move to plant[0, 2]."
2019-06-29 16:31:47,380 INFO Car0 (0, 2)-2.62-190.76 MOVING "Turn to plant[0, 2]."
2019-06-29 16:31:50,128 INFO Car0 (0, 2)-2.61-190.76 WORKING-IRRIGATE "Execute irrigation mission."
2019-06-29 16:31:59,192 INFO Car0 (0, 2)-2.61-190.76 MOVING "Turn back from plant[0, 2]."
2019-06-29 16:32:01,706 INFO Car0 (0, 2)-2.60-190.76 MOVING "Move to plant[0, 3]."
2019-06-29 16:32:15,884 INFO Car0 (0, 3)-2.59-192.06 MOVING "Turn to plant[0, 3]."
2019-06-29 16:32:18,453 INFO Car0 (0, 3)-2.58-192.06 WORKING-WEED "Execute weeding mission."
2019-06-29 16:32:32,952 INFO Car0 (0, 3)-2.58-192.06 MOVING "Turn back from plant[0, 3]."
2019-06-29 16:32:35,224 INFO Car0 (0, 3)-2.57-192.06 MOVING "Move to plant[0, 4]."
2019-06-29 16:32:52,512 INFO Car0 (0, 4)-2.55-193.68 MOVING "Turn to plant[0, 4]."
2019-06-29 16:32:55,592 INFO Car0 (0, 4)-2.54-193.68 WORKING-IRRIGATE "Execute irrigation mission."
2019-06-29 16:33:08,203 INFO Car0 (0, 4)-2.54-193.68 MOVING "Turn back from plant[0, 4]."
2019-06-29 16:33:10,650 INFO Car0 (0, 4)-2.53-193.68 MOVING "Back to the entrance of ravine[0]."
2019-06-29 16:33:11,154 INFO Car0 (0, 0)-2.53-193.68 MOVING "Turn to the ravine channel."
2019-06-29 16:33:14,144 INFO Car0 (0, 0)-2.52-193.68 MOVING "Move to ravine[1]."
2019-06-29 16:33:22,551 INFO Car0 (1, 0)-2.52-194.41 MOVING "Turn into ravine[1]."
2019-06-29 16:33:25,551 INFO Car0 (1, 0)-2.51-194.41 MOVING "Move to plant[1, 0]."
2019-06-29 16:33:29,738 INFO Car0 (1, 0)-2.50-194.71 MOVING "Turn to plant[1, 0]."
2019-06-29 16:33:32,659 INFO Car0 (1, 0)-2.50-194.71 WORKING-IRRIGATE "Execute irrigation mission."
2019-06-29 16:33:44,686 INFO Car0 (1, 0)-2.50-194.71 MOVING "Turn back from plant[1, 0]."
2019-06-29 16:33:47,773 INFO Car0 (1, 0)-2.49-194.71 MOVING "Move to plant[1, 1]."
2019-06-29 16:33:55,089 INFO Car0 (1, 1)-2.48-195.39 MOVING "Turn to plant[1, 1]."
2019-06-29 16:33:57,511 INFO Car0 (1, 1)-2.47-195.39 WORKING-IRRIGATE "Execute irrigation mission."
2019-06-29 16:34:11,850 INFO Car0 (1, 1)-2.47-195.39 MOVING "Turn back from plant[1, 1]."
2019-06-29 16:34:14,173 INFO Car0 (1, 1)-2.46-195.39 MOVING "Move to plant[1, 2]."
2019-06-29 16:34:25,140 INFO Car0 (1, 2)-2.45-196.44 MOVING "Turn to plant[1, 2]."
2019-06-29 16:34:28,153 INFO Car0 (1, 2)-2.44-196.44 WORKING-IRRIGATE "Execute irrigation mission."
2019-06-29 16:34:33,688 INFO Car0 (1, 2)-2.44-196.44 MOVING "Turn back from plant[1, 2]."
2019-06-29 16:34:36,372 INFO Car0 (1, 2)-2.43-196.44 MOVING "Move to plant[1, 3]."
2019-06-29 16:34:50,429 INFO Car0 (1, 3)-2.42-197.76 MOVING "Turn to plant[1, 3]."
2019-06-29 16:34:53,278 INFO Car0 (1, 3)-2.41-197.76 WORKING-IRRIGATE "Execute irrigation mission."
2019-06-29 16:34:59,652 INFO Car0 (1, 3)-2.41-197.76 MOVING "Turn back from plant[1, 3]."
2019-06-29 16:35:02,459 INFO Car0 (1, 3)-2.40-197.76 MOVING "Move to plant[1, 4]."
2019-06-29 16:35:18,716 INFO Car0 (1, 4)-2.39-199.36 MOVING "Turn to plant[1, 4]."
2019-06-29 16:35:21,680 INFO Car0 (1, 4)-2.38-199.36 WORKING-IRRIGATE "Execute irrigation mission."
2019-06-29 16:35:34,622 INFO Car0 (1, 4)-2.38-199.36 MOVING "Turn back from plant[1, 4]."
2019-06-29 16:35:37,212 INFO Car0 (1, 4)-2.37-199.36 MOVING "Back to the entrance of ravine[1]."
2019-06-29 16:35:37,874 INFO Car0 (1, 0)-2.37-199.36 MOVING "Turn to the ravine channel."
2019-06-29 16:35:41,072 INFO Car0 (1, 0)-2.36-199.36 MOVING "Move to ravine[2]."
2019-06-29 16:35:55,364 INFO Car0 (2, 0)-2.35-200.71 MOVING "Turn into ravine[2]."
2019-06-29 16:35:58,379 INFO Car0 (2, 0)-2.34-200.71 MOVING "Move to plant[2, 0]."
2019-06-29 16:36:02,449 INFO Car0 (2, 0)-2.33-201.04 MOVING "Turn to plant[2, 0]."
2019-06-29 16:36:04,947 INFO Car0 (2, 0)-2.32-201.04 WORKING-IRRIGATE "Execute irrigation mission."
2019-06-29 16:36:15,432 INFO Car0 (2, 0)-2.32-201.04 MOVING "Turn back from plant[2, 0]."
2019-06-29 16:36:17,796 INFO Car0 (2, 0)-2.32-201.04 MOVING "Move to plant[2, 1]."
2019-06-29 16:36:25,767 INFO Car0 (2, 1)-2.31-201.72 MOVING "Turn to plant[2, 1]."
2019-06-29 16:36:28,125 INFO Car0 (2, 1)-2.30-201.72 WORKING-IRRIGATE "Execute irrigation mission."
2019-06-29 16:36:37,350 INFO Car0 (2, 1)-2.30-201.72 MOVING "Turn back from plant[2, 1]."
2019-06-29 16:36:40,147 INFO Car0 (2, 1)-2.29-201.72 MOVING "Move to plant[2, 2]."
2019-06-29 16:36:51,948 INFO Car0 (2, 2)-2.28-202.82 MOVING "Turn to plant[2, 2]."
2019-06-29 16:36:54,771 INFO Car0 (2, 2)-2.27-202.82 WORKING-IRRIGATE "Execute irrigation mission."
2019-06-29 16:37:09,298 INFO Car0 (2, 2)-2.27-202.82 MOVING "Turn back from plant[2, 2]."
2019-06-29 16:37:12,402 INFO Car0 (2, 2)-2.26-202.82 MOVING "Move to plant[2, 3]."
2019-06-29 16:37:25,379 INFO Car0 (2, 3)-2.25-204.09 MOVING "Turn to plant[2, 3]."
2019-06-29 16:37:28,550 INFO Car0 (2, 3)-2.24-204.09 WORKING-IRRIGATE "Execute irrigation mission."
2019-06-29 16:37:36,946 INFO Car0 (2, 3)-2.24-204.09 MOVING "Turn back from plant[2, 3]."
2019-06-29 16:37:40,113 INFO Car0 (2, 3)-2.23-204.09 MOVING "Move to plant[2, 4]."
2019-06-29 16:37:56,731 INFO Car0 (2, 4)-2.22-205.67 MOVING "Turn to plant[2, 4]."
2019-06-29 16:37:59,270 INFO Car0 (2, 4)-2.21-205.67 WORKING-IRRIGATE "Execute irrigation mission."
2019-06-29 16:38:08,955 INFO Car0 (2, 4)-2.21-205.67 MOVING "Turn back from plant[2, 4]."
2019-06-29 16:38:12,074 INFO Car0 (2, 4)-2.20-205.67 MOVING "Back to the entrance of ravine[2]."
2019-06-29 16:38:12,407 INFO Car0 (2, 0)-2.20-205.67 MOVING "Turn to the ravine channel."
2019-06-29 16:38:14,743 INFO Car0 (2, 0)-2.19-205.67 MOVING "Move to ravine[3]."
2019-06-29 16:38:34,420 INFO Car0 (3, 0)-2.17-207.59 MOVING "Turn into ravine[3]."
2019-06-29 16:38:37,435 INFO Car0 (3, 0)-2.16-207.59 MOVING "Move to plant[3, 0]."
2019-06-29 16:38:40,976 INFO Car0 (3, 0)-2.16-207.90 MOVING "Turn to plant[3, 0]."
2019-06-29 16:38:43,600 INFO Car0 (3, 0)-2.15-207.90 WORKING-IRRIGATE "Execute irrigation mission."
2019-06-29 16:38:51,829 INFO Car0 (3, 0)-2.15-207.90 MOVING "Turn back from plant[3, 0]."
2019-06-29 16:38:54,193 INFO Car0 (3, 0)-2.14-207.90 MOVING "Move to plant[3, 1]."
2019-06-29 16:39:01,702 INFO Car0 (3, 1)-2.13-208.62 MOVING "Turn to plant[3, 1]."
2019-06-29 16:39:04,378 INFO Car0 (3, 1)-2.12-208.62 WORKING-IRRIGATE "Execute irrigation mission."
2019-06-29 16:39:18,897 INFO Car0 (3, 1)-2.12-208.62 MOVING "Turn back from plant[3, 1]."
2019-06-29 16:39:21,619 INFO Car0 (3, 1)-2.11-208.62 MOVING "Move to plant[3, 2]."
2019-06-29 16:39:32,669 INFO Car0 (3, 2)-2.10-209.68 MOVING "Turn to plant[3, 2]."
2019-06-29 16:39:35,495 INFO Car0 (3, 2)-2.09-209.68 WORKING-WEED "Execute weeding mission."
2019-06-29 16:39:45,030 INFO Car0 (3, 2)-2.09-209.68 MOVING "Turn back from plant[3, 2]."
2019-06-29 16:39:47,599 INFO Car0 (3, 2)-2.09-209.68 MOVING "Move to plant[3, 3]."
2019-06-29 16:40:01,082 INFO Car0 (3, 3)-2.07-210.94 MOVING "Turn to plant[3, 3]."
2019-06-29 16:40:03,824 INFO Car0 (3, 3)-2.06-210.94 WORKING-IRRIGATE "Execute irrigation mission."
2019-06-29 16:40:13,295 INFO Car0 (3, 3)-2.06-210.94 MOVING "Turn back from plant[3, 3]."
2019-06-29 16:40:16,037 INFO Car0 (3, 3)-2.05-210.94 MOVING "Move to plant[3, 4]."
2019-06-29 16:40:32,873 INFO Car0 (3, 4)-2.04-212.55 MOVING "Turn to plant[3, 4]."
2019-06-29 16:40:35,205 INFO Car0 (3, 4)-2.03-212.55 WORKING-IRRIGATE "Execute irrigation mission."
2019-06-29 16:40:40,209 INFO Car0 (3, 4)-2.03-212.55 MOVING "Turn back from plant[3, 4]."
2019-06-29 16:40:43,143 INFO Car0 (3, 4)-2.02-212.55 MOVING "Back to the entrance of ravine[3]."
2019-06-29 16:40:43,593 INFO Car0 (3, 0)-2.02-212.55 MOVING "Turn to the ravine channel."
2019-06-29 16:40:46,190 INFO Car0 (3, 0)-2.01-212.55 MOVING "Move to ravine[4]."
2019-06-29 16:41:11,594 INFO Car0 (4, 0)-1.99-215.02 MOVING "Turn into ravine[4]."
2019-06-29 16:41:14,418 INFO Car0 (4, 0)-1.98-215.02 MOVING "Move to plant[4, 0]."
2019-06-29 16:41:18,334 INFO Car0 (4, 0)-1.97-215.34 MOVING "Turn to plant[4, 0]."
2019-06-29 16:41:21,450 INFO Car0 (4, 0)-1.97-215.34 WORKING-IRRIGATE "Execute irrigation mission."
2019-06-29 16:41:26,668 INFO Car0 (4, 0)-1.97-215.34 MOVING "Turn back from plant[4, 0]."
2019-06-29 16:41:29,218 INFO Car0 (4, 0)-1.96-215.34 MOVING "Move to plant[4, 1]."
2019-06-29 16:41:36,370 INFO Car0 (4, 1)-1.95-216.03 MOVING "Turn to plant[4, 1]."
2019-06-29 16:41:38,735 INFO Car0 (4, 1)-1.94-216.03 WORKING-IRRIGATE "Execute irrigation mission."
2019-06-29 16:41:43,751 INFO Car0 (4, 1)-1.94-216.03 MOVING "Turn back from plant[4, 1]."
2019-06-29 16:41:46,377 INFO Car0 (4, 1)-1.93-216.03 MOVING "Move to plant[4, 2]."
2019-06-29 16:41:58,074 INFO Car0 (4, 2)-1.92-217.11 MOVING "Turn to plant[4, 2]."
2019-06-29 16:42:00,996 INFO Car0 (4, 2)-1.91-217.11 WORKING-IRRIGATE "Execute irrigation mission."
2019-06-29 16:42:09,797 INFO Car0 (4, 2)-1.91-217.11 MOVING "Turn back from plant[4, 2]."
2019-06-29 16:42:12,867 INFO Car0 (4, 2)-1.90-217.11 MOVING "Move to plant[4, 3]."
2019-06-29 16:42:26,906 INFO Car0 (4, 3)-1.89-218.40 MOVING "Turn to plant[4, 3]."
2019-06-29 16:42:29,609 INFO Car0 (4, 3)-1.88-218.40 WORKING-IRRIGATE "Execute irrigation mission."
2019-06-29 16:42:42,997 INFO Car0 (4, 3)-1.88-218.40 MOVING "Turn back from plant[4, 3]."
2019-06-29 16:42:45,530 INFO Car0 (4, 3)-1.87-218.40 MOVING "Move to plant[4, 4]."
2019-06-29 16:43:01,871 INFO Car0 (4, 4)-1.86-220.00 MOVING "Turn to plant[4, 4]."
2019-06-29 16:43:04,219 INFO Car0 (4, 4)-1.85-220.00 WORKING-IRRIGATE "Execute irrigation mission."
2019-06-29 16:43:10,502 INFO Car0 (4, 4)-1.85-220.00 MOVING "Turn back from plant[4, 4]."
2019-06-29 16:43:13,636 INFO Car0 (4, 4)-1.84-220.00 MOVING "Back to the entrance of ravine[4]."
2019-06-29 16:43:14,157 INFO Car0 (4, 0)-1.84-220.00 MOVING "Turn to the ravine channel."
2019-06-29 16:43:17,207 INFO Car0 (4, 0)-1.83-220.00 MOVING "Back to ravine[0]."
2019-06-29 16:43:19,820 INFO Car0 (0, 0)-1.83-220.15 MOVING "Turn into ravine[0]."
2019-06-29 16:43:22,130 INFO Car0 (0, 0)-1.82-220.15 MOVING "Move to plant[0, 0]."
2019-06-29 16:43:26,631 INFO Car0 (0, 0)-1.82-220.49 MOVING "Turn to plant[0, 0]."
2019-06-29 16:43:28,971 INFO Car0 (0, 0)-1.81-220.49 WORKING-IRRIGATE "Execute irrigation mission."
2019-06-29 16:43:37,761 INFO Car0 (0, 0)-1.81-220.49 MOVING "Turn back from plant[0, 0]."
2019-06-29 16:43:40,163 INFO Car0 (0, 0)-1.80-220.49 MOVING "Move to plant[0, 1]."
2019-06-29 16:43:47,791 INFO Car0 (0, 1)-1.79-221.19 MOVING "Turn to plant[0, 1]."
2019-06-29 16:43:50,221 INFO Car0 (0, 1)-1.78-221.19 WORKING-WEED "Execute weeding mission."
2019-06-29 16:43:58,243 INFO Car0 (0, 1)-1.78-221.19 MOVING "Turn back from plant[0, 1]."
2019-06-29 16:44:01,260 INFO Car0 (0, 1)-1.77-221.19 MOVING "Move to plant[0, 2]."
2019-06-29 16:44:12,286 INFO Car0 (0, 2)-1.76-222.21 MOVING "Turn to plant[0, 2]."
2019-06-29 16:44:15,146 INFO Car0 (0, 2)-1.75-222.21 WORKING-IRRIGATE "Execute irrigation mission."
2019-06-29 16:44:26,534 INFO Car0 (0, 2)-1.75-222.21 MOVING "Turn back from plant[0, 2]."
2019-06-29 16:44:29,730 INFO Car0 (0, 2)-1.74-222.21 MOVING "Move to plant[0, 3]."
2019-06-29 16:44:43,850 INFO Car0 (0, 3)-1.73-223.51 MOVING "Turn to plant[0, 3]."
2019-06-29 16:44:46,478 INFO Car0 (0, 3)-1.72-223.51 WORKING-IRRIGATE "Execute irrigation mission."
2019-06-29 16:45:00,582 INFO Car0 (0, 3)-1.72-223.51 MOVING "Turn back from plant[0, 3]."
2019-06-29 16:45:03,310 INFO Car0 (0, 3)-1.71-223.51 MOVING "Move to plant[0, 4]."
2019-06-29 16:45:20,588 INFO Car0 (0, 4)-1.70-225.13 MOVING "Turn to plant[0, 4]."
2019-06-29 16:45:23,254 INFO Car0 (0, 4)-1.69-225.13 WORKING-IRRIGATE "Execute irrigation mission."
2019-06-29 16:45:28,403 INFO Car0 (0, 4)-1.69-225.13 MOVING "Turn back from plant[0, 4]."
2019-06-29 16:45:31,531 INFO Car0 (0, 4)-1.68-225.13 MOVING "Back to the entrance of ravine[0]."
2019-06-29 16:45:31,749 INFO Car0 (0, 0)-1.68-225.13 MOVING "Turn to the ravine channel."
2019-06-29 16:45:34,102 INFO Car0 (0, 0)-1.67-225.13 MOVING "Move to ravine[1]."
2019-06-29 16:45:41,849 INFO Car0 (1, 0)-1.66-225.86 MOVING "Turn into ravine[1]."
2019-06-29 16:45:44,365 INFO Car0 (1, 0)-1.65-225.86 MOVING "Move to plant[1, 0]."
2019-06-29 16:45:48,567 INFO Car0 (1, 0)-1.65-226.16 MOVING "Turn to plant[1, 0]."
2019-06-29 16:45:51,115 INFO Car0 (1, 0)-1.64-226.16 WORKING-IRRIGATE "Execute irrigation mission."
2019-06-29 16:46:01,867 INFO Car0 (1, 0)-1.64-226.16 MOVING "Turn back from plant[1, 0]."
2019-06-29 16:46:04,577 INFO Car0 (1, 0)-1.63-226.16 MOVING "Move to plant[1, 1]."
2019-06-29 16:46:11,586 INFO Car0 (1, 1)-1.63-226.84 MOVING "Turn to plant[1, 1]."
2019-06-29 16:46:13,960 INFO Car0 (1, 1)-1.62-226.84 WORKING-IRRIGATE "Execute irrigation mission."
2019-06-29 16:46:24,471 INFO Car0 (1, 1)-1.62-226.84 MOVING "Turn back from plant[1, 1]."
2019-06-29 16:46:27,197 INFO Car0 (1, 1)-1.61-226.84 MOVING "Move to plant[1, 2]."
2019-06-29 16:46:38,572 INFO Car0 (1, 2)-1.60-227.89 MOVING "Turn to plant[1, 2]."
2019-06-29 16:46:41,664 INFO Car0 (1, 2)-1.59-227.89 WORKING-IRRIGATE "Execute irrigation mission."
2019-06-29 16:46:55,715 INFO Car0 (1, 2)-1.59-227.89 MOVING "Turn back from plant[1, 2]."
2019-06-29 16:46:58,247 INFO Car0 (1, 2)-1.58-227.89 MOVING "Move to plant[1, 3]."
2019-06-29 16:47:12,167 INFO Car0 (1, 3)-1.57-229.21 MOVING "Turn to plant[1, 3]."
2019-06-29 16:47:15,307 INFO Car0 (1, 3)-1.56-229.21 WORKING-IRRIGATE "Execute irrigation mission."
2019-06-29 16:47:20,961 INFO Car0 (1, 3)-1.56-229.21 MOVING "Turn back from plant[1, 3]."
2019-06-29 16:47:23,649 INFO Car0 (1, 3)-1.55-229.21 MOVING "Move to plant[1, 4]."
2019-06-29 16:47:40,651 INFO Car0 (1, 4)-1.53-230.81 MOVING "Turn to plant[1, 4]."
2019-06-29 16:47:43,562 INFO Car0 (1, 4)-1.52-230.81 WORKING-IRRIGATE "Execute irrigation mission."
2019-06-29 16:47:52,346 INFO Car0 (1, 4)-1.52-230.81 MOVING "Turn back from plant[1, 4]."
2019-06-29 16:47:55,417 INFO Car0 (1, 4)-1.51-230.81 MOVING "Back to the entrance of ravine[1]."
2019-06-29 16:47:55,846 INFO Car0 (1, 0)-1.51-230.81 MOVING "Turn to the ravine channel."
2019-06-29 16:47:58,337 INFO Car0 (1, 0)-1.50-230.81 MOVING "Move to ravine[2]."
2019-06-29 16:48:12,843 INFO Car0 (2, 0)-1.49-232.16 MOVING "Turn into ravine[2]."
2019-06-29 16:48:15,363 WARNING Car0 (2, 0)-1.48-232.16 MOVING "Low battery! Need charging."
2019-06-29 16:48:15,364 INFO Car0 (2, 0)-1.48-232.16 MOVING "Move to plant[2, 0]."
2019-06-29 16:48:19,179 INFO Car0 (2, 0)-1.48-232.49 MOVING "Turn to plant[2, 0]."
2019-06-29 16:48:21,451 INFO Car0 (2, 0)-1.47-232.49 WORKING-IRRIGATE "Execute irrigation mission."
2019-06-29 16:48:32,163 INFO Car0 (2, 0)-1.47-232.49 MOVING "Turn back from plant[2, 0]."
2019-06-29 16:48:34,880 INFO Car0 (2, 0)-1.46-232.49 MOVING "Move to plant[2, 1]."
2019-06-29 16:48:42,402 INFO Car0 (2, 1)-1.45-233.17 MOVING "Turn to plant[2, 1]."
2019-06-29 16:48:45,001 INFO Car0 (2, 1)-1.45-233.17 WORKING-IRRIGATE "Execute irrigation mission."
2019-06-29 16:48:58,272 INFO Car0 (2, 1)-1.45-233.17 MOVING "Turn back from plant[2, 1]."
2019-06-29 16:49:01,413 INFO Car0 (2, 1)-1.44-233.17 MOVING "Move to plant[2, 2]."
2019-06-29 16:49:12,730 INFO Car0 (2, 2)-1.43-234.27 MOVING "Turn to plant[2, 2]."
2019-06-29 16:49:15,736 INFO Car0 (2, 2)-1.42-234.27 WORKING-IRRIGATE "Execute irrigation mission."
2019-06-29 16:49:26,804 INFO Car0 (2, 2)-1.42-234.27 MOVING "Turn back from plant[2, 2]."
2019-06-29 16:49:29,841 INFO Car0 (2, 2)-1.41-234.27 MOVING "Move to plant[2, 3]."
2019-06-29 16:49:43,207 INFO Car0 (2, 3)-1.39-235.54 MOVING "Turn to plant[2, 3]."
2019-06-29 16:49:45,483 INFO Car0 (2, 3)-1.39-235.54 WORKING-IRRIGATE "Execute irrigation mission."
2019-06-29 16:49:53,379 INFO Car0 (2, 3)-1.39-235.54 MOVING "Turn back from plant[2, 3]."
2019-06-29 16:49:55,783 INFO Car0 (2, 3)-1.38-235.54 MOVING "Move to plant[2, 4]."
2019-06-29 16:50:12,277 INFO Car0 (2, 4)-1.36-237.12 MOVING "Turn to plant[2, 4]."
2019-06-29 16:50:14,510 INFO Car0 (2, 4)-1.35-237.12 WORKING-IRRIGATE "Execute irrigation mission."
2019-06-29 16:50:25,415 INFO Car0 (2, 4)-1.35-237.12 MOVING "Turn back from plant[2, 4]."
2019-06-29 16:50:28,014 INFO Car0 (2, 4)-1.34-237.12 MOVING "Back to the entrance of ravine[2]."
2019-06-29 16:50:29,082 INFO Car0 (2, 0)-1.34-237.12 MOVING "Turn to the ravine channel."
2019-06-29 16:50:32,022 INFO Car0 (2, 0)-1.33-237.12 MOVING "Move to ravine[3]."
2019-06-29 16:50:51,509 INFO Car0 (3, 0)-1.31-239.04 MOVING "Turn into ravine[3]."
2019-06-29 16:50:54,603 WARNING Car0 (3, 0)-1.31-239.04 MOVING "Low battery! Need charging."
2019-06-29 16:50:54,605 INFO Car0 (3, 0)-1.31-239.04 MOVING "Move to plant[3, 0]."
2019-06-29 16:50:58,611 INFO Car0 (3, 0)-1.30-239.35 MOVING "Turn to plant[3, 0]."
2019-06-29 16:51:01,080 INFO Car0 (3, 0)-1.29-239.35 WORKING-IRRIGATE "Execute irrigation mission."
2019-06-29 16:51:08,895 INFO Car0 (3, 0)-1.29-239.35 MOVING "Turn back from plant[3, 0]."
2019-06-29 16:51:11,534 INFO Car0 (3, 0)-1.28-239.35 MOVING "Move to plant[3, 1]."
2019-06-29 16:51:19,662 INFO Car0 (3, 1)-1.28-240.07 MOVING "Turn to plant[3, 1]."
2019-06-29 16:51:22,243 INFO Car0 (3, 1)-1.27-240.07 WORKING-IRRIGATE "Execute irrigation mission."
2019-06-29 16:51:35,723 INFO Car0 (3, 1)-1.27-240.07 MOVING "Turn back from plant[3, 1]."
2019-06-29 16:51:38,027 INFO Car0 (3, 1)-1.26-240.07 MOVING "Move to plant[3, 2]."
2019-06-29 16:51:49,395 INFO Car0 (3, 2)-1.25-241.13 MOVING "Turn to plant[3, 2]."
2019-06-29 16:51:52,363 INFO Car0 (3, 2)-1.24-241.13 WORKING-IRRIGATE "Execute irrigation mission."
2019-06-29 16:51:59,730 INFO Car0 (3, 2)-1.24-241.13 MOVING "Turn back from plant[3, 2]."
2019-06-29 16:52:02,457 INFO Car0 (3, 2)-1.23-241.13 MOVING "Move to plant[3, 3]."
2019-06-29 16:52:16,230 INFO Car0 (3, 3)-1.22-242.39 MOVING "Turn to plant[3, 3]."
2019-06-29 16:52:19,369 INFO Car0 (3, 3)-1.21-242.39 WORKING-IRRIGATE "Execute irrigation mission."
2019-06-29 16:52:24,460 INFO Car0 (3, 3)-1.21-242.39 MOVING "Turn back from plant[3, 3]."
2019-06-29 16:52:27,111 INFO Car0 (3, 3)-1.20-242.39 MOVING "Move to plant[3, 4]."
2019-06-29 16:52:43,976 INFO Car0 (3, 4)-1.18-244.00 MOVING "Turn to plant[3, 4]."
2019-06-29 16:52:46,263 INFO Car0 (3, 4)-1.17-244.00 WORKING-IRRIGATE "Execute irrigation mission."
2019-06-29 16:52:59,372 INFO Car0 (3, 4)-1.17-244.00 MOVING "Turn back from plant[3, 4]."
2019-06-29 16:53:01,879 INFO Car0 (3, 4)-1.17-244.00 MOVING "Back to the entrance of ravine[3]."
2019-06-29 16:53:02,666 INFO Car0 (3, 0)-1.17-244.00 MOVING "Turn to the ravine channel."
2019-06-29 16:53:05,454 INFO Car0 (3, 0)-1.16-244.00 MOVING "Move to ravine[4]."
2019-06-29 16:53:31,190 INFO Car0 (4, 0)-1.13-246.47 MOVING "Turn into ravine[4]."
2019-06-29 16:53:33,471 WARNING Car0 (4, 0)-1.12-246.47 MOVING "Low battery! Need charging."
2019-06-29 16:53:33,471 INFO Car0 (4, 0)-1.12-246.47 MOVING "Move to plant[4, 0]."
2019-06-29 16:53:37,537 INFO Car0 (4, 0)-1.12-246.79 MOVING "Turn to plant[4, 0]."
2019-06-29 16:53:40,498 INFO Car0 (4, 0)-1.11-246.79 WORKING-IRRIGATE "Execute irrigation mission."
2019-06-29 16:53:53,057 INFO Car0 (4, 0)-1.11-246.79 MOVING "Turn back from plant[4, 0]."
2019-06-29 16:53:56,252 INFO Car0 (4, 0)-1.10-246.79 MOVING "Move to plant[4, 1]."
2019-06-29 16:54:03,823 INFO Car0 (4, 1)-1.10-247.48 MOVING "Turn to plant[4, 1]."
2019-06-29 16:54:06,386 INFO Car0 (4, 1)-1.09-247.48 WORKING-IRRIGATE "Execute irrigation mission."
2019-06-29 16:54:17,183 INFO Car0 (4, 1)-1.09-247.48 MOVING "Turn back from plant[4, 1]."
2019-06-29 16:54:19,583 INFO Car0 (4, 1)-1.08-247.48 MOVING "Move to plant[4, 2]."
2019-06-29 16:54:30,635 INFO Car0 (4, 2)-1.07-248.56 MOVING "Turn to plant[4, 2]."
2019-06-29 16:54:32,896 INFO Car0 (4, 2)-1.06-248.56 WORKING-IRRIGATE "Execute irrigation mission."
2019-06-29 16:54:40,620 INFO Car0 (4, 2)-1.06-248.56 MOVING "Turn back from plant[4, 2]."
2019-06-29 16:54:43,733 INFO Car0 (4, 2)-1.05-248.56 MOVING "Move to plant[4, 3]."
2019-06-29 16:54:56,877 INFO Car0 (4, 3)-1.04-249.85 MOVING "Turn to plant[4, 3]."
2019-06-29 16:55:00,051 INFO Car0 (4, 3)-1.03-249.85 WORKING-IRRIGATE "Execute irrigation mission."
2019-06-29 16:55:11,687 INFO Car0 (4, 3)-1.03-249.85 MOVING "Turn back from plant[4, 3]."
2019-06-29 16:55:14,439 INFO Car0 (4, 3)-1.02-249.85 MOVING "Move to plant[4, 4]."
2019-06-29 16:55:30,921 INFO Car0 (4, 4)-1.00-251.45 MOVING "Turn to plant[4, 4]."
2019-06-29 16:55:33,403 INFO Car0 (4, 4)-0.99-251.45 WORKING-IRRIGATE "Execute irrigation mission."
2019-06-29 16:55:48,061 INFO Car0 (4, 4)-0.99-251.45 MOVING "Turn back from plant[4, 4]."
2019-06-29 16:55:50,519 INFO Car0 (4, 4)-0.98-251.45 MOVING "Back to the entrance of ravine[4]."
2019-06-29 16:55:51,686 INFO Car0 (4, 0)-0.98-251.45 MOVING "Turn to the ravine channel."
2019-06-29 16:55:54,492 INFO Car0 (4, 0)-0.97-251.45 MOVING "Back to ravine[0]."
2019-06-29 16:55:56,584 INFO Car0 (0, 0)-0.97-251.60 MOVING "Turn into ravine[0]."
2019-06-29 16:55:59,014 WARNING Car0 (0, 0)-0.96-251.60 MOVING "Low battery! Need charging."
2019-06-29 16:55:59,016 ERROR Car0 (0, 0)-0.96-251.60 HANG_UP "Battery runs out."
