2019-05-29 17:13:17 INFO Visual The type of the input£ºcrops
2019-05-29 17:13:24 INFO Visual get image
2019-05-29 17:13:40 INFO Visual The type of the timage is grass
2019-05-29 17:13:53 INFO Visual get image
2019-05-29 17:14:00 INFO Visual The type of the timage is grass
2019-05-29 17:14:16 INFO Visual get image
2019-05-29 17:14:24 INFO Visual The type of the timage is grass
2019-05-29 17:14:38 INFO Visual get image
2019-05-29 17:14:53 INFO Visual The type of the timage is grass
2019-05-29 17:15:06 INFO Visual get image
2019-05-29 17:15:17 INFO Visual The type of the timage is grass
2019-05-29 17:15:26 INFO Visual The accuracy of this plant is  80
2019-05-29 17:15:39 INFO Visual The type of the input£ºcrops
2019-05-29 17:15:52 INFO Visual get image
2019-05-29 17:15:59 INFO Visual The type of the image is crops
2019-05-29 17:16:14 INFO Visual get image
2019-05-29 17:16:27 INFO Visual The type of the image is crops
2019-05-29 17:16:36 INFO Visual get image
2019-05-29 17:16:45 INFO Visual The type of the image is crops
2019-05-29 17:16:58 INFO Visual get image
2019-05-29 17:17:14 INFO Visual The type of the image is crops
2019-05-29 17:17:27 INFO Visual get image
2019-05-29 17:17:41 INFO Visual The type of the image is crops
2019-05-29 17:17:52 INFO Visual The accuracy of this plant is  84
2019-05-29 17:18:03 INFO Visual The type of the input£ºcrops
2019-05-29 17:18:17 INFO Visual get image
2019-05-29 17:18:24 INFO Visual The type of the image is crops
2019-05-29 17:18:31 INFO Visual get image
2019-05-29 17:18:45 INFO Visual The type of the image is crops
2019-05-29 17:18:53 INFO Visual get image
2019-05-29 17:19:00 INFO Visual The type of the image is crops
2019-05-29 17:19:11 INFO Visual get image
2019-05-29 17:19:23 INFO Visual The type of the image is crops
2019-05-29 17:19:33 INFO Visual get image
2019-05-29 17:19:40 INFO Visual The type of the image is crops
2019-05-29 17:19:54 INFO Visual The accuracy of this plant is  80
2019-05-29 17:20:04 INFO Visual The type of the input£ºcrops
2019-05-29 17:20:12 INFO Visual get image
2019-05-29 17:20:28 INFO Visual The type of the image is crops
2019-05-29 17:20:45 INFO Visual get image
2019-05-29 17:20:52 INFO Visual The type of the image is crops
2019-05-29 17:21:06 INFO Visual get image
2019-05-29 17:21:19 INFO Visual The type of the image is crops
2019-05-29 17:21:36 INFO Visual get image
2019-05-29 17:21:44 INFO Visual The type of the image is crops
2019-05-29 17:21:57 INFO Visual get image
2019-05-29 17:22:12 INFO Visual The type of the image is crops
2019-05-29 17:22:24 INFO Visual The accuracy of this plant is  84
2019-05-29 17:22:35 INFO Visual The type of the input£ºcrops
2019-05-29 17:22:43 INFO Visual get image
2019-05-29 17:22:53 INFO Visual The type of the image is crops
2019-05-29 17:23:04 INFO Visual get image
2019-05-29 17:23:21 INFO Visual The type of the image is crops
2019-05-29 17:23:28 INFO Visual get image
2019-05-29 17:23:40 INFO Visual The type of the image is crops
2019-05-29 17:23:50 INFO Visual get image
2019-05-29 17:23:57 INFO Visual The type of the image is crops
2019-05-29 17:24:12 INFO Visual get image
2019-05-29 17:24:19 INFO Visual The type of the image is crops
2019-05-29 17:24:29 INFO Visual The accuracy of this plant is  81
2019-05-29 17:24:42 INFO Visual The type of the input£ºcrops
2019-05-29 17:24:53 INFO Visual get image
2019-05-29 17:25:07 INFO Visual The type of the image is crops
2019-05-29 17:25:18 INFO Visual get image
2019-05-29 17:25:35 INFO Visual The type of the image is crops
2019-05-29 17:25:45 INFO Visual get image
2019-05-29 17:26:01 INFO Visual The type of the image is crops
2019-05-29 17:26:15 INFO Visual get image
2019-05-29 17:26:23 INFO Visual The type of the image is crops
2019-05-29 17:26:36 INFO Visual get image
2019-05-29 17:26:43 INFO Visual The type of the image is crops
2019-05-29 17:26:53 INFO Visual The accuracy of this plant is  76
2019-05-29 17:27:01 INFO Visual The type of the input£ºcrops
2019-05-29 17:27:15 INFO Visual get image
2019-05-29 17:27:28 INFO Visual The type of the image is crops
2019-05-29 17:27:39 INFO Visual get image
2019-05-29 17:27:50 INFO Visual The type of the image is crops
2019-05-29 17:28:02 INFO Visual get image
2019-05-29 17:28:10 INFO Visual The type of the image is crops
2019-05-29 17:28:23 INFO Visual get image
2019-05-29 17:28:35 INFO Visual The type of the image is crops
2019-05-29 17:28:50 INFO Visual get image
2019-05-29 17:29:00 INFO Visual The type of the image is crops
2019-05-29 17:29:17 INFO Visual The accuracy of this plant is  82
2019-05-29 17:29:32 INFO Visual The type of the input£ºcrops
2019-05-29 17:29:39 INFO Visual get image
2019-05-29 17:29:54 INFO Visual The type of the image is crops
2019-05-29 17:30:01 INFO Visual get image
2019-05-29 17:30:15 INFO Visual The type of the image is crops
2019-05-29 17:30:25 INFO Visual get image
2019-05-29 17:30:32 INFO Visual The type of the image is crops
2019-05-29 17:30:40 INFO Visual get image
2019-05-29 17:30:52 INFO Visual The type of the image is crops
2019-05-29 17:30:59 INFO Visual get image
2019-05-29 17:31:09 INFO Visual The type of the image is crops
2019-05-29 17:31:21 INFO Visual The accuracy of this plant is  75
2019-05-29 17:31:32 INFO Visual The type of the input£ºcrops
2019-05-29 17:31:39 INFO Visual get image
2019-05-29 17:31:50 INFO Visual The type of the image is crops
2019-05-29 17:32:03 INFO Visual get image
2019-05-29 17:32:19 INFO Visual The type of the image is crops
2019-05-29 17:32:36 INFO Visual get image
2019-05-29 17:32:47 INFO Visual The type of the image is crops
2019-05-29 17:33:01 INFO Visual get image
2019-05-29 17:33:16 INFO Visual The type of the image is crops
2019-05-29 17:33:28 INFO Visual get image
2019-05-29 17:33:38 INFO Visual The type of the image is crops
2019-05-29 17:33:50 INFO Visual The accuracy of this plant is  81
2019-05-29 17:34:05 INFO Visual The type of the input£ºcrops
2019-05-29 17:34:19 INFO Visual get image
2019-05-29 17:34:26 INFO Visual The type of the image is crops
2019-05-29 17:34:40 INFO Visual get image
2019-05-29 17:34:51 INFO Visual The type of the image is crops
2019-05-29 17:35:03 INFO Visual get image
2019-05-29 17:35:10 INFO Visual The type of the image is crops
2019-05-29 17:35:23 INFO Visual get image
2019-05-29 17:35:37 INFO Visual The type of the image is crops
2019-05-29 17:35:53 INFO Visual get image
2019-05-29 17:36:06 INFO Visual The type of the image is crops
2019-05-29 17:36:14 INFO Visual The accuracy of this plant is  80
2019-05-29 17:36:27 INFO Visual The type of the input£ºcrops
2019-05-29 17:36:37 INFO Visual get image
2019-05-29 17:36:50 INFO Visual The type of the image is crops
2019-05-29 17:36:57 INFO Visual get image
2019-05-29 17:37:11 INFO Visual The type of the image is crops
2019-05-29 17:37:21 INFO Visual get image
2019-05-29 17:37:29 INFO Visual The type of the image is crops
2019-05-29 17:37:38 INFO Visual get image
2019-05-29 17:37:47 INFO Visual The type of the image is crops
2019-05-29 17:37:55 INFO Visual get image
2019-05-29 17:38:11 INFO Visual The type of the image is crops
2019-05-29 17:38:24 INFO Visual The accuracy of this plant is  83
2019-05-29 17:38:40 INFO Visual The type of the input£ºcrops
2019-05-29 17:38:53 INFO Visual get image
2019-05-29 17:39:10 INFO Visual The type of the image is crops
2019-05-29 17:39:24 INFO Visual get image
2019-05-29 17:39:38 INFO Visual The type of the image is crops
2019-05-29 17:39:45 INFO Visual get image
2019-05-29 17:39:55 INFO Visual The type of the image is crops
2019-05-29 17:40:12 INFO Visual get image
2019-05-29 17:40:24 INFO Visual The type of the image is crops
2019-05-29 17:40:31 INFO Visual get image
2019-05-29 17:40:48 INFO Visual The type of the image is crops
2019-05-29 17:40:56 INFO Visual The accuracy of this plant is  78
2019-05-29 17:41:11 INFO Visual The type of the input£ºcrops
2019-05-29 17:41:24 INFO Visual get image
2019-05-29 17:41:38 INFO Visual The type of the image is crops
2019-05-29 17:41:45 INFO Visual get image
2019-05-29 17:41:54 INFO Visual The type of the image is crops
2019-05-29 17:42:02 INFO Visual get image
2019-05-29 17:42:16 INFO Visual The type of the image is crops
2019-05-29 17:42:23 INFO Visual get image
2019-05-29 17:42:33 INFO Visual The type of the image is crops
2019-05-29 17:42:41 INFO Visual get image
2019-05-29 17:42:49 INFO Visual The type of the image is crops
2019-05-29 17:42:56 INFO Visual The accuracy of this plant is  85
2019-05-29 17:43:06 INFO Visual The type of the input£ºcrops
2019-05-29 17:43:14 INFO Visual get image
2019-05-29 17:43:30 INFO Visual The type of the image is crops
2019-05-29 17:43:45 INFO Visual get image
2019-05-29 17:43:55 INFO Visual The type of the image is crops
2019-05-29 17:44:06 INFO Visual get image
2019-05-29 17:44:13 INFO Visual The type of the image is crops
2019-05-29 17:44:20 INFO Visual get image
2019-05-29 17:44:37 INFO Visual The type of the image is crops
2019-05-29 17:44:52 INFO Visual get image
2019-05-29 17:45:09 INFO Visual The type of the image is crops
2019-05-29 17:45:23 INFO Visual The accuracy of this plant is  75
2019-05-29 17:45:30 INFO Visual The type of the input£ºcrops
2019-05-29 17:45:44 INFO Visual get image
2019-05-29 17:45:58 INFO Visual The type of the image is crops
2019-05-29 17:46:11 INFO Visual get image
2019-05-29 17:46:26 INFO Visual The type of the image is crops
2019-05-29 17:46:34 INFO Visual get image
2019-05-29 17:46:44 INFO Visual The type of the image is crops
2019-05-29 17:47:00 INFO Visual get image
2019-05-29 17:47:10 INFO Visual The type of the image is crops
2019-05-29 17:47:21 INFO Visual get image
2019-05-29 17:47:36 INFO Visual The type of the image is crops
2019-05-29 17:47:43 INFO Visual The accuracy of this plant is  81
2019-05-29 17:47:51 INFO Visual The type of the input£ºcrops
2019-05-29 17:48:07 INFO Visual get image
2019-05-29 17:48:16 INFO Visual The type of the image is crops
2019-05-29 17:48:26 INFO Visual get image
2019-05-29 17:48:39 INFO Visual The type of the image is crops
2019-05-29 17:48:51 INFO Visual get image
2019-05-29 17:49:05 INFO Visual The type of the image is crops
2019-05-29 17:49:14 INFO Visual get image
2019-05-29 17:49:26 INFO Visual The type of the image is crops
2019-05-29 17:49:33 INFO Visual get image
2019-05-29 17:49:48 INFO Visual The type of the image is crops
2019-05-29 17:49:56 INFO Visual The accuracy of this plant is  75
2019-05-29 17:50:10 INFO Visual The type of the input£ºcrops
2019-05-29 17:50:19 INFO Visual get image
2019-05-29 17:50:36 INFO Visual The type of the image is crops
2019-05-29 17:50:43 INFO Visual get image
2019-05-29 17:50:54 INFO Visual The type of the image is crops
2019-05-29 17:51:04 INFO Visual get image
2019-05-29 17:51:19 INFO Visual The type of the image is crops
2019-05-29 17:51:27 INFO Visual get image
2019-05-29 17:51:35 INFO Visual The type of the image is crops
2019-05-29 17:51:43 INFO Visual get image
2019-05-29 17:51:54 INFO Visual The type of the image is crops
2019-05-29 17:52:10 INFO Visual The accuracy of this plant is  77
2019-05-29 17:52:20 INFO Visual The type of the input£ºcrops
2019-05-29 17:52:34 INFO Visual get image
2019-05-29 17:52:51 INFO Visual The type of the image is crops
2019-05-29 17:52:58 INFO Visual get image
2019-05-29 17:53:08 INFO Visual The type of the image is crops
2019-05-29 17:53:21 INFO Visual get image
2019-05-29 17:53:37 INFO Visual The type of the image is crops
2019-05-29 17:53:48 INFO Visual get image
2019-05-29 17:53:57 INFO Visual The type of the image is crops
2019-05-29 17:54:08 INFO Visual get image
2019-05-29 17:54:20 INFO Visual The type of the image is crops
2019-05-29 17:54:27 INFO Visual The accuracy of this plant is  76
2019-05-29 17:54:43 INFO Visual The type of the input£ºcrops
2019-05-29 17:54:59 INFO Visual get image
2019-05-29 17:55:07 INFO Visual The type of the image is crops
2019-05-29 17:55:23 INFO Visual get image
2019-05-29 17:55:30 INFO Visual The type of the image is crops
2019-05-29 17:55:47 INFO Visual get image
2019-05-29 17:55:59 INFO Visual The type of the image is crops
2019-05-29 17:56:16 INFO Visual get image
2019-05-29 17:56:25 INFO Visual The type of the image is crops
2019-05-29 17:56:36 INFO Visual get image
2019-05-29 17:56:46 INFO Visual The type of the image is crops
2019-05-29 17:57:03 INFO Visual The accuracy of this plant is  82
2019-05-29 17:57:16 INFO Visual The type of the input£ºcrops
2019-05-29 17:57:26 INFO Visual get image
2019-05-29 17:57:42 INFO Visual The type of the image is crops
2019-05-29 17:57:59 INFO Visual get image
2019-05-29 17:58:15 INFO Visual The type of the image is crops
2019-05-29 17:58:24 INFO Visual get image
2019-05-29 17:58:39 INFO Visual The type of the image is crops
2019-05-29 17:58:47 INFO Visual get image
2019-05-29 17:58:56 INFO Visual The type of the image is crops
2019-05-29 17:59:06 INFO Visual get image
2019-05-29 17:59:23 INFO Visual The type of the image is crops
2019-05-29 17:59:37 INFO Visual The accuracy of this plant is  76
2019-05-29 17:59:46 INFO Visual The type of the input£ºcrops
2019-05-29 17:59:56 INFO Visual get image
2019-05-29 18:00:11 INFO Visual The type of the image is crops
2019-05-29 18:00:18 INFO Visual get image
2019-05-29 18:00:25 INFO Visual The type of the image is crops
2019-05-29 18:00:37 INFO Visual get image
2019-05-29 18:00:52 INFO Visual The type of the image is crops
2019-05-29 18:01:00 INFO Visual get image
2019-05-29 18:01:09 INFO Visual The type of the image is crops
2019-05-29 18:01:18 INFO Visual get image
2019-05-29 18:01:26 INFO Visual The type of the image is crops
2019-05-29 18:01:37 INFO Visual The accuracy of this plant is  79
2019-05-29 18:01:48 INFO Visual The type of the input£ºcrops
2019-05-29 18:01:57 INFO Visual get image
2019-05-29 18:02:11 INFO Visual The type of the image is crops
2019-05-29 18:02:20 INFO Visual get image
2019-05-29 18:02:36 INFO Visual The type of the image is crops
2019-05-29 18:02:49 INFO Visual get image
2019-05-29 18:03:01 INFO Visual The type of the image is crops
2019-05-29 18:03:18 INFO Visual get image
2019-05-29 18:03:32 INFO Visual The type of the image is crops
2019-05-29 18:03:40 INFO Visual get image
2019-05-29 18:03:47 INFO Visual The type of the image is crops
2019-05-29 18:03:54 INFO Visual The accuracy of this plant is  84
2019-05-29 18:04:04 INFO Visual The type of the input£ºcrops
2019-05-29 18:04:15 INFO Visual get image
2019-05-29 18:04:32 INFO Visual The type of the image is crops
2019-05-29 18:04:45 INFO Visual get image
2019-05-29 18:04:56 INFO Visual The type of the image is crops
2019-05-29 18:05:07 INFO Visual get image
2019-05-29 18:05:24 INFO Visual The type of the image is crops
2019-05-29 18:05:41 INFO Visual get image
2019-05-29 18:05:53 INFO Visual The type of the image is crops
2019-05-29 18:06:07 INFO Visual get image
2019-05-29 18:06:23 INFO Visual The type of the image is crops
2019-05-29 18:06:30 INFO Visual The accuracy of this plant is  75
2019-05-29 18:06:37 INFO Visual The type of the input£ºcrops
2019-05-29 18:06:49 INFO Visual get image
2019-05-29 18:06:59 INFO Visual The type of the image is crops
2019-05-29 18:07:06 INFO Visual get image
2019-05-29 18:07:22 INFO Visual The type of the image is crops
2019-05-29 18:07:29 INFO Visual get image
2019-05-29 18:07:43 INFO Visual The type of the image is crops
2019-05-29 18:07:51 INFO Visual get image
2019-05-29 18:08:02 INFO Visual The type of the image is crops
2019-05-29 18:08:13 INFO Visual get image
2019-05-29 18:08:21 INFO Visual The type of the image is crops
2019-05-29 18:08:37 INFO Visual The accuracy of this plant is  75
2019-05-29 18:08:53 INFO Visual The type of the input£ºcrops
2019-05-29 18:09:06 INFO Visual get image
2019-05-29 18:09:19 INFO Visual The type of the image is crops
2019-05-29 18:09:29 INFO Visual get image
2019-05-29 18:09:36 INFO Visual The type of the image is crops
2019-05-29 18:09:49 INFO Visual get image
2019-05-29 18:09:58 INFO Visual The type of the image is crops
2019-05-29 18:10:12 INFO Visual get image
2019-05-29 18:10:19 INFO Visual The type of the image is crops
2019-05-29 18:10:26 INFO Visual get image
2019-05-29 18:10:41 INFO Visual The type of the image is crops
2019-05-29 18:10:50 INFO Visual The accuracy of this plant is  81
2019-05-29 18:11:04 INFO Visual The type of the input£ºgrass
2019-05-29 18:11:19 INFO Visual get image
2019-05-29 18:11:27 INFO Visual The type of the timage is grass
2019-05-29 18:11:34 INFO Visual get image
2019-05-29 18:11:45 INFO Visual The type of the timage is grass
2019-05-29 18:11:58 INFO Visual get image
2019-05-29 18:12:07 INFO Visual The type of the timage is grass
2019-05-29 18:12:19 INFO Visual get image
2019-05-29 18:12:29 INFO Visual The type of the timage is grass
2019-05-29 18:12:36 INFO Visual get image
2019-05-29 18:12:49 INFO Visual The type of the timage is grass
2019-05-29 18:13:01 INFO Visual The accuracy of this plant is  79
2019-05-29 18:13:09 INFO Visual The type of the input£ºgrass
2019-05-29 18:13:25 INFO Visual get image
2019-05-29 18:13:32 INFO Visual The type of the timage is grass
2019-05-29 18:13:40 INFO Visual get image
2019-05-29 18:13:50 INFO Visual The type of the timage is grass
2019-05-29 18:13:57 INFO Visual get image
2019-05-29 18:14:04 INFO Visual The type of the timage is grass
2019-05-29 18:14:11 INFO Visual get image
2019-05-29 18:14:26 INFO Visual The type of the timage is grass
2019-05-29 18:14:34 INFO Visual get image
2019-05-29 18:14:49 INFO Visual The type of the timage is grass
2019-05-29 18:15:00 INFO Visual The accuracy of this plant is  78
2019-05-29 18:15:11 INFO Visual The type of the input£ºgrass
2019-05-29 18:15:23 INFO Visual get image
2019-05-29 18:15:40 INFO Visual The type of the timage is grass
2019-05-29 18:15:47 INFO Visual get image
2019-05-29 18:15:57 INFO Visual The type of the timage is grass
2019-05-29 18:16:12 INFO Visual get image
2019-05-29 18:16:23 INFO Visual The type of the timage is grass
2019-05-29 18:16:35 INFO Visual get image
2019-05-29 18:16:44 INFO Visual The type of the timage is grass
2019-05-29 18:16:59 INFO Visual get image
2019-05-29 18:17:15 INFO Visual The type of the timage is grass
2019-05-29 18:17:28 INFO Visual The accuracy of this plant is  78
2019-05-29 18:17:36 INFO Visual The type of the input£ºgrass
2019-05-29 18:17:46 INFO Visual get image
2019-05-29 18:18:01 INFO Visual The type of the timage is grass
2019-05-29 18:18:08 INFO Visual get image
2019-05-29 18:18:17 INFO Visual The type of the timage is grass
2019-05-29 18:18:27 INFO Visual get image
2019-05-29 18:18:44 INFO Visual The type of the timage is grass
2019-05-29 18:18:51 INFO Visual get image
2019-05-29 18:19:08 INFO Visual The type of the timage is grass
2019-05-29 18:19:17 INFO Visual get image
2019-05-29 18:19:31 INFO Visual The type of the timage is grass
2019-05-29 18:19:40 INFO Visual The accuracy of this plant is  77
2019-05-29 18:19:50 INFO Visual The type of the input£ºgrass
2019-05-29 18:20:02 INFO Visual get image
2019-05-29 18:20:17 INFO Visual The type of the timage is grass
2019-05-29 18:20:30 INFO Visual get image
2019-05-29 18:20:45 INFO Visual The type of the timage is grass
2019-05-29 18:21:00 INFO Visual get image
2019-05-29 18:21:13 INFO Visual The type of the timage is grass
2019-05-29 18:21:23 INFO Visual get image
2019-05-29 18:21:36 INFO Visual The type of the timage is grass
2019-05-29 18:21:43 INFO Visual get image
2019-05-29 18:21:56 INFO Visual The type of the timage is grass
2019-05-29 18:22:07 INFO Visual The accuracy of this plant is  77
2019-05-29 18:22:17 INFO Visual The type of the input£ºgrass
2019-05-29 18:22:26 INFO Visual get image
2019-05-29 18:22:33 INFO Visual The type of the timage is grass
2019-05-29 18:22:44 INFO Visual get image
2019-05-29 18:23:01 INFO Visual The type of the timage is grass
2019-05-29 18:23:13 INFO Visual get image
2019-05-29 18:23:28 INFO Visual The type of the timage is grass
2019-05-29 18:23:45 INFO Visual get image
2019-05-29 18:23:54 INFO Visual The type of the timage is grass
2019-05-29 18:24:08 INFO Visual get image
2019-05-29 18:24:20 INFO Visual The type of the timage is grass
2019-05-29 18:24:30 INFO Visual The accuracy of this plant is  80
2019-05-29 18:24:42 INFO Visual The type of the input£ºgrass
2019-05-29 18:24:58 INFO Visual get image
2019-05-29 18:25:08 INFO Visual The type of the timage is grass
2019-05-29 18:25:24 INFO Visual get image
2019-05-29 18:25:31 INFO Visual The type of the timage is grass
2019-05-29 18:25:40 INFO Visual get image
2019-05-29 18:25:57 INFO Visual The type of the timage is grass
2019-05-29 18:26:11 INFO Visual get image
2019-05-29 18:26:25 INFO Visual The type of the timage is grass
2019-05-29 18:26:41 INFO Visual get image
2019-05-29 18:26:58 INFO Visual The type of the timage is grass
2019-05-29 18:27:12 INFO Visual The accuracy of this plant is  76
2019-05-29 18:27:28 INFO Visual The type of the input£ºgrass
2019-05-29 18:27:45 INFO Visual get image
2019-05-29 18:27:59 INFO Visual The type of the timage is grass
2019-05-29 18:28:14 INFO Visual get image
2019-05-29 18:28:31 INFO Visual The type of the timage is grass
2019-05-29 18:28:42 INFO Visual get image
2019-05-29 18:28:50 INFO Visual The type of the timage is grass
2019-05-29 18:29:07 INFO Visual get image
2019-05-29 18:29:16 INFO Visual The type of the timage is grass
2019-05-29 18:29:25 INFO Visual get image
2019-05-29 18:29:37 INFO Visual The type of the timage is grass
2019-05-29 18:29:51 INFO Visual The accuracy of this plant is  78
2019-05-29 18:29:59 INFO Visual The type of the input£ºgrass
2019-05-29 18:30:10 INFO Visual get image
2019-05-29 18:30:19 INFO Visual The type of the image is crops
2019-05-29 18:30:34 INFO Visual get image
2019-05-29 18:30:45 INFO Visual The type of the image is crops
2019-05-29 18:30:58 INFO Visual get image
2019-05-29 18:31:11 INFO Visual The type of the image is crops
2019-05-29 18:31:28 INFO Visual get image
2019-05-29 18:31:40 INFO Visual The type of the image is crops
2019-05-29 18:31:47 INFO Visual get image
2019-05-29 18:31:54 INFO Visual The type of the image is crops
2019-05-29 18:32:01 INFO Visual The accuracy of this plant is  75
2019-05-29 18:32:18 INFO Visual The type of the input£ºgrass
2019-05-29 18:32:32 INFO Visual get image
2019-05-29 18:32:42 INFO Visual The type of the image is crops
2019-05-29 18:32:59 INFO Visual get image
2019-05-29 18:33:16 INFO Visual The type of the image is crops
2019-05-29 18:33:33 INFO Visual get image
2019-05-29 18:33:46 INFO Visual The type of the image is crops
2019-05-29 18:34:01 INFO Visual get image
2019-05-29 18:34:16 INFO Visual The type of the image is crops
2019-05-29 18:34:30 INFO Visual get image
2019-05-29 18:34:37 INFO Visual The type of the image is crops
2019-05-29 18:34:54 INFO Visual The accuracy of this plant is  78
2019-05-29 18:35:11 INFO Visual The total accuracy of this plant is  76
